Using pre-set license
Built from '6000.0/release' branch; Version is '6000.0.35f1 (9a3bc604008a) revision 10107846'; Using compiler version '193933523'; Build Type 'Release'
OS: 'Windows 10  (10.0.19045) 64bit Professional' Language: 'zh' Physical Memory: 81729 MB
BatchMode: 1, IsHumanControllingUs: 0, StartBugReporterOnCrash: 0, Is64bit: 1, IsPro: 1

COMMAND LINE ARGUMENTS:
E:\WorkSoftwares\Unity\6000.0.35f1\Editor\Unity.exe
-adb2
-batchMode
-noUpm
-name
AssetImportWorker8
-projectPath
F:/WorkSpace/Unity_Projects/Outsourcing1/FeatherLandNew
-logFile
Logs/AssetImportWorker8.log
-srvPort
54915
-job-worker-count
9
-background-job-worker-count
8
-gc-helper-count
1
Successfully changed project path to: F:/WorkSpace/Unity_Projects/Outsourcing1/FeatherLandNew
F:/WorkSpace/Unity_Projects/Outsourcing1/FeatherLandNew
[UnityMemory] Configuration Parameters - Can be set up in boot.config
    "memorysetup-bucket-allocator-granularity=16"
    "memorysetup-bucket-allocator-bucket-count=8"
    "memorysetup-bucket-allocator-block-size=33554432"
    "memorysetup-bucket-allocator-block-count=8"
    "memorysetup-main-allocator-block-size=16777216"
    "memorysetup-thread-allocator-block-size=16777216"
    "memorysetup-gfx-main-allocator-block-size=16777216"
    "memorysetup-gfx-thread-allocator-block-size=16777216"
    "memorysetup-cache-allocator-block-size=4194304"
    "memorysetup-typetree-allocator-block-size=2097152"
    "memorysetup-profiler-bucket-allocator-granularity=16"
    "memorysetup-profiler-bucket-allocator-bucket-count=8"
    "memorysetup-profiler-bucket-allocator-block-size=33554432"
    "memorysetup-profiler-bucket-allocator-block-count=8"
    "memorysetup-profiler-allocator-block-size=16777216"
    "memorysetup-profiler-editor-allocator-block-size=1048576"
    "memorysetup-temp-allocator-size-main=16777216"
    "memorysetup-job-temp-allocator-block-size=2097152"
    "memorysetup-job-temp-allocator-block-size-background=1048576"
    "memorysetup-job-temp-allocator-reduction-small-platforms=262144"
    "memorysetup-allocator-temp-initial-block-size-main=262144"
    "memorysetup-allocator-temp-initial-block-size-worker=262144"
    "memorysetup-temp-allocator-size-background-worker=32768"
    "memorysetup-temp-allocator-size-job-worker=262144"
    "memorysetup-temp-allocator-size-preload-manager=33554432"
    "memorysetup-temp-allocator-size-nav-mesh-worker=65536"
    "memorysetup-temp-allocator-size-audio-worker=65536"
    "memorysetup-temp-allocator-size-cloud-worker=32768"
    "memorysetup-temp-allocator-size-gi-baking-worker=262144"
    "memorysetup-temp-allocator-size-gi-baking-worker=262144"
    "memorysetup-temp-allocator-size-gi-baking-worker=262144"
    "memorysetup-temp-allocator-size-gi-baking-worker=262144"
    "memorysetup-temp-allocator-size-gi-baking-worker=262144"
    "memorysetup-temp-allocator-size-gfx=262144"
Player connection [47924]  Target information:

Player connection [47924]  * "[IP] 192.168.2.76 [Port] 0 [Flags] 2 [Guid] 2238848299 [EditorId] 2238848299 [Version] 1048832 [Id] WindowsEditor(7,wkk) [Debug] 1 [PackageName] WindowsEditor [ProjectName] Editor" 

Player connection [47924]  * "[IP] 172.18.0.1 [Port] 0 [Flags] 2 [Guid] 2238848299 [EditorId] 2238848299 [Version] 1048832 [Id] WindowsEditor(7,wkk) [Debug] 1 [PackageName] WindowsEditor [ProjectName] Editor" 

Player connection [47924] Host joined multi-casting on [225.0.0.222:54997]...
Player connection [47924] Host joined alternative multi-casting on [225.0.0.222:34997]...
JobSystem: Creating JobQueue using job-worker-count value 9
Input System module state changed to: Initialized.
[Physics::Module] Initialized fallback backend.
[Physics::Module] Id: 0xdecafbad
Library Redirect Path: Library/
[Physics::Module] Selected backend.
[Physics::Module] Name: PhysX
[Physics::Module] Id: 0xf2b8ea05
[Physics::Module] SDK Version: 4.1.2
[Physics::Module] Integration Version: 1.0.0
[Physics::Module] Threading Mode: Multi-Threaded
Refreshing native plugins compatible for Editor in 3.18 ms, found 4 plugins.
Preloading 0 native plugins for Editor in 0.00 ms.
Initialize engine version: 6000.0.35f1 (9a3bc604008a)
[Subsystems] Discovering subsystems at path E:/WorkSoftwares/Unity/6000.0.35f1/Editor/Data/Resources/UnitySubsystems
[Subsystems] Discovering subsystems at path F:/WorkSpace/Unity_Projects/Outsourcing1/FeatherLandNew/Assets
GfxDevice: creating device client; kGfxThreadingModeNonThreaded
Direct3D:
    Version:  Direct3D 11.0 [level 11.1]
    Renderer: NVIDIA GeForce RTX 4070 (ID=0x2786)
    Vendor:   NVIDIA
    VRAM:     12011 MB
    Driver:   32.0.15.7652
Initialize mono
Mono path[0] = 'E:/WorkSoftwares/Unity/6000.0.35f1/Editor/Data/Managed'
Mono path[1] = 'E:/WorkSoftwares/Unity/6000.0.35f1/Editor/Data/MonoBleedingEdge/lib/mono/unityjit-win32'
Mono config path = 'E:/WorkSoftwares/Unity/6000.0.35f1/Editor/Data/MonoBleedingEdge/etc'
Using monoOptions --debugger-agent=transport=dt_socket,embedding=1,server=y,suspend=n,address=127.0.0.1:56984
Begin MonoManager ReloadAssembly
Registering precompiled unity dll's ...
Register platform support module: E:/WorkSoftwares/Unity/6000.0.35f1/Editor/Data/PlaybackEngines/WindowsStandaloneSupport/UnityEditor.WindowsStandalone.Extensions.dll
Register platform support module: E:/WorkSoftwares/Unity/6000.0.35f1/Editor/Data/PlaybackEngines/iOSSupport/UnityEditor.iOS.Extensions.dll
Registered in 0.004795 seconds.
- Loaded All Assemblies, in  0.439 seconds
[usbmuxd] Start listen thread
[usbmuxd] Listen thread started
Native extension for iOS target not found
Native extension for WindowsStandalone target not found
Mono: successfully reloaded assembly
- Finished resetting the current domain, in  0.480 seconds
Domain Reload Profiling: 918ms
	BeginReloadAssembly (159ms)
		ExecutionOrderSort (0ms)
		DisableScriptedObjects (0ms)
		BackupInstance (0ms)
		ReleaseScriptingObjects (0ms)
		CreateAndSetChildDomain (1ms)
	RebuildCommonClasses (44ms)
	RebuildNativeTypeToScriptingClass (14ms)
	initialDomainReloadingComplete (53ms)
	LoadAllAssembliesAndSetupDomain (167ms)
		LoadAssemblies (155ms)
		RebuildTransferFunctionScriptingTraits (0ms)
		AnalyzeDomain (164ms)
			TypeCache.Refresh (162ms)
				TypeCache.ScanAssembly (147ms)
			BuildScriptInfoCaches (0ms)
			ResolveRequiredComponents (1ms)
	FinalizeReload (481ms)
		ReleaseScriptCaches (0ms)
		RebuildScriptCaches (0ms)
		SetupLoadedEditorAssemblies (423ms)
			LogAssemblyErrors (0ms)
			InitializePlatformSupportModulesInManaged (69ms)
			SetLoadedEditorAssemblies (5ms)
			BeforeProcessingInitializeOnLoad (66ms)
			ProcessInitializeOnLoadAttributes (215ms)
			ProcessInitializeOnLoadMethodAttributes (69ms)
			AfterProcessingInitializeOnLoad (0ms)
			EditorAssembliesLoaded (0ms)
		ExecutionOrderSort2 (0ms)
		AwakeInstancesAfterBackupRestoration (0ms)
========================================================================
Worker process is ready to serve import requests
Import Worker Mode flag is 0x00
Begin MonoManager ReloadAssembly
- Loaded All Assemblies, in  1.059 seconds
Refreshing native plugins compatible for Editor in 1.93 ms, found 4 plugins.
Native extension for iOS target not found
Native extension for WindowsStandalone target not found
Mono: successfully reloaded assembly
- Finished resetting the current domain, in  1.543 seconds
Domain Reload Profiling: 2597ms
	BeginReloadAssembly (194ms)
		ExecutionOrderSort (0ms)
		DisableScriptedObjects (7ms)
		BackupInstance (0ms)
		ReleaseScriptingObjects (0ms)
		CreateAndSetChildDomain (35ms)
	RebuildCommonClasses (38ms)
	RebuildNativeTypeToScriptingClass (13ms)
	initialDomainReloadingComplete (44ms)
	LoadAllAssembliesAndSetupDomain (764ms)
		LoadAssemblies (533ms)
		RebuildTransferFunctionScriptingTraits (0ms)
		AnalyzeDomain (346ms)
			TypeCache.Refresh (244ms)
				TypeCache.ScanAssembly (223ms)
			BuildScriptInfoCaches (85ms)
			ResolveRequiredComponents (14ms)
	FinalizeReload (1544ms)
		ReleaseScriptCaches (0ms)
		RebuildScriptCaches (0ms)
		SetupLoadedEditorAssemblies (1375ms)
			LogAssemblyErrors (0ms)
			InitializePlatformSupportModulesInManaged (14ms)
			SetLoadedEditorAssemblies (6ms)
			BeforeProcessingInitializeOnLoad (215ms)
			ProcessInitializeOnLoadAttributes (991ms)
			ProcessInitializeOnLoadMethodAttributes (144ms)
			AfterProcessingInitializeOnLoad (5ms)
			EditorAssembliesLoaded (0ms)
		ExecutionOrderSort2 (0ms)
		AwakeInstancesAfterBackupRestoration (7ms)
Launched and connected shader compiler UnityShaderCompiler.exe after 0.02 seconds
Refreshing native plugins compatible for Editor in 2.42 ms, found 4 plugins.
Preloading 0 native plugins for Editor in 0.00 ms.
Unloading 239 Unused Serialized files (Serialized files now loaded: 0)
Unloading 7371 unused Assets / (5.0 MB). Loaded Objects now: 8160.
Memory consumption went from 193.6 MB to 188.6 MB.
Total: 28.436700 ms (FindLiveObjects: 0.993300 ms CreateObjectMapping: 0.481200 ms MarkObjects: 23.606200 ms  DeleteObjects: 3.354500 ms)

========================================================================
Received Import Request.
  Time since last request: 404391.672130 seconds.
  path: Assets/FeatherLandAllBird/鹦鹉001RE(1)/鹦鹉001RE/走路序列帧/001_002.png
  artifactKey: Guid(0797569351d575f41aca88fd7ea2db06) Importer(815301076,1909f56bfc062723c751e8b465ee728b)
Start importing Assets/FeatherLandAllBird/鹦鹉001RE(1)/鹦鹉001RE/走路序列帧/001_002.png using Guid(0797569351d575f41aca88fd7ea2db06) Importer(815301076,1909f56bfc062723c751e8b465ee728b) (PreviewImporter) -> (artifact id: '96e3b42c61b54f7e2ddbd26bb4bd7d78') in 0.0858495 seconds
Number of updated asset objects reloaded before import = 0Number of asset objects unloaded after import = 3

========================================================================
Received Import Request.
  Time since last request: 0.000026 seconds.
  path: Assets/FeatherLandAllBird/鹦鹉001RE(1)/鹦鹉001RE/走路序列帧/001_004.png
  artifactKey: Guid(2be42fb88c7c1554194509f6512c374a) Importer(815301076,1909f56bfc062723c751e8b465ee728b)
Start importing Assets/FeatherLandAllBird/鹦鹉001RE(1)/鹦鹉001RE/走路序列帧/001_004.png using Guid(2be42fb88c7c1554194509f6512c374a) Importer(815301076,1909f56bfc062723c751e8b465ee728b) (PreviewImporter) -> (artifact id: 'a38f02ae4272c0a4ecfbaca61b798953') in 0.0136466 seconds
Number of updated asset objects reloaded before import = 0Number of asset objects unloaded after import = 3

========================================================================
Received Import Request.
  Time since last request: 0.082527 seconds.
  path: Assets/FeatherLandAllBird/鹦鹉001RE(1)/鹦鹉001RE/走路序列帧/001_006.png
  artifactKey: Guid(3c4fa349935e15643805742d5cbd9c39) Importer(815301076,1909f56bfc062723c751e8b465ee728b)
Start importing Assets/FeatherLandAllBird/鹦鹉001RE(1)/鹦鹉001RE/走路序列帧/001_006.png using Guid(3c4fa349935e15643805742d5cbd9c39) Importer(815301076,1909f56bfc062723c751e8b465ee728b) (PreviewImporter) -> (artifact id: '5f1e2f10e66240892cc06af0e3cbc430') in 0.0106901 seconds
Number of updated asset objects reloaded before import = 0Number of asset objects unloaded after import = 3

========================================================================
Received Import Request.
  Time since last request: 0.000019 seconds.
  path: Assets/FeatherLandAllBird/鹦鹉001RE(1)/鹦鹉001RE/走路序列帧/001_012.png
  artifactKey: Guid(c4b6bd0a9f1ba6a46bd1bde6476f6062) Importer(815301076,1909f56bfc062723c751e8b465ee728b)
Start importing Assets/FeatherLandAllBird/鹦鹉001RE(1)/鹦鹉001RE/走路序列帧/001_012.png using Guid(c4b6bd0a9f1ba6a46bd1bde6476f6062) Importer(815301076,1909f56bfc062723c751e8b465ee728b) (PreviewImporter) -> (artifact id: 'cfbad6d88c875473aacd5b4705edaba0') in 0.0097745 seconds
Number of updated asset objects reloaded before import = 0Number of asset objects unloaded after import = 3

========================================================================
Received Import Request.
  Time since last request: 0.000014 seconds.
  path: Assets/FeatherLandAllBird/鹦鹉001RE(1)/鹦鹉001RE/走路序列帧/001_009.png
  artifactKey: Guid(633027b238e57a84a8ab3f97f55ba4fd) Importer(815301076,1909f56bfc062723c751e8b465ee728b)
Start importing Assets/FeatherLandAllBird/鹦鹉001RE(1)/鹦鹉001RE/走路序列帧/001_009.png using Guid(633027b238e57a84a8ab3f97f55ba4fd) Importer(815301076,1909f56bfc062723c751e8b465ee728b) (PreviewImporter) -> (artifact id: 'ec8baa2d8386e5df30e0324841eff915') in 0.0089922 seconds
Number of updated asset objects reloaded before import = 0Number of asset objects unloaded after import = 3

========================================================================
Received Import Request.
  Time since last request: 0.000014 seconds.
  path: Assets/FeatherLandAllBird/鹦鹉001RE(1)/鹦鹉001RE/走路序列帧/001_010.png
  artifactKey: Guid(edcba1475897f2a4f9ebc74744bf3c4f) Importer(815301076,1909f56bfc062723c751e8b465ee728b)
Start importing Assets/FeatherLandAllBird/鹦鹉001RE(1)/鹦鹉001RE/走路序列帧/001_010.png using Guid(edcba1475897f2a4f9ebc74744bf3c4f) Importer(815301076,1909f56bfc062723c751e8b465ee728b) (PreviewImporter) -> (artifact id: '770b0cdfc5f55fb34330afbcdeebca21') in 0.0087146 seconds
Number of updated asset objects reloaded before import = 0Number of asset objects unloaded after import = 3

Editor requested this worker to shutdown with reason: Scaling down because of idle timeout
AssetImportWorker is now disconnected from the server
Process exiting
Exiting without the bug reporter. Application will terminate with return code 0