Using pre-set license
Built from '6000.0/release' branch; Version is '6000.0.35f1 (9a3bc604008a) revision 10107846'; Using compiler version '193933523'; Build Type 'Release'
OS: 'Windows 11  (10.0.26100) 64bit CoreCountrySpecific' Language: 'zh' Physical Memory: 65206 MB
BatchMode: 1, IsHumanControllingUs: 0, StartBugReporterOnCrash: 0, Is64bit: 1, IsPro: 1

COMMAND LINE ARGUMENTS:
D:\unity\6000.0.35f1\Editor\Unity.exe
-adb2
-batchMode
-noUpm
-name
AssetImportWorker0
-projectPath
D:/unity/FetaherLand6.23/FeatherLandNew
-logFile
Logs/AssetImportWorker0.log
-srvPort
53406
-job-worker-count
9
-background-job-worker-count
8
-gc-helper-count
1
Successfully changed project path to: D:/unity/FetaherLand6.23/FeatherLandNew
D:/unity/FetaherLand6.23/FeatherLandNew
[UnityMemory] Configuration Parameters - Can be set up in boot.config
    "memorysetup-bucket-allocator-granularity=16"
    "memorysetup-bucket-allocator-bucket-count=8"
    "memorysetup-bucket-allocator-block-size=33554432"
    "memorysetup-bucket-allocator-block-count=8"
    "memorysetup-main-allocator-block-size=16777216"
    "memorysetup-thread-allocator-block-size=16777216"
    "memorysetup-gfx-main-allocator-block-size=16777216"
    "memorysetup-gfx-thread-allocator-block-size=16777216"
    "memorysetup-cache-allocator-block-size=4194304"
    "memorysetup-typetree-allocator-block-size=2097152"
    "memorysetup-profiler-bucket-allocator-granularity=16"
    "memorysetup-profiler-bucket-allocator-bucket-count=8"
    "memorysetup-profiler-bucket-allocator-block-size=33554432"
    "memorysetup-profiler-bucket-allocator-block-count=8"
    "memorysetup-profiler-allocator-block-size=16777216"
    "memorysetup-profiler-editor-allocator-block-size=1048576"
    "memorysetup-temp-allocator-size-main=16777216"
    "memorysetup-job-temp-allocator-block-size=2097152"
    "memorysetup-job-temp-allocator-block-size-background=1048576"
    "memorysetup-job-temp-allocator-reduction-small-platforms=262144"
    "memorysetup-allocator-temp-initial-block-size-main=262144"
    "memorysetup-allocator-temp-initial-block-size-worker=262144"
    "memorysetup-temp-allocator-size-background-worker=32768"
    "memorysetup-temp-allocator-size-job-worker=262144"
    "memorysetup-temp-allocator-size-preload-manager=33554432"
    "memorysetup-temp-allocator-size-nav-mesh-worker=65536"
    "memorysetup-temp-allocator-size-audio-worker=65536"
    "memorysetup-temp-allocator-size-cloud-worker=32768"
    "memorysetup-temp-allocator-size-gi-baking-worker=262144"
    "memorysetup-temp-allocator-size-gi-baking-worker=262144"
    "memorysetup-temp-allocator-size-gi-baking-worker=262144"
    "memorysetup-temp-allocator-size-gi-baking-worker=262144"
    "memorysetup-temp-allocator-size-gi-baking-worker=262144"
    "memorysetup-temp-allocator-size-gfx=262144"
Player connection [106676]  Target information:

Player connection [106676]  * "[IP] 192.168.1.250 [Port] 0 [Flags] 2 [Guid] 3870101261 [EditorId] 3870101261 [Version] 1048832 [Id] WindowsEditor(7,神罗天征) [Debug] 1 [PackageName] WindowsEditor [ProjectName] Editor" 

Player connection [106676] Host joined multi-casting on [225.0.0.222:54997]...
Player connection [106676] Host joined alternative multi-casting on [225.0.0.222:34997]...
JobSystem: Creating JobQueue using job-worker-count value 9
Input System module state changed to: Initialized.
[Physics::Module] Initialized fallback backend.
[Physics::Module] Id: 0xdecafbad
Library Redirect Path: Library/
[Physics::Module] Selected backend.
[Physics::Module] Name: PhysX
[Physics::Module] Id: 0xf2b8ea05
[Physics::Module] SDK Version: 4.1.2
[Physics::Module] Integration Version: 1.0.0
[Physics::Module] Threading Mode: Multi-Threaded
Refreshing native plugins compatible for Editor in 3.91 ms, found 4 plugins.
Preloading 0 native plugins for Editor in 0.00 ms.
Initialize engine version: 6000.0.35f1 (9a3bc604008a)
[Subsystems] Discovering subsystems at path D:/unity/6000.0.35f1/Editor/Data/Resources/UnitySubsystems
[Subsystems] Discovering subsystems at path D:/unity/FetaherLand6.23/FeatherLandNew/Assets
GfxDevice: creating device client; kGfxThreadingModeNonThreaded
Direct3D:
    Version:  Direct3D 11.0 [level 11.1]
    Renderer: NVIDIA GeForce RTX 3080 Ti Laptop GPU (ID=0x2460)
    Vendor:   NVIDIA
    VRAM:     16175 MB
    Driver:   32.0.15.6641
Initialize mono
Mono path[0] = 'D:/unity/6000.0.35f1/Editor/Data/Managed'
Mono path[1] = 'D:/unity/6000.0.35f1/Editor/Data/MonoBleedingEdge/lib/mono/unityjit-win32'
Mono config path = 'D:/unity/6000.0.35f1/Editor/Data/MonoBleedingEdge/etc'
Using monoOptions --debugger-agent=transport=dt_socket,embedding=1,server=y,suspend=n,address=127.0.0.1:56772
Begin MonoManager ReloadAssembly
Registering precompiled unity dll's ...
Register platform support module: D:/unity/6000.0.35f1/Editor/Data/PlaybackEngines/WindowsStandaloneSupport/UnityEditor.WindowsStandalone.Extensions.dll
Registered in 0.001620 seconds.
- Loaded All Assemblies, in  0.397 seconds
Native extension for WindowsStandalone target not found
Mono: successfully reloaded assembly
- Finished resetting the current domain, in  0.401 seconds
Domain Reload Profiling: 798ms
	BeginReloadAssembly (125ms)
		ExecutionOrderSort (0ms)
		DisableScriptedObjects (0ms)
		BackupInstance (0ms)
		ReleaseScriptingObjects (0ms)
		CreateAndSetChildDomain (1ms)
	RebuildCommonClasses (41ms)
	RebuildNativeTypeToScriptingClass (11ms)
	initialDomainReloadingComplete (49ms)
	LoadAllAssembliesAndSetupDomain (171ms)
		LoadAssemblies (124ms)
		RebuildTransferFunctionScriptingTraits (0ms)
		AnalyzeDomain (168ms)
			TypeCache.Refresh (166ms)
				TypeCache.ScanAssembly (151ms)
			BuildScriptInfoCaches (0ms)
			ResolveRequiredComponents (0ms)
	FinalizeReload (401ms)
		ReleaseScriptCaches (0ms)
		RebuildScriptCaches (0ms)
		SetupLoadedEditorAssemblies (347ms)
			LogAssemblyErrors (0ms)
			InitializePlatformSupportModulesInManaged (31ms)
			SetLoadedEditorAssemblies (5ms)
			BeforeProcessingInitializeOnLoad (57ms)
			ProcessInitializeOnLoadAttributes (191ms)
			ProcessInitializeOnLoadMethodAttributes (62ms)
			AfterProcessingInitializeOnLoad (0ms)
			EditorAssembliesLoaded (0ms)
		ExecutionOrderSort2 (0ms)
		AwakeInstancesAfterBackupRestoration (0ms)
========================================================================
Worker process is ready to serve import requests
Import Worker Mode flag is 0x00
Begin MonoManager ReloadAssembly
- Loaded All Assemblies, in  0.937 seconds
Refreshing native plugins compatible for Editor in 1.39 ms, found 4 plugins.
Native extension for WindowsStandalone target not found
Mono: successfully reloaded assembly
- Finished resetting the current domain, in  1.476 seconds
Domain Reload Profiling: 2412ms
	BeginReloadAssembly (159ms)
		ExecutionOrderSort (0ms)
		DisableScriptedObjects (7ms)
		BackupInstance (0ms)
		ReleaseScriptingObjects (0ms)
		CreateAndSetChildDomain (31ms)
	RebuildCommonClasses (39ms)
	RebuildNativeTypeToScriptingClass (12ms)
	initialDomainReloadingComplete (42ms)
	LoadAllAssembliesAndSetupDomain (683ms)
		LoadAssemblies (418ms)
		RebuildTransferFunctionScriptingTraits (0ms)
		AnalyzeDomain (354ms)
			TypeCache.Refresh (258ms)
				TypeCache.ScanAssembly (237ms)
			BuildScriptInfoCaches (80ms)
			ResolveRequiredComponents (12ms)
	FinalizeReload (1476ms)
		ReleaseScriptCaches (0ms)
		RebuildScriptCaches (0ms)
		SetupLoadedEditorAssemblies (1318ms)
			LogAssemblyErrors (0ms)
			InitializePlatformSupportModulesInManaged (2ms)
			SetLoadedEditorAssemblies (6ms)
			BeforeProcessingInitializeOnLoad (126ms)
			ProcessInitializeOnLoadAttributes (1039ms)
			ProcessInitializeOnLoadMethodAttributes (142ms)
			AfterProcessingInitializeOnLoad (2ms)
			EditorAssembliesLoaded (0ms)
		ExecutionOrderSort2 (0ms)
		AwakeInstancesAfterBackupRestoration (6ms)
Launched and connected shader compiler UnityShaderCompiler.exe after 0.02 seconds
Refreshing native plugins compatible for Editor in 2.08 ms, found 4 plugins.
Preloading 0 native plugins for Editor in 0.00 ms.
Unloading 239 Unused Serialized files (Serialized files now loaded: 0)
Unloading 7393 unused Assets / (4.5 MB). Loaded Objects now: 8181.
Memory consumption went from 195.2 MB to 190.7 MB.
Total: 26.384200 ms (FindLiveObjects: 0.825900 ms CreateObjectMapping: 0.745400 ms MarkObjects: 21.904100 ms  DeleteObjects: 2.906700 ms)

========================================================================
Received Import Request.
  Time since last request: 1194045.844372 seconds.
  path: Assets/XiaoXinArt/birdUIArt/羽毛.png
  artifactKey: Guid(468ea1f4f22a03b44a8c5d87909bce28) Importer(815301076,1909f56bfc062723c751e8b465ee728b)
Start importing Assets/XiaoXinArt/birdUIArt/羽毛.png using Guid(468ea1f4f22a03b44a8c5d87909bce28) Importer(815301076,1909f56bfc062723c751e8b465ee728b) (PreviewImporter) -> (artifact id: '1fc112dae3d8c40bd0e41eee6f8dc3b9') in 0.0922897 seconds
Number of updated asset objects reloaded before import = 0Number of asset objects unloaded after import = 3

========================================================================
Received Import Request.
  Time since last request: 5.108943 seconds.
  path: Assets/XiaoXinArt/radio/音乐播放器-黑胶唱片.png
  artifactKey: Guid(d0a787ef92d12cc4fb2e860229a9b1f3) Importer(815301076,1909f56bfc062723c751e8b465ee728b)
Start importing Assets/XiaoXinArt/radio/音乐播放器-黑胶唱片.png using Guid(d0a787ef92d12cc4fb2e860229a9b1f3) Importer(815301076,1909f56bfc062723c751e8b465ee728b) (PreviewImporter) -> (artifact id: '5e51e59c8442bbb2ccec541fb2e88688') in 0.0808666 seconds
Number of updated asset objects reloaded before import = 0Number of asset objects unloaded after import = 3

========================================================================
Received Import Request.
  Time since last request: 0.000021 seconds.
  path: Assets/XiaoXinArt/radio/音乐播放器-黑胶唱片杆.png
  artifactKey: Guid(b1565d55cd63f194b8b5352105b79d3b) Importer(815301076,1909f56bfc062723c751e8b465ee728b)
Start importing Assets/XiaoXinArt/radio/音乐播放器-黑胶唱片杆.png using Guid(b1565d55cd63f194b8b5352105b79d3b) Importer(815301076,1909f56bfc062723c751e8b465ee728b) (PreviewImporter) -> (artifact id: '4eb5bee7728df09e2e8f7ffe212a346e') in 0.03014 seconds
Number of updated asset objects reloaded before import = 0Number of asset objects unloaded after import = 3

========================================================================
Received Import Request.
  Time since last request: 1.214503 seconds.
  path: Assets/Arts/音乐-20250711T133021Z-1-001/音乐/音乐播放器-黑胶唱片.png
  artifactKey: Guid(4ee3dbe44f6e64044b9919fea83efa17) Importer(815301076,1909f56bfc062723c751e8b465ee728b)
Start importing Assets/Arts/音乐-20250711T133021Z-1-001/音乐/音乐播放器-黑胶唱片.png using Guid(4ee3dbe44f6e64044b9919fea83efa17) Importer(815301076,1909f56bfc062723c751e8b465ee728b) (PreviewImporter) -> (artifact id: '9854231fe4dc098db56b1220dbd781d7') in 0.0282716 seconds
Number of updated asset objects reloaded before import = 0Number of asset objects unloaded after import = 3

========================================================================
Received Prepare
Begin MonoManager ReloadAssembly
- Loaded All Assemblies, in  0.777 seconds
Refreshing native plugins compatible for Editor in 1.43 ms, found 4 plugins.
Native extension for WindowsStandalone target not found
Mono: successfully reloaded assembly
- Finished resetting the current domain, in  1.279 seconds
Domain Reload Profiling: 2059ms
	BeginReloadAssembly (205ms)
		ExecutionOrderSort (0ms)
		DisableScriptedObjects (13ms)
		BackupInstance (0ms)
		ReleaseScriptingObjects (0ms)
		CreateAndSetChildDomain (66ms)
	RebuildCommonClasses (34ms)
	RebuildNativeTypeToScriptingClass (12ms)
	initialDomainReloadingComplete (26ms)
	LoadAllAssembliesAndSetupDomain (504ms)
		LoadAssemblies (353ms)
		RebuildTransferFunctionScriptingTraits (0ms)
		AnalyzeDomain (233ms)
			TypeCache.Refresh (8ms)
				TypeCache.ScanAssembly (0ms)
			BuildScriptInfoCaches (206ms)
			ResolveRequiredComponents (12ms)
	FinalizeReload (1279ms)
		ReleaseScriptCaches (0ms)
		RebuildScriptCaches (0ms)
		SetupLoadedEditorAssemblies (1065ms)
			LogAssemblyErrors (0ms)
			InitializePlatformSupportModulesInManaged (3ms)
			SetLoadedEditorAssemblies (7ms)
			BeforeProcessingInitializeOnLoad (114ms)
			ProcessInitializeOnLoadAttributes (849ms)
			ProcessInitializeOnLoadMethodAttributes (90ms)
			AfterProcessingInitializeOnLoad (1ms)
			EditorAssembliesLoaded (0ms)
		ExecutionOrderSort2 (0ms)
		AwakeInstancesAfterBackupRestoration (17ms)
Refreshing native plugins compatible for Editor in 2.40 ms, found 4 plugins.
Preloading 0 native plugins for Editor in 0.00 ms.
Unloading 13 Unused Serialized files (Serialized files now loaded: 0)
Unloading 7391 unused Assets / (4.7 MB). Loaded Objects now: 8200.
Memory consumption went from 163.4 MB to 158.7 MB.
Total: 28.279800 ms (FindLiveObjects: 0.705300 ms CreateObjectMapping: 0.656200 ms MarkObjects: 24.062700 ms  DeleteObjects: 2.853800 ms)

Prepare: number of updated asset objects reloaded= 0
========================================================================
Received Import Request.
  Time since last request: 82.830703 seconds.
  path: Assets/Arts/商店(新)/商店- 鸡蛋-底.png
  artifactKey: Guid(1d0bb55871370714d96d24c779aaa2cb) Importer(815301076,1909f56bfc062723c751e8b465ee728b)
Start importing Assets/Arts/商店(新)/商店- 鸡蛋-底.png using Guid(1d0bb55871370714d96d24c779aaa2cb) Importer(815301076,1909f56bfc062723c751e8b465ee728b) (PreviewImporter) -> (artifact id: '0df29cd14a12b213b9997fca9fc76f83') in 0.0876068 seconds
Number of updated asset objects reloaded before import = 0Number of asset objects unloaded after import = 3

========================================================================
Received Import Request.
  Time since last request: 1.162745 seconds.
  path: Assets/Arts/商店(新)/商店- 鸡蛋-框4个.png
  artifactKey: Guid(e04443d9ddaef0e4280548378921d2c7) Importer(815301076,1909f56bfc062723c751e8b465ee728b)
Start importing Assets/Arts/商店(新)/商店- 鸡蛋-框4个.png using Guid(e04443d9ddaef0e4280548378921d2c7) Importer(815301076,1909f56bfc062723c751e8b465ee728b) (PreviewImporter) -> (artifact id: 'f6049748b47b7aa8d4d3e1b9cf5bf359') in 0.0269001 seconds
Number of updated asset objects reloaded before import = 0Number of asset objects unloaded after import = 6

========================================================================
Received Import Request.
  Time since last request: 17.190028 seconds.
  path: Assets/Arts/商店(新)/商店- 装饰品-售卖框1.png
  artifactKey: Guid(966e7ec6e838a2747afcd9e7e51de3f8) Importer(815301076,1909f56bfc062723c751e8b465ee728b)
Start importing Assets/Arts/商店(新)/商店- 装饰品-售卖框1.png using Guid(966e7ec6e838a2747afcd9e7e51de3f8) Importer(815301076,1909f56bfc062723c751e8b465ee728b) (PreviewImporter) -> (artifact id: '128877cf0f82b1ad14e77af98d75b97d') in 0.0280902 seconds
Number of updated asset objects reloaded before import = 0Number of asset objects unloaded after import = 3

========================================================================
Received Import Request.
  Time since last request: 0.047675 seconds.
  path: Assets/Arts/商店(新)/商店- 工具-描述框.png
  artifactKey: Guid(a309a64a6c107344384abdd411c4d762) Importer(815301076,1909f56bfc062723c751e8b465ee728b)
Start importing Assets/Arts/商店(新)/商店- 工具-描述框.png using Guid(a309a64a6c107344384abdd411c4d762) Importer(815301076,1909f56bfc062723c751e8b465ee728b) (PreviewImporter) -> (artifact id: '986f0eef817a07fe38269403c4b7c14b') in 0.0274396 seconds
Number of updated asset objects reloaded before import = 0Number of asset objects unloaded after import = 3

========================================================================
Received Import Request.
  Time since last request: 0.000015 seconds.
  path: Assets/Arts/商店(新)/商店- 工具-价格签.png
  artifactKey: Guid(8b06dc2f1ad5e1f47a5c78aceb512127) Importer(815301076,1909f56bfc062723c751e8b465ee728b)
Start importing Assets/Arts/商店(新)/商店- 工具-价格签.png using Guid(8b06dc2f1ad5e1f47a5c78aceb512127) Importer(815301076,1909f56bfc062723c751e8b465ee728b) (PreviewImporter) -> (artifact id: '200b606a908e4f9711add05896928f8e') in 0.0219746 seconds
Number of updated asset objects reloaded before import = 0Number of asset objects unloaded after import = 3

========================================================================
Received Import Request.
  Time since last request: 27.081923 seconds.
  path: Assets/AudioSource/Homepage_Music_bip_1.wav
  artifactKey: Guid(3c3f61615b5164c40a23ad6dc2fcf9b8) Importer(815301076,1909f56bfc062723c751e8b465ee728b)
Start importing Assets/AudioSource/Homepage_Music_bip_1.wav using Guid(3c3f61615b5164c40a23ad6dc2fcf9b8) Importer(815301076,1909f56bfc062723c751e8b465ee728b) (PreviewImporter) -> (artifact id: 'a5293827d3568c78900337ae07408d83') in 0.0597336 seconds
Number of updated asset objects reloaded before import = 0Number of asset objects unloaded after import = 2

========================================================================
Received Import Request.
  Time since last request: 0.000021 seconds.
  path: Assets/Arts/UI/UI Elements/White/1x/music off.png
  artifactKey: Guid(7a19814244f58574fa6d9efdd064fa3e) Importer(815301076,1909f56bfc062723c751e8b465ee728b)
Start importing Assets/Arts/UI/UI Elements/White/1x/music off.png using Guid(7a19814244f58574fa6d9efdd064fa3e) Importer(815301076,1909f56bfc062723c751e8b465ee728b) (PreviewImporter) -> (artifact id: '16d56487b727e4672baf8ad2526b6a38') in 0.0233719 seconds
Number of updated asset objects reloaded before import = 0Number of asset objects unloaded after import = 3

========================================================================
Received Import Request.
  Time since last request: 134.380528 seconds.
  path: Assets/Scripts/New/ViewController/Game/Brid.cs
  artifactKey: Guid(a8396582a19ee404db14cb7468039943) Importer(815301076,1909f56bfc062723c751e8b465ee728b)
Start importing Assets/Scripts/New/ViewController/Game/Brid.cs using Guid(a8396582a19ee404db14cb7468039943) Importer(815301076,1909f56bfc062723c751e8b465ee728b) (PreviewImporter) -> (artifact id: '1799121a3dd46345792dce7194f08945') in 0.000851 seconds
Number of updated asset objects reloaded before import = 0Number of asset objects unloaded after import = 0

========================================================================
Received Prepare
Begin MonoManager ReloadAssembly
- Loaded All Assemblies, in  0.885 seconds
Refreshing native plugins compatible for Editor in 1.45 ms, found 4 plugins.
Native extension for WindowsStandalone target not found
Mono: successfully reloaded assembly
- Finished resetting the current domain, in  1.362 seconds
Domain Reload Profiling: 2251ms
	BeginReloadAssembly (245ms)
		ExecutionOrderSort (0ms)
		DisableScriptedObjects (15ms)
		BackupInstance (0ms)
		ReleaseScriptingObjects (0ms)
		CreateAndSetChildDomain (85ms)
	RebuildCommonClasses (37ms)
	RebuildNativeTypeToScriptingClass (13ms)
	initialDomainReloadingComplete (27ms)
	LoadAllAssembliesAndSetupDomain (568ms)
		LoadAssemblies (416ms)
		RebuildTransferFunctionScriptingTraits (0ms)
		AnalyzeDomain (245ms)
			TypeCache.Refresh (13ms)
				TypeCache.ScanAssembly (2ms)
			BuildScriptInfoCaches (212ms)
			ResolveRequiredComponents (14ms)
	FinalizeReload (1362ms)
		ReleaseScriptCaches (0ms)
		RebuildScriptCaches (0ms)
		SetupLoadedEditorAssemblies (1126ms)
			LogAssemblyErrors (0ms)
			InitializePlatformSupportModulesInManaged (3ms)
			SetLoadedEditorAssemblies (6ms)
			BeforeProcessingInitializeOnLoad (130ms)
			ProcessInitializeOnLoadAttributes (909ms)
			ProcessInitializeOnLoadMethodAttributes (76ms)
			AfterProcessingInitializeOnLoad (2ms)
			EditorAssembliesLoaded (0ms)
		ExecutionOrderSort2 (0ms)
		AwakeInstancesAfterBackupRestoration (15ms)
Refreshing native plugins compatible for Editor in 1.77 ms, found 4 plugins.
Preloading 0 native plugins for Editor in 0.00 ms.
Unloading 13 Unused Serialized files (Serialized files now loaded: 0)
Unloading 7391 unused Assets / (4.6 MB). Loaded Objects now: 8224.
Memory consumption went from 163.5 MB to 158.9 MB.
Total: 23.551900 ms (FindLiveObjects: 0.648700 ms CreateObjectMapping: 0.791800 ms MarkObjects: 19.762400 ms  DeleteObjects: 2.347200 ms)

Prepare: number of updated asset objects reloaded= 0
========================================================================
Received Import Request.
  Time since last request: 2107.640422 seconds.
  path: Assets/Prefabs/Config/RadioConfig.asset
  artifactKey: Guid(c7d18c7d178ab9e4c9d8b22d18884bdc) Importer(815301076,1909f56bfc062723c751e8b465ee728b)
Start importing Assets/Prefabs/Config/RadioConfig.asset using Guid(c7d18c7d178ab9e4c9d8b22d18884bdc) Importer(815301076,1909f56bfc062723c751e8b465ee728b) (PreviewImporter) -> (artifact id: '46925ee412bf5e06c0c92b3a711c9342') in 0.0259976 seconds
Number of updated asset objects reloaded before import = 0Number of asset objects unloaded after import = 18

========================================================================
Received Import Request.
  Time since last request: 1.432745 seconds.
  path: Assets/Scripts/New/Config/RadioConfig.cs
  artifactKey: Guid(5538057c912442f3a08104428b69fd96) Importer(815301076,1909f56bfc062723c751e8b465ee728b)
Start importing Assets/Scripts/New/Config/RadioConfig.cs using Guid(5538057c912442f3a08104428b69fd96) Importer(815301076,1909f56bfc062723c751e8b465ee728b) (PreviewImporter) -> (artifact id: '2012ce207944db96d134ef665bbfd019') in 0.0005708 seconds
Number of updated asset objects reloaded before import = 0Number of asset objects unloaded after import = 0

========================================================================
Received Import Request.
  Time since last request: 27.529338 seconds.
  path: Assets/TextMesh Pro/Resources/Fonts & Materials/LiberationSans SDF - Drop Shadow.mat
  artifactKey: Guid(e73a58f6e2794ae7b1b7e50b7fb811b0) Importer(815301076,1909f56bfc062723c751e8b465ee728b)
Start importing Assets/TextMesh Pro/Resources/Fonts & Materials/LiberationSans SDF - Drop Shadow.mat using Guid(e73a58f6e2794ae7b1b7e50b7fb811b0) Importer(815301076,1909f56bfc062723c751e8b465ee728b) (PreviewImporter) -> (artifact id: 'ea88e739be02e18c32eb65a08c0d40aa') in 0.5078532 seconds
Number of updated asset objects reloaded before import = 0Number of asset objects unloaded after import = 2

========================================================================
Received Import Request.
  Time since last request: 3.609227 seconds.
  path: Assets/AddressableAssetsData/AddressableAssetSettings.asset
  artifactKey: Guid(5a7a9994457a81944973db6c6dc3ffb7) Importer(815301076,1909f56bfc062723c751e8b465ee728b)
Start importing Assets/AddressableAssetsData/AddressableAssetSettings.asset using Guid(5a7a9994457a81944973db6c6dc3ffb7) Importer(815301076,1909f56bfc062723c751e8b465ee728b) (PreviewImporter) -> (artifact id: '56fcd876214e572736818bc1238c4c92') in 0.0011305 seconds
Number of updated asset objects reloaded before import = 0Number of asset objects unloaded after import = 0

========================================================================
Received Import Request.
  Time since last request: 6.875193 seconds.
  path: Assets/Audios/音效
  artifactKey: Guid(ae0332d509002004e9d27755f36061c7) Importer(815301076,1909f56bfc062723c751e8b465ee728b)
Start importing Assets/Audios/音效 using Guid(ae0332d509002004e9d27755f36061c7) Importer(815301076,1909f56bfc062723c751e8b465ee728b) (PreviewImporter) -> (artifact id: '82d69a71891ae9601594c17b3d789a89') in 0.0006636 seconds
Number of updated asset objects reloaded before import = 0Number of asset objects unloaded after import = 0

========================================================================
Received Import Request.
  Time since last request: 0.125061 seconds.
  path: Assets/Audios/音效/UI点击_.wav
  artifactKey: Guid(969577f2cbdbe84469d245d754aa10c0) Importer(815301076,1909f56bfc062723c751e8b465ee728b)
Start importing Assets/Audios/音效/UI点击_.wav using Guid(969577f2cbdbe84469d245d754aa10c0) Importer(815301076,1909f56bfc062723c751e8b465ee728b) (PreviewImporter) -> (artifact id: '2eadd24549ca888e6053903617a5754b') in 0.0284682 seconds
Number of updated asset objects reloaded before import = 0Number of asset objects unloaded after import = 2

========================================================================
Received Import Request.
  Time since last request: 0.000031 seconds.
  path: Assets/Audios/音效/鸟抚摸.wav
  artifactKey: Guid(3573113d04c964e409b61a1cfc94047b) Importer(815301076,1909f56bfc062723c751e8b465ee728b)
Start importing Assets/Audios/音效/鸟抚摸.wav using Guid(3573113d04c964e409b61a1cfc94047b) Importer(815301076,1909f56bfc062723c751e8b465ee728b) (PreviewImporter) -> (artifact id: '719ee3b5bf8a43ae6489b60ca96f3558') in 0.0212696 seconds
Number of updated asset objects reloaded before import = 0Number of asset objects unloaded after import = 2

========================================================================
Received Prepare
Begin MonoManager ReloadAssembly
- Loaded All Assemblies, in  0.877 seconds
Refreshing native plugins compatible for Editor in 1.72 ms, found 4 plugins.
Native extension for WindowsStandalone target not found
Mono: successfully reloaded assembly
- Finished resetting the current domain, in  1.550 seconds
Domain Reload Profiling: 2432ms
	BeginReloadAssembly (243ms)
		ExecutionOrderSort (0ms)
		DisableScriptedObjects (30ms)
		BackupInstance (0ms)
		ReleaseScriptingObjects (0ms)
		CreateAndSetChildDomain (80ms)
	RebuildCommonClasses (40ms)
	RebuildNativeTypeToScriptingClass (14ms)
	initialDomainReloadingComplete (30ms)
	LoadAllAssembliesAndSetupDomain (553ms)
		LoadAssemblies (383ms)
		RebuildTransferFunctionScriptingTraits (0ms)
		AnalyzeDomain (258ms)
			TypeCache.Refresh (10ms)
				TypeCache.ScanAssembly (0ms)
			BuildScriptInfoCaches (232ms)
			ResolveRequiredComponents (12ms)
	FinalizeReload (1551ms)
		ReleaseScriptCaches (0ms)
		RebuildScriptCaches (0ms)
		SetupLoadedEditorAssemblies (1300ms)
			LogAssemblyErrors (0ms)
			InitializePlatformSupportModulesInManaged (3ms)
			SetLoadedEditorAssemblies (7ms)
			BeforeProcessingInitializeOnLoad (130ms)
			ProcessInitializeOnLoadAttributes (1061ms)
			ProcessInitializeOnLoadMethodAttributes (97ms)
			AfterProcessingInitializeOnLoad (2ms)
			EditorAssembliesLoaded (0ms)
		ExecutionOrderSort2 (0ms)
		AwakeInstancesAfterBackupRestoration (19ms)
Refreshing native plugins compatible for Editor in 2.98 ms, found 4 plugins.
Preloading 0 native plugins for Editor in 0.00 ms.
Unloading 13 Unused Serialized files (Serialized files now loaded: 0)
Unloading 7391 unused Assets / (4.6 MB). Loaded Objects now: 8286.
Memory consumption went from 165.6 MB to 161.0 MB.
Total: 35.815000 ms (FindLiveObjects: 0.898600 ms CreateObjectMapping: 1.163300 ms MarkObjects: 30.337100 ms  DeleteObjects: 3.414300 ms)

Prepare: number of updated asset objects reloaded= 0
========================================================================
Received Import Request.
  Time since last request: 246.754560 seconds.
  path: Assets/AnimationTest/PinkcockatooPrefab.prefab
  artifactKey: Guid(13f9a24d5450e89429ac15f540e8700f) Importer(815301076,1909f56bfc062723c751e8b465ee728b)
Start importing Assets/AnimationTest/PinkcockatooPrefab.prefab using Guid(13f9a24d5450e89429ac15f540e8700f) Importer(815301076,1909f56bfc062723c751e8b465ee728b) (PreviewImporter) -> (artifact id: '6d3967547c4610f55caf25d8cb4f1e02') in 1.6662135 seconds
Number of updated asset objects reloaded before import = 0Number of asset objects unloaded after import = 253

========================================================================
Received Import Request.
  Time since last request: 0.505411 seconds.
  path: Assets/Prefabs/cockatile_pureYellow.prefab
  artifactKey: Guid(d66cf0c37fe633f4db099bff4bbf10d8) Importer(815301076,1909f56bfc062723c751e8b465ee728b)
Start importing Assets/Prefabs/cockatile_pureYellow.prefab using Guid(d66cf0c37fe633f4db099bff4bbf10d8) Importer(815301076,1909f56bfc062723c751e8b465ee728b) (PreviewImporter) -> (artifact id: 'c0b613451301d6b2d1d314758f67247e') in 0.0970373 seconds
Number of updated asset objects reloaded before import = 0Number of asset objects unloaded after import = 180

========================================================================
Received Import Request.
  Time since last request: 3.962736 seconds.
  path: Assets/Prefabs/Scene/Scene0.prefab
  artifactKey: Guid(30ff6ad8d6dd8164aadda2f7b4bc8b5a) Importer(815301076,1909f56bfc062723c751e8b465ee728b)
Start importing Assets/Prefabs/Scene/Scene0.prefab using Guid(30ff6ad8d6dd8164aadda2f7b4bc8b5a) Importer(815301076,1909f56bfc062723c751e8b465ee728b) (PreviewImporter) -> (artifact id: 'd7a21c534198dda7b183d5bb0cc9cb41') in 0.6857337 seconds
Number of updated asset objects reloaded before import = 0Number of asset objects unloaded after import = 235

========================================================================
Received Import Request.
  Time since last request: 12.991870 seconds.
  path: Assets/Prefabs/Scene/Scene0.prefab
  artifactKey: Guid(30ff6ad8d6dd8164aadda2f7b4bc8b5a) Importer(815301076,1909f56bfc062723c751e8b465ee728b)
Start importing Assets/Prefabs/Scene/Scene0.prefab using Guid(30ff6ad8d6dd8164aadda2f7b4bc8b5a) Importer(815301076,1909f56bfc062723c751e8b465ee728b) (PreviewImporter) -> (artifact id: 'de36ae321d72de926bdeb8e000832c88') in 0.4731294 seconds
Number of updated asset objects reloaded before import = 0Number of asset objects unloaded after import = 235

========================================================================
Received Prepare
Begin MonoManager ReloadAssembly
- Loaded All Assemblies, in  0.900 seconds
Refreshing native plugins compatible for Editor in 1.44 ms, found 4 plugins.
Native extension for WindowsStandalone target not found
Mono: successfully reloaded assembly
- Finished resetting the current domain, in  1.620 seconds
Domain Reload Profiling: 2524ms
	BeginReloadAssembly (235ms)
		ExecutionOrderSort (0ms)
		DisableScriptedObjects (26ms)
		BackupInstance (0ms)
		ReleaseScriptingObjects (0ms)
		CreateAndSetChildDomain (70ms)
	RebuildCommonClasses (37ms)
	RebuildNativeTypeToScriptingClass (15ms)
	initialDomainReloadingComplete (31ms)
	LoadAllAssembliesAndSetupDomain (585ms)
		LoadAssemblies (422ms)
		RebuildTransferFunctionScriptingTraits (0ms)
		AnalyzeDomain (259ms)
			TypeCache.Refresh (9ms)
				TypeCache.ScanAssembly (0ms)
			BuildScriptInfoCaches (233ms)
			ResolveRequiredComponents (13ms)
	FinalizeReload (1621ms)
		ReleaseScriptCaches (0ms)
		RebuildScriptCaches (0ms)
		SetupLoadedEditorAssemblies (1380ms)
			LogAssemblyErrors (0ms)
			InitializePlatformSupportModulesInManaged (2ms)
			SetLoadedEditorAssemblies (6ms)
			BeforeProcessingInitializeOnLoad (136ms)
			ProcessInitializeOnLoadAttributes (1125ms)
			ProcessInitializeOnLoadMethodAttributes (107ms)
			AfterProcessingInitializeOnLoad (2ms)
			EditorAssembliesLoaded (1ms)
		ExecutionOrderSort2 (0ms)
		AwakeInstancesAfterBackupRestoration (21ms)
Refreshing native plugins compatible for Editor in 2.12 ms, found 4 plugins.
Preloading 0 native plugins for Editor in 0.00 ms.
Unloading 13 Unused Serialized files (Serialized files now loaded: 0)
Unloading 7391 unused Assets / (4.6 MB). Loaded Objects now: 8313.
Memory consumption went from 168.9 MB to 164.2 MB.
Total: 30.160900 ms (FindLiveObjects: 0.735000 ms CreateObjectMapping: 0.725100 ms MarkObjects: 25.643600 ms  DeleteObjects: 3.055600 ms)

Prepare: number of updated asset objects reloaded= 0
========================================================================
Received Prepare
Begin MonoManager ReloadAssembly
- Loaded All Assemblies, in  0.887 seconds
Refreshing native plugins compatible for Editor in 1.57 ms, found 4 plugins.
Native extension for WindowsStandalone target not found
Mono: successfully reloaded assembly
- Finished resetting the current domain, in  1.530 seconds
Domain Reload Profiling: 2421ms
	BeginReloadAssembly (230ms)
		ExecutionOrderSort (0ms)
		DisableScriptedObjects (17ms)
		BackupInstance (0ms)
		ReleaseScriptingObjects (0ms)
		CreateAndSetChildDomain (67ms)
	RebuildCommonClasses (48ms)
	RebuildNativeTypeToScriptingClass (16ms)
	initialDomainReloadingComplete (28ms)
	LoadAllAssembliesAndSetupDomain (568ms)
		LoadAssemblies (394ms)
		RebuildTransferFunctionScriptingTraits (0ms)
		AnalyzeDomain (275ms)
			TypeCache.Refresh (9ms)
				TypeCache.ScanAssembly (0ms)
			BuildScriptInfoCaches (247ms)
			ResolveRequiredComponents (14ms)
	FinalizeReload (1531ms)
		ReleaseScriptCaches (0ms)
		RebuildScriptCaches (0ms)
		SetupLoadedEditorAssemblies (1300ms)
			LogAssemblyErrors (0ms)
			InitializePlatformSupportModulesInManaged (2ms)
			SetLoadedEditorAssemblies (6ms)
			BeforeProcessingInitializeOnLoad (139ms)
			ProcessInitializeOnLoadAttributes (1055ms)
			ProcessInitializeOnLoadMethodAttributes (95ms)
			AfterProcessingInitializeOnLoad (2ms)
			EditorAssembliesLoaded (1ms)
		ExecutionOrderSort2 (0ms)
		AwakeInstancesAfterBackupRestoration (15ms)
Refreshing native plugins compatible for Editor in 2.07 ms, found 4 plugins.
Preloading 0 native plugins for Editor in 0.00 ms.
Unloading 13 Unused Serialized files (Serialized files now loaded: 0)
Unloading 7391 unused Assets / (5.2 MB). Loaded Objects now: 8318.
Memory consumption went from 168.7 MB to 163.5 MB.
Total: 29.468400 ms (FindLiveObjects: 1.080600 ms CreateObjectMapping: 0.821400 ms MarkObjects: 23.628500 ms  DeleteObjects: 3.935500 ms)

Prepare: number of updated asset objects reloaded= 0
========================================================================
Received Prepare
Begin MonoManager ReloadAssembly
- Loaded All Assemblies, in  0.818 seconds
Refreshing native plugins compatible for Editor in 1.34 ms, found 4 plugins.
Native extension for WindowsStandalone target not found
Mono: successfully reloaded assembly
- Finished resetting the current domain, in  1.366 seconds
Domain Reload Profiling: 2187ms
	BeginReloadAssembly (208ms)
		ExecutionOrderSort (0ms)
		DisableScriptedObjects (13ms)
		BackupInstance (0ms)
		ReleaseScriptingObjects (0ms)
		CreateAndSetChildDomain (62ms)
	RebuildCommonClasses (33ms)
	RebuildNativeTypeToScriptingClass (12ms)
	initialDomainReloadingComplete (27ms)
	LoadAllAssembliesAndSetupDomain (540ms)
		LoadAssemblies (384ms)
		RebuildTransferFunctionScriptingTraits (0ms)
		AnalyzeDomain (245ms)
			TypeCache.Refresh (10ms)
				TypeCache.ScanAssembly (0ms)
			BuildScriptInfoCaches (219ms)
			ResolveRequiredComponents (11ms)
	FinalizeReload (1366ms)
		ReleaseScriptCaches (0ms)
		RebuildScriptCaches (0ms)
		SetupLoadedEditorAssemblies (1155ms)
			LogAssemblyErrors (0ms)
			InitializePlatformSupportModulesInManaged (2ms)
			SetLoadedEditorAssemblies (6ms)
			BeforeProcessingInitializeOnLoad (119ms)
			ProcessInitializeOnLoadAttributes (940ms)
			ProcessInitializeOnLoadMethodAttributes (85ms)
			AfterProcessingInitializeOnLoad (2ms)
			EditorAssembliesLoaded (1ms)
		ExecutionOrderSort2 (0ms)
		AwakeInstancesAfterBackupRestoration (17ms)
Refreshing native plugins compatible for Editor in 3.75 ms, found 4 plugins.
Preloading 0 native plugins for Editor in 0.00 ms.
Unloading 13 Unused Serialized files (Serialized files now loaded: 0)
Unloading 7391 unused Assets / (4.6 MB). Loaded Objects now: 8323.
Memory consumption went from 168.7 MB to 164.1 MB.
Total: 34.175500 ms (FindLiveObjects: 1.118400 ms CreateObjectMapping: 1.985100 ms MarkObjects: 28.069100 ms  DeleteObjects: 3.000100 ms)

Prepare: number of updated asset objects reloaded= 0
========================================================================
Received Prepare
Begin MonoManager ReloadAssembly
- Loaded All Assemblies, in  0.786 seconds
Refreshing native plugins compatible for Editor in 1.56 ms, found 4 plugins.
Native extension for WindowsStandalone target not found
Mono: successfully reloaded assembly
- Finished resetting the current domain, in  1.539 seconds
Domain Reload Profiling: 2328ms
	BeginReloadAssembly (198ms)
		ExecutionOrderSort (0ms)
		DisableScriptedObjects (13ms)
		BackupInstance (0ms)
		ReleaseScriptingObjects (0ms)
		CreateAndSetChildDomain (58ms)
	RebuildCommonClasses (38ms)
	RebuildNativeTypeToScriptingClass (19ms)
	initialDomainReloadingComplete (27ms)
	LoadAllAssembliesAndSetupDomain (507ms)
		LoadAssemblies (362ms)
		RebuildTransferFunctionScriptingTraits (0ms)
		AnalyzeDomain (228ms)
			TypeCache.Refresh (8ms)
				TypeCache.ScanAssembly (0ms)
			BuildScriptInfoCaches (203ms)
			ResolveRequiredComponents (12ms)
	FinalizeReload (1539ms)
		ReleaseScriptCaches (0ms)
		RebuildScriptCaches (0ms)
		SetupLoadedEditorAssemblies (1316ms)
			LogAssemblyErrors (0ms)
			InitializePlatformSupportModulesInManaged (2ms)
			SetLoadedEditorAssemblies (6ms)
			BeforeProcessingInitializeOnLoad (128ms)
			ProcessInitializeOnLoadAttributes (1084ms)
			ProcessInitializeOnLoadMethodAttributes (93ms)
			AfterProcessingInitializeOnLoad (3ms)
			EditorAssembliesLoaded (0ms)
		ExecutionOrderSort2 (0ms)
		AwakeInstancesAfterBackupRestoration (18ms)
Refreshing native plugins compatible for Editor in 2.32 ms, found 4 plugins.
Preloading 0 native plugins for Editor in 0.00 ms.
Unloading 13 Unused Serialized files (Serialized files now loaded: 0)
Unloading 7391 unused Assets / (4.6 MB). Loaded Objects now: 8328.
Memory consumption went from 168.7 MB to 164.1 MB.
Total: 29.017800 ms (FindLiveObjects: 0.766500 ms CreateObjectMapping: 0.949600 ms MarkObjects: 23.805900 ms  DeleteObjects: 3.494100 ms)

Prepare: number of updated asset objects reloaded= 0
========================================================================
Received Prepare
Begin MonoManager ReloadAssembly
- Loaded All Assemblies, in  0.824 seconds
Refreshing native plugins compatible for Editor in 2.20 ms, found 4 plugins.
Native extension for WindowsStandalone target not found
Mono: successfully reloaded assembly
- Finished resetting the current domain, in  1.249 seconds
Domain Reload Profiling: 2076ms
	BeginReloadAssembly (199ms)
		ExecutionOrderSort (0ms)
		DisableScriptedObjects (13ms)
		BackupInstance (0ms)
		ReleaseScriptingObjects (0ms)
		CreateAndSetChildDomain (62ms)
	RebuildCommonClasses (38ms)
	RebuildNativeTypeToScriptingClass (12ms)
	initialDomainReloadingComplete (30ms)
	LoadAllAssembliesAndSetupDomain (548ms)
		LoadAssemblies (387ms)
		RebuildTransferFunctionScriptingTraits (0ms)
		AnalyzeDomain (239ms)
			TypeCache.Refresh (12ms)
				TypeCache.ScanAssembly (2ms)
			BuildScriptInfoCaches (210ms)
			ResolveRequiredComponents (12ms)
	FinalizeReload (1249ms)
		ReleaseScriptCaches (0ms)
		RebuildScriptCaches (0ms)
		SetupLoadedEditorAssemblies (1022ms)
			LogAssemblyErrors (0ms)
			InitializePlatformSupportModulesInManaged (4ms)
			SetLoadedEditorAssemblies (9ms)
			BeforeProcessingInitializeOnLoad (115ms)
			ProcessInitializeOnLoadAttributes (813ms)
			ProcessInitializeOnLoadMethodAttributes (79ms)
			AfterProcessingInitializeOnLoad (1ms)
			EditorAssembliesLoaded (0ms)
		ExecutionOrderSort2 (0ms)
		AwakeInstancesAfterBackupRestoration (16ms)
Refreshing native plugins compatible for Editor in 2.25 ms, found 4 plugins.
Preloading 0 native plugins for Editor in 0.00 ms.
Unloading 13 Unused Serialized files (Serialized files now loaded: 0)
Unloading 7391 unused Assets / (4.6 MB). Loaded Objects now: 8333.
Memory consumption went from 168.7 MB to 164.2 MB.
Total: 26.345100 ms (FindLiveObjects: 0.723600 ms CreateObjectMapping: 0.697200 ms MarkObjects: 22.447600 ms  DeleteObjects: 2.475000 ms)

Prepare: number of updated asset objects reloaded= 0
========================================================================
Received Prepare
Begin MonoManager ReloadAssembly
- Loaded All Assemblies, in  0.808 seconds
Refreshing native plugins compatible for Editor in 1.87 ms, found 4 plugins.
Native extension for WindowsStandalone target not found
Mono: successfully reloaded assembly
- Finished resetting the current domain, in  1.487 seconds
Domain Reload Profiling: 2299ms
	BeginReloadAssembly (197ms)
		ExecutionOrderSort (0ms)
		DisableScriptedObjects (13ms)
		BackupInstance (0ms)
		ReleaseScriptingObjects (0ms)
		CreateAndSetChildDomain (59ms)
	RebuildCommonClasses (35ms)
	RebuildNativeTypeToScriptingClass (12ms)
	initialDomainReloadingComplete (26ms)
	LoadAllAssembliesAndSetupDomain (541ms)
		LoadAssemblies (368ms)
		RebuildTransferFunctionScriptingTraits (0ms)
		AnalyzeDomain (254ms)
			TypeCache.Refresh (9ms)
				TypeCache.ScanAssembly (0ms)
			BuildScriptInfoCaches (229ms)
			ResolveRequiredComponents (12ms)
	FinalizeReload (1487ms)
		ReleaseScriptCaches (0ms)
		RebuildScriptCaches (0ms)
		SetupLoadedEditorAssemblies (1266ms)
			LogAssemblyErrors (0ms)
			InitializePlatformSupportModulesInManaged (2ms)
			SetLoadedEditorAssemblies (5ms)
			BeforeProcessingInitializeOnLoad (130ms)
			ProcessInitializeOnLoadAttributes (1030ms)
			ProcessInitializeOnLoadMethodAttributes (97ms)
			AfterProcessingInitializeOnLoad (2ms)
			EditorAssembliesLoaded (0ms)
		ExecutionOrderSort2 (0ms)
		AwakeInstancesAfterBackupRestoration (16ms)
Refreshing native plugins compatible for Editor in 3.23 ms, found 4 plugins.
Preloading 0 native plugins for Editor in 0.00 ms.
Unloading 13 Unused Serialized files (Serialized files now loaded: 0)
Unloading 7391 unused Assets / (4.4 MB). Loaded Objects now: 8338.
Memory consumption went from 168.7 MB to 164.3 MB.
Total: 31.154000 ms (FindLiveObjects: 0.819000 ms CreateObjectMapping: 0.760000 ms MarkObjects: 25.841700 ms  DeleteObjects: 3.731100 ms)

Prepare: number of updated asset objects reloaded= 0
========================================================================
Received Prepare
Begin MonoManager ReloadAssembly
- Loaded All Assemblies, in  0.898 seconds
Refreshing native plugins compatible for Editor in 1.88 ms, found 4 plugins.
Native extension for WindowsStandalone target not found
Mono: successfully reloaded assembly
- Finished resetting the current domain, in  1.388 seconds
Domain Reload Profiling: 2290ms
	BeginReloadAssembly (229ms)
		ExecutionOrderSort (0ms)
		DisableScriptedObjects (13ms)
		BackupInstance (0ms)
		ReleaseScriptingObjects (0ms)
		CreateAndSetChildDomain (61ms)
	RebuildCommonClasses (40ms)
	RebuildNativeTypeToScriptingClass (12ms)
	initialDomainReloadingComplete (34ms)
	LoadAllAssembliesAndSetupDomain (585ms)
		LoadAssemblies (420ms)
		RebuildTransferFunctionScriptingTraits (0ms)
		AnalyzeDomain (274ms)
			TypeCache.Refresh (13ms)
				TypeCache.ScanAssembly (2ms)
			BuildScriptInfoCaches (244ms)
			ResolveRequiredComponents (12ms)
	FinalizeReload (1389ms)
		ReleaseScriptCaches (0ms)
		RebuildScriptCaches (0ms)
		SetupLoadedEditorAssemblies (1146ms)
			LogAssemblyErrors (0ms)
			InitializePlatformSupportModulesInManaged (2ms)
			SetLoadedEditorAssemblies (5ms)
			BeforeProcessingInitializeOnLoad (135ms)
			ProcessInitializeOnLoadAttributes (928ms)
			ProcessInitializeOnLoadMethodAttributes (74ms)
			AfterProcessingInitializeOnLoad (2ms)
			EditorAssembliesLoaded (0ms)
		ExecutionOrderSort2 (0ms)
		AwakeInstancesAfterBackupRestoration (13ms)
Refreshing native plugins compatible for Editor in 1.73 ms, found 4 plugins.
Preloading 0 native plugins for Editor in 0.00 ms.
Unloading 13 Unused Serialized files (Serialized files now loaded: 0)
Unloading 7391 unused Assets / (4.6 MB). Loaded Objects now: 8343.
Memory consumption went from 168.7 MB to 164.1 MB.
Total: 27.229300 ms (FindLiveObjects: 0.721800 ms CreateObjectMapping: 0.653100 ms MarkObjects: 23.169500 ms  DeleteObjects: 2.683000 ms)

Prepare: number of updated asset objects reloaded= 0
========================================================================
Received Prepare
Begin MonoManager ReloadAssembly
- Loaded All Assemblies, in  0.823 seconds
Refreshing native plugins compatible for Editor in 2.39 ms, found 4 plugins.
Native extension for WindowsStandalone target not found
Mono: successfully reloaded assembly
- Finished resetting the current domain, in  1.501 seconds
Domain Reload Profiling: 2328ms
	BeginReloadAssembly (200ms)
		ExecutionOrderSort (0ms)
		DisableScriptedObjects (13ms)
		BackupInstance (0ms)
		ReleaseScriptingObjects (0ms)
		CreateAndSetChildDomain (56ms)
	RebuildCommonClasses (37ms)
	RebuildNativeTypeToScriptingClass (13ms)
	initialDomainReloadingComplete (28ms)
	LoadAllAssembliesAndSetupDomain (548ms)
		LoadAssemblies (389ms)
		RebuildTransferFunctionScriptingTraits (0ms)
		AnalyzeDomain (248ms)
			TypeCache.Refresh (8ms)
				TypeCache.ScanAssembly (0ms)
			BuildScriptInfoCaches (222ms)
			ResolveRequiredComponents (13ms)
	FinalizeReload (1502ms)
		ReleaseScriptCaches (0ms)
		RebuildScriptCaches (0ms)
		SetupLoadedEditorAssemblies (1280ms)
			LogAssemblyErrors (0ms)
			InitializePlatformSupportModulesInManaged (4ms)
			SetLoadedEditorAssemblies (7ms)
			BeforeProcessingInitializeOnLoad (124ms)
			ProcessInitializeOnLoadAttributes (1037ms)
			ProcessInitializeOnLoadMethodAttributes (106ms)
			AfterProcessingInitializeOnLoad (2ms)
			EditorAssembliesLoaded (0ms)
		ExecutionOrderSort2 (0ms)
		AwakeInstancesAfterBackupRestoration (18ms)
Refreshing native plugins compatible for Editor in 3.62 ms, found 4 plugins.
Preloading 0 native plugins for Editor in 0.00 ms.
Unloading 13 Unused Serialized files (Serialized files now loaded: 0)
Unloading 7391 unused Assets / (4.7 MB). Loaded Objects now: 8348.
Memory consumption went from 168.7 MB to 164.1 MB.
Total: 28.380500 ms (FindLiveObjects: 0.761500 ms CreateObjectMapping: 0.755500 ms MarkObjects: 23.583300 ms  DeleteObjects: 3.278100 ms)

Prepare: number of updated asset objects reloaded= 0
========================================================================
Received Prepare
Begin MonoManager ReloadAssembly
- Loaded All Assemblies, in  0.842 seconds
Refreshing native plugins compatible for Editor in 2.01 ms, found 4 plugins.
Native extension for WindowsStandalone target not found
Mono: successfully reloaded assembly
- Finished resetting the current domain, in  1.307 seconds
Domain Reload Profiling: 2153ms
	BeginReloadAssembly (213ms)
		ExecutionOrderSort (0ms)
		DisableScriptedObjects (13ms)
		BackupInstance (0ms)
		ReleaseScriptingObjects (0ms)
		CreateAndSetChildDomain (63ms)
	RebuildCommonClasses (38ms)
	RebuildNativeTypeToScriptingClass (12ms)
	initialDomainReloadingComplete (28ms)
	LoadAllAssembliesAndSetupDomain (555ms)
		LoadAssemblies (397ms)
		RebuildTransferFunctionScriptingTraits (0ms)
		AnalyzeDomain (248ms)
			TypeCache.Refresh (13ms)
				TypeCache.ScanAssembly (2ms)
			BuildScriptInfoCaches (218ms)
			ResolveRequiredComponents (12ms)
	FinalizeReload (1308ms)
		ReleaseScriptCaches (0ms)
		RebuildScriptCaches (0ms)
		SetupLoadedEditorAssemblies (1066ms)
			LogAssemblyErrors (0ms)
			InitializePlatformSupportModulesInManaged (2ms)
			SetLoadedEditorAssemblies (5ms)
			BeforeProcessingInitializeOnLoad (141ms)
			ProcessInitializeOnLoadAttributes (841ms)
			ProcessInitializeOnLoadMethodAttributes (75ms)
			AfterProcessingInitializeOnLoad (1ms)
			EditorAssembliesLoaded (0ms)
		ExecutionOrderSort2 (0ms)
		AwakeInstancesAfterBackupRestoration (13ms)
Refreshing native plugins compatible for Editor in 1.70 ms, found 4 plugins.
Preloading 0 native plugins for Editor in 0.00 ms.
Unloading 13 Unused Serialized files (Serialized files now loaded: 0)
Unloading 7391 unused Assets / (5.1 MB). Loaded Objects now: 8353.
Memory consumption went from 168.7 MB to 163.6 MB.
Total: 27.058100 ms (FindLiveObjects: 1.124800 ms CreateObjectMapping: 1.147300 ms MarkObjects: 21.181600 ms  DeleteObjects: 3.602300 ms)

Prepare: number of updated asset objects reloaded= 0
========================================================================
Received Prepare
Begin MonoManager ReloadAssembly
- Loaded All Assemblies, in  0.807 seconds
Refreshing native plugins compatible for Editor in 1.33 ms, found 4 plugins.
Native extension for WindowsStandalone target not found
Mono: successfully reloaded assembly
- Finished resetting the current domain, in  1.498 seconds
Domain Reload Profiling: 2310ms
	BeginReloadAssembly (199ms)
		ExecutionOrderSort (0ms)
		DisableScriptedObjects (13ms)
		BackupInstance (0ms)
		ReleaseScriptingObjects (0ms)
		CreateAndSetChildDomain (57ms)
	RebuildCommonClasses (35ms)
	RebuildNativeTypeToScriptingClass (11ms)
	initialDomainReloadingComplete (28ms)
	LoadAllAssembliesAndSetupDomain (537ms)
		LoadAssemblies (386ms)
		RebuildTransferFunctionScriptingTraits (0ms)
		AnalyzeDomain (236ms)
			TypeCache.Refresh (8ms)
				TypeCache.ScanAssembly (0ms)
			BuildScriptInfoCaches (211ms)
			ResolveRequiredComponents (11ms)
	FinalizeReload (1499ms)
		ReleaseScriptCaches (0ms)
		RebuildScriptCaches (0ms)
		SetupLoadedEditorAssemblies (1281ms)
			LogAssemblyErrors (0ms)
			InitializePlatformSupportModulesInManaged (2ms)
			SetLoadedEditorAssemblies (5ms)
			BeforeProcessingInitializeOnLoad (134ms)
			ProcessInitializeOnLoadAttributes (1030ms)
			ProcessInitializeOnLoadMethodAttributes (106ms)
			AfterProcessingInitializeOnLoad (3ms)
			EditorAssembliesLoaded (0ms)
		ExecutionOrderSort2 (0ms)
		AwakeInstancesAfterBackupRestoration (21ms)
Refreshing native plugins compatible for Editor in 3.04 ms, found 4 plugins.
Preloading 0 native plugins for Editor in 0.00 ms.
Unloading 13 Unused Serialized files (Serialized files now loaded: 0)
Unloading 7391 unused Assets / (4.5 MB). Loaded Objects now: 8358.
Memory consumption went from 168.8 MB to 164.2 MB.
Total: 32.098300 ms (FindLiveObjects: 1.401400 ms CreateObjectMapping: 1.589600 ms MarkObjects: 25.418100 ms  DeleteObjects: 3.687500 ms)

Prepare: number of updated asset objects reloaded= 0
========================================================================
Received Prepare
Begin MonoManager ReloadAssembly
- Loaded All Assemblies, in  0.814 seconds
Refreshing native plugins compatible for Editor in 1.54 ms, found 4 plugins.
Native extension for WindowsStandalone target not found
Mono: successfully reloaded assembly
- Finished resetting the current domain, in  1.318 seconds
Domain Reload Profiling: 2136ms
	BeginReloadAssembly (213ms)
		ExecutionOrderSort (0ms)
		DisableScriptedObjects (15ms)
		BackupInstance (0ms)
		ReleaseScriptingObjects (0ms)
		CreateAndSetChildDomain (63ms)
	RebuildCommonClasses (38ms)
	RebuildNativeTypeToScriptingClass (13ms)
	initialDomainReloadingComplete (28ms)
	LoadAllAssembliesAndSetupDomain (525ms)
		LoadAssemblies (365ms)
		RebuildTransferFunctionScriptingTraits (0ms)
		AnalyzeDomain (244ms)
			TypeCache.Refresh (13ms)
				TypeCache.ScanAssembly (2ms)
			BuildScriptInfoCaches (212ms)
			ResolveRequiredComponents (13ms)
	FinalizeReload (1319ms)
		ReleaseScriptCaches (0ms)
		RebuildScriptCaches (0ms)
		SetupLoadedEditorAssemblies (1089ms)
			LogAssemblyErrors (0ms)
			InitializePlatformSupportModulesInManaged (3ms)
			SetLoadedEditorAssemblies (6ms)
			BeforeProcessingInitializeOnLoad (134ms)
			ProcessInitializeOnLoadAttributes (875ms)
			ProcessInitializeOnLoadMethodAttributes (70ms)
			AfterProcessingInitializeOnLoad (1ms)
			EditorAssembliesLoaded (0ms)
		ExecutionOrderSort2 (0ms)
		AwakeInstancesAfterBackupRestoration (14ms)
Refreshing native plugins compatible for Editor in 1.70 ms, found 4 plugins.
Preloading 0 native plugins for Editor in 0.00 ms.
Unloading 13 Unused Serialized files (Serialized files now loaded: 0)
Unloading 7391 unused Assets / (4.5 MB). Loaded Objects now: 8363.
Memory consumption went from 170.7 MB to 166.2 MB.
Total: 24.555300 ms (FindLiveObjects: 0.678300 ms CreateObjectMapping: 0.611300 ms MarkObjects: 20.831200 ms  DeleteObjects: 2.433100 ms)

Prepare: number of updated asset objects reloaded= 0
========================================================================
Received Prepare
Begin MonoManager ReloadAssembly
- Loaded All Assemblies, in  0.816 seconds
Refreshing native plugins compatible for Editor in 1.48 ms, found 4 plugins.
Native extension for WindowsStandalone target not found
Mono: successfully reloaded assembly
- Finished resetting the current domain, in  1.575 seconds
Domain Reload Profiling: 2395ms
	BeginReloadAssembly (200ms)
		ExecutionOrderSort (0ms)
		DisableScriptedObjects (13ms)
		BackupInstance (0ms)
		ReleaseScriptingObjects (0ms)
		CreateAndSetChildDomain (56ms)
	RebuildCommonClasses (36ms)
	RebuildNativeTypeToScriptingClass (12ms)
	initialDomainReloadingComplete (27ms)
	LoadAllAssembliesAndSetupDomain (544ms)
		LoadAssemblies (389ms)
		RebuildTransferFunctionScriptingTraits (0ms)
		AnalyzeDomain (242ms)
			TypeCache.Refresh (9ms)
				TypeCache.ScanAssembly (0ms)
			BuildScriptInfoCaches (215ms)
			ResolveRequiredComponents (13ms)
	FinalizeReload (1576ms)
		ReleaseScriptCaches (0ms)
		RebuildScriptCaches (0ms)
		SetupLoadedEditorAssemblies (1357ms)
			LogAssemblyErrors (0ms)
			InitializePlatformSupportModulesInManaged (2ms)
			SetLoadedEditorAssemblies (6ms)
			BeforeProcessingInitializeOnLoad (133ms)
			ProcessInitializeOnLoadAttributes (1104ms)
			ProcessInitializeOnLoadMethodAttributes (109ms)
			AfterProcessingInitializeOnLoad (2ms)
			EditorAssembliesLoaded (1ms)
		ExecutionOrderSort2 (0ms)
		AwakeInstancesAfterBackupRestoration (21ms)
Refreshing native plugins compatible for Editor in 1.63 ms, found 4 plugins.
Preloading 0 native plugins for Editor in 0.00 ms.
Unloading 13 Unused Serialized files (Serialized files now loaded: 0)
Unloading 7391 unused Assets / (4.3 MB). Loaded Objects now: 8368.
Memory consumption went from 170.7 MB to 166.4 MB.
Total: 32.248800 ms (FindLiveObjects: 0.776700 ms CreateObjectMapping: 0.978200 ms MarkObjects: 27.467200 ms  DeleteObjects: 3.025300 ms)

Prepare: number of updated asset objects reloaded= 0
========================================================================
Received Prepare
Begin MonoManager ReloadAssembly
- Loaded All Assemblies, in  0.856 seconds
Refreshing native plugins compatible for Editor in 1.51 ms, found 4 plugins.
Native extension for WindowsStandalone target not found
Mono: successfully reloaded assembly
- Finished resetting the current domain, in  1.285 seconds
Domain Reload Profiling: 2144ms
	BeginReloadAssembly (213ms)
		ExecutionOrderSort (0ms)
		DisableScriptedObjects (15ms)
		BackupInstance (0ms)
		ReleaseScriptingObjects (0ms)
		CreateAndSetChildDomain (64ms)
	RebuildCommonClasses (37ms)
	RebuildNativeTypeToScriptingClass (14ms)
	initialDomainReloadingComplete (30ms)
	LoadAllAssembliesAndSetupDomain (564ms)
		LoadAssemblies (401ms)
		RebuildTransferFunctionScriptingTraits (0ms)
		AnalyzeDomain (250ms)
			TypeCache.Refresh (13ms)
				TypeCache.ScanAssembly (2ms)
			BuildScriptInfoCaches (218ms)
			ResolveRequiredComponents (14ms)
	FinalizeReload (1285ms)
		ReleaseScriptCaches (0ms)
		RebuildScriptCaches (0ms)
		SetupLoadedEditorAssemblies (1044ms)
			LogAssemblyErrors (0ms)
			InitializePlatformSupportModulesInManaged (3ms)
			SetLoadedEditorAssemblies (7ms)
			BeforeProcessingInitializeOnLoad (126ms)
			ProcessInitializeOnLoadAttributes (830ms)
			ProcessInitializeOnLoadMethodAttributes (76ms)
			AfterProcessingInitializeOnLoad (2ms)
			EditorAssembliesLoaded (1ms)
		ExecutionOrderSort2 (0ms)
		AwakeInstancesAfterBackupRestoration (28ms)
Refreshing native plugins compatible for Editor in 1.88 ms, found 4 plugins.
Preloading 0 native plugins for Editor in 0.00 ms.
Unloading 13 Unused Serialized files (Serialized files now loaded: 0)
Unloading 7391 unused Assets / (5.1 MB). Loaded Objects now: 8373.
Memory consumption went from 170.7 MB to 165.6 MB.
Total: 30.249800 ms (FindLiveObjects: 1.122900 ms CreateObjectMapping: 1.399600 ms MarkObjects: 23.514700 ms  DeleteObjects: 4.209700 ms)

Prepare: number of updated asset objects reloaded= 0
========================================================================
Received Import Request.
  Time since last request: 1200.598729 seconds.
  path: Assets/Prefabs/UI/Popups
  artifactKey: Guid(926c6907c00e3234b8a019b4e92b2af0) Importer(815301076,1909f56bfc062723c751e8b465ee728b)
Start importing Assets/Prefabs/UI/Popups using Guid(926c6907c00e3234b8a019b4e92b2af0) Importer(815301076,1909f56bfc062723c751e8b465ee728b) (PreviewImporter) -> (artifact id: '72544d495b4fc6ecb4329bf8fecf3fa5') in 0.13337 seconds
Number of updated asset objects reloaded before import = 0Number of asset objects unloaded after import = 0

========================================================================
Received Import Request.
  Time since last request: 63.611077 seconds.
  path: Assets/TextMesh Pro/Resources/Fonts & Materials/LiberationSans SDF.asset
  artifactKey: Guid(8f586378b4e144a9851e7b34d9b748ee) Importer(815301076,1909f56bfc062723c751e8b465ee728b)
Start importing Assets/TextMesh Pro/Resources/Fonts & Materials/LiberationSans SDF.asset using Guid(8f586378b4e144a9851e7b34d9b748ee) Importer(815301076,1909f56bfc062723c751e8b465ee728b) (PreviewImporter) -> (artifact id: 'a3b3d2b2773e0075b647fff58d0645f5') in 0.5995234 seconds
Number of updated asset objects reloaded before import = 0Number of asset objects unloaded after import = 9

========================================================================
Received Import Request.
  Time since last request: 47.453696 seconds.
  path: Assets/FeatherLandAllBird/Parakeet/newAnimation/虎皮_树上呼吸/虎皮_树上呼吸/鹦鹉002树上呼吸0001.png
  artifactKey: Guid(8ebc0f42e6663794e9ad55b47b0f21d2) Importer(815301076,1909f56bfc062723c751e8b465ee728b)
Start importing Assets/FeatherLandAllBird/Parakeet/newAnimation/虎皮_树上呼吸/虎皮_树上呼吸/鹦鹉002树上呼吸0001.png using Guid(8ebc0f42e6663794e9ad55b47b0f21d2) Importer(815301076,1909f56bfc062723c751e8b465ee728b) (PreviewImporter) -> (artifact id: 'd0cc4ad657c1acc696aee6dccbaca7d0') in 0.0338076 seconds
Number of updated asset objects reloaded before import = 0Number of asset objects unloaded after import = 3

========================================================================
Received Import Request.
  Time since last request: 0.000034 seconds.
  path: Assets/FeatherLandAllBird/Parakeet/newAnimation/虎皮_树上呼吸/虎皮_树上呼吸/鹦鹉002树上呼吸0002.png
  artifactKey: Guid(627b941a9c6dc8e4da99846d99dd7065) Importer(815301076,1909f56bfc062723c751e8b465ee728b)
Start importing Assets/FeatherLandAllBird/Parakeet/newAnimation/虎皮_树上呼吸/虎皮_树上呼吸/鹦鹉002树上呼吸0002.png using Guid(627b941a9c6dc8e4da99846d99dd7065) Importer(815301076,1909f56bfc062723c751e8b465ee728b) (PreviewImporter) -> (artifact id: '41a0a72a128d7a32fc83190cbceeaae7') in 0.0268441 seconds
Number of updated asset objects reloaded before import = 0Number of asset objects unloaded after import = 3

========================================================================
Received Import Request.
  Time since last request: 0.000061 seconds.
  path: Assets/FeatherLandAllBird/Parakeet/newAnimation/鹦鹉002_点击/鹦鹉002_点击_009.png
  artifactKey: Guid(9db911a2207fd024ebf6840541450231) Importer(815301076,1909f56bfc062723c751e8b465ee728b)
Start importing Assets/FeatherLandAllBird/Parakeet/newAnimation/鹦鹉002_点击/鹦鹉002_点击_009.png using Guid(9db911a2207fd024ebf6840541450231) Importer(815301076,1909f56bfc062723c751e8b465ee728b) (PreviewImporter) -> (artifact id: 'cbb237c6f9f3abe0f6712a8527764e1f') in 0.0244812 seconds
Number of updated asset objects reloaded before import = 0Number of asset objects unloaded after import = 3

========================================================================
Received Import Request.
  Time since last request: 0.000031 seconds.
  path: Assets/FeatherLandAllBird/Parakeet/鹦鹉002_飞行转换着陆/鹦鹉002_008.png
  artifactKey: Guid(c9399abc8f7d01b4e9803d722eb674fe) Importer(815301076,1909f56bfc062723c751e8b465ee728b)
Start importing Assets/FeatherLandAllBird/Parakeet/鹦鹉002_飞行转换着陆/鹦鹉002_008.png using Guid(c9399abc8f7d01b4e9803d722eb674fe) Importer(815301076,1909f56bfc062723c751e8b465ee728b) (PreviewImporter) -> (artifact id: '4de17e776af0f1fb7e158ba4eefa5414') in 0.1042585 seconds
Number of updated asset objects reloaded before import = 0Number of asset objects unloaded after import = 3

========================================================================
Received Import Request.
  Time since last request: 0.000027 seconds.
  path: Assets/FeatherLandAllBird/Parakeet/newAnimation/鹦鹉002_点击/鹦鹉002_点击_008.png
  artifactKey: Guid(e1331f31a11539d42ae54495135d4ebd) Importer(815301076,1909f56bfc062723c751e8b465ee728b)
Start importing Assets/FeatherLandAllBird/Parakeet/newAnimation/鹦鹉002_点击/鹦鹉002_点击_008.png using Guid(e1331f31a11539d42ae54495135d4ebd) Importer(815301076,1909f56bfc062723c751e8b465ee728b) (PreviewImporter) -> (artifact id: '4734894f828996278e07973b6f51ff09') in 0.0251909 seconds
Number of updated asset objects reloaded before import = 0Number of asset objects unloaded after import = 3

========================================================================
Received Import Request.
  Time since last request: 0.000029 seconds.
  path: Assets/FeatherLandAllBird/Parakeet/newAnimation/鹦鹉002_飞行转换着陆/鹦鹉002_008.png
  artifactKey: Guid(1a418b99f61113f4aaad8f0603803069) Importer(815301076,1909f56bfc062723c751e8b465ee728b)
Start importing Assets/FeatherLandAllBird/Parakeet/newAnimation/鹦鹉002_飞行转换着陆/鹦鹉002_008.png using Guid(1a418b99f61113f4aaad8f0603803069) Importer(815301076,1909f56bfc062723c751e8b465ee728b) (PreviewImporter) -> (artifact id: 'f86e1bf3117714b52a48143ffecc9244') in 0.0262641 seconds
Number of updated asset objects reloaded before import = 0Number of asset objects unloaded after import = 3

========================================================================
Received Import Request.
  Time since last request: 0.000043 seconds.
  path: Assets/FeatherLandAllBird/Parakeet/鹦鹉002_树上休息转飞行/鹦鹉002_008.png
  artifactKey: Guid(82d25dd7ba80bdc449b2883b42a596ba) Importer(815301076,1909f56bfc062723c751e8b465ee728b)
Start importing Assets/FeatherLandAllBird/Parakeet/鹦鹉002_树上休息转飞行/鹦鹉002_008.png using Guid(82d25dd7ba80bdc449b2883b42a596ba) Importer(815301076,1909f56bfc062723c751e8b465ee728b) (PreviewImporter) -> (artifact id: 'a14a2b5c3fe9e98d0da2bdc8aeb5be9c') in 0.0251304 seconds
Number of updated asset objects reloaded before import = 0Number of asset objects unloaded after import = 3

========================================================================
Received Import Request.
  Time since last request: 0.000034 seconds.
  path: Assets/FeatherLandAllBird/Parakeet/鹦鹉002_横飞/鹦鹉002横飞0001.png
  artifactKey: Guid(1f98b2450a794864da5f82b197ff86e9) Importer(815301076,1909f56bfc062723c751e8b465ee728b)
Start importing Assets/FeatherLandAllBird/Parakeet/鹦鹉002_横飞/鹦鹉002横飞0001.png using Guid(1f98b2450a794864da5f82b197ff86e9) Importer(815301076,1909f56bfc062723c751e8b465ee728b) (PreviewImporter) -> (artifact id: '9c3b374856f6e946933acb1ccfef2e51') in 0.0276053 seconds
Number of updated asset objects reloaded before import = 0Number of asset objects unloaded after import = 3

========================================================================
Received Import Request.
  Time since last request: 0.000024 seconds.
  path: Assets/XiaoXinArt/settingUI/选择页面-树枝.png
  artifactKey: Guid(0b5a2fd338a40364c823fc5bfced3a84) Importer(815301076,1909f56bfc062723c751e8b465ee728b)
Start importing Assets/XiaoXinArt/settingUI/选择页面-树枝.png using Guid(0b5a2fd338a40364c823fc5bfced3a84) Importer(815301076,1909f56bfc062723c751e8b465ee728b) (PreviewImporter) -> (artifact id: 'ff9896b6d07222df5ed421ab15179af9') in 0.0254454 seconds
Number of updated asset objects reloaded before import = 0Number of asset objects unloaded after import = 3

========================================================================
Received Import Request.
  Time since last request: 0.000033 seconds.
  path: Assets/Arts/新记事本-20250711T133001Z-1-001/选择页面-记事本.png
  artifactKey: Guid(8129645c07a125948a61df4384e44227) Importer(815301076,1909f56bfc062723c751e8b465ee728b)
Start importing Assets/Arts/新记事本-20250711T133001Z-1-001/选择页面-记事本.png using Guid(8129645c07a125948a61df4384e44227) Importer(815301076,1909f56bfc062723c751e8b465ee728b) (PreviewImporter) -> (artifact id: '2eefef476fcbd592301c551c8f101cb9') in 0.0259774 seconds
Number of updated asset objects reloaded before import = 0Number of asset objects unloaded after import = 3

========================================================================
Received Import Request.
  Time since last request: 0.000029 seconds.
  path: Assets/XiaoXinArt/birdUIArt/鸟详情-框.png
  artifactKey: Guid(a7a5ea2b12749d14bacff2659a2f5d44) Importer(815301076,1909f56bfc062723c751e8b465ee728b)
Start importing Assets/XiaoXinArt/birdUIArt/鸟详情-框.png using Guid(a7a5ea2b12749d14bacff2659a2f5d44) Importer(815301076,1909f56bfc062723c751e8b465ee728b) (PreviewImporter) -> (artifact id: 'bb35be7a00c28b83004919da3210d9dc') in 0.0315503 seconds
Number of updated asset objects reloaded before import = 0Number of asset objects unloaded after import = 3

========================================================================
Received Import Request.
  Time since last request: 0.000049 seconds.
  path: Assets/XiaoXinArt/ClockUI/番茄钟-窗口左键.png
  artifactKey: Guid(49e7b0f6bd1b36f438ab7ce7d48c5351) Importer(815301076,1909f56bfc062723c751e8b465ee728b)
Start importing Assets/XiaoXinArt/ClockUI/番茄钟-窗口左键.png using Guid(49e7b0f6bd1b36f438ab7ce7d48c5351) Importer(815301076,1909f56bfc062723c751e8b465ee728b) (PreviewImporter) -> (artifact id: '768c496c1bedafb728423fa77a8b4c09') in 0.027167 seconds
Number of updated asset objects reloaded before import = 0Number of asset objects unloaded after import = 3

========================================================================
Received Import Request.
  Time since last request: 0.000029 seconds.
  path: Assets/XiaoXinArt/ClockUI/番茄钟-窗口底.png
  artifactKey: Guid(0000560edcac9134eac5b33c5db290ea) Importer(815301076,1909f56bfc062723c751e8b465ee728b)
Start importing Assets/XiaoXinArt/ClockUI/番茄钟-窗口底.png using Guid(0000560edcac9134eac5b33c5db290ea) Importer(815301076,1909f56bfc062723c751e8b465ee728b) (PreviewImporter) -> (artifact id: '23f8acc056d06c99196b8171e1e556be') in 0.0364413 seconds
Number of updated asset objects reloaded before import = 0Number of asset objects unloaded after import = 3

========================================================================
Received Import Request.
  Time since last request: 0.000031 seconds.
  path: Assets/XiaoXinArt/ClockUI/番茄钟-窗口番茄.png
  artifactKey: Guid(77897e9c0c8e6334490803053bd7f6dc) Importer(815301076,1909f56bfc062723c751e8b465ee728b)
Start importing Assets/XiaoXinArt/ClockUI/番茄钟-窗口番茄.png using Guid(77897e9c0c8e6334490803053bd7f6dc) Importer(815301076,1909f56bfc062723c751e8b465ee728b) (PreviewImporter) -> (artifact id: '06437d908cb77c63e8783daae5a07a61') in 0.0236418 seconds
Number of updated asset objects reloaded before import = 0Number of asset objects unloaded after import = 3

========================================================================
Received Import Request.
  Time since last request: 0.000028 seconds.
  path: Assets/Arts/场景3切图/起雾-远景.png
  artifactKey: Guid(6f33365e2698c8b4bb279f5e1b9d174b) Importer(815301076,1909f56bfc062723c751e8b465ee728b)
Start importing Assets/Arts/场景3切图/起雾-远景.png using Guid(6f33365e2698c8b4bb279f5e1b9d174b) Importer(815301076,1909f56bfc062723c751e8b465ee728b) (PreviewImporter) -> (artifact id: 'f9598d67c079e5e4295eb2b7e9e3920a') in 0.0629351 seconds
Number of updated asset objects reloaded before import = 0Number of asset objects unloaded after import = 3

========================================================================
Received Import Request.
  Time since last request: 0.000046 seconds.
  path: Assets/Arts/UI/UI Elements/Black/2x/down.png
  artifactKey: Guid(432f6b92520cb384b91c381860c74141) Importer(815301076,1909f56bfc062723c751e8b465ee728b)
Start importing Assets/Arts/UI/UI Elements/Black/2x/down.png using Guid(432f6b92520cb384b91c381860c74141) Importer(815301076,1909f56bfc062723c751e8b465ee728b) (PreviewImporter) -> (artifact id: 'db77138c6e7978c00cc2c987247b1970') in 0.0268505 seconds
Number of updated asset objects reloaded before import = 0Number of asset objects unloaded after import = 3

========================================================================
Received Import Request.
  Time since last request: 0.000053 seconds.
  path: Assets/Arts/UI/UI Elements/White/2x/settings.png
  artifactKey: Guid(90f67b789c9f7b44eac70357e4a0d534) Importer(815301076,1909f56bfc062723c751e8b465ee728b)
Start importing Assets/Arts/UI/UI Elements/White/2x/settings.png using Guid(90f67b789c9f7b44eac70357e4a0d534) Importer(815301076,1909f56bfc062723c751e8b465ee728b) (PreviewImporter) -> (artifact id: 'e56a10f17390698d2d4d2f1710119c99') in 0.0257358 seconds
Number of updated asset objects reloaded before import = 0Number of asset objects unloaded after import = 3

========================================================================
Received Import Request.
  Time since last request: 0.000026 seconds.
  path: Assets/Arts/UI/UI Elements/Black/1x/cross.png
  artifactKey: Guid(291374a43a49ef046bd7659d10810571) Importer(815301076,1909f56bfc062723c751e8b465ee728b)
Start importing Assets/Arts/UI/UI Elements/Black/1x/cross.png using Guid(291374a43a49ef046bd7659d10810571) Importer(815301076,1909f56bfc062723c751e8b465ee728b) (PreviewImporter) -> (artifact id: '6074292527cb0953c417536b975a6cb2') in 0.0249739 seconds
Number of updated asset objects reloaded before import = 0Number of asset objects unloaded after import = 3

========================================================================
Received Import Request.
  Time since last request: 0.272686 seconds.
  path: Assets/Arts/UI/UI Elements/White/1x/down.png
  artifactKey: Guid(156f9a19ef4181a49aff23aa6981effe) Importer(815301076,1909f56bfc062723c751e8b465ee728b)
Start importing Assets/Arts/UI/UI Elements/White/1x/down.png using Guid(156f9a19ef4181a49aff23aa6981effe) Importer(815301076,1909f56bfc062723c751e8b465ee728b) (PreviewImporter) -> (artifact id: '6be3aa306e7d7cdee866bef5db07a1cb') in 0.022625 seconds
Number of updated asset objects reloaded before import = 0Number of asset objects unloaded after import = 3

========================================================================
Received Import Request.
  Time since last request: 0.000041 seconds.
  path: Assets/Arts/UI/UI Elements/Black/2x/down arrow.png
  artifactKey: Guid(7e68da3ea8a5af242ba05b8d18e85ffa) Importer(815301076,1909f56bfc062723c751e8b465ee728b)
Start importing Assets/Arts/UI/UI Elements/Black/2x/down arrow.png using Guid(7e68da3ea8a5af242ba05b8d18e85ffa) Importer(815301076,1909f56bfc062723c751e8b465ee728b) (PreviewImporter) -> (artifact id: '40e9d926a04ce179f15d2fa9fd7dc1b2') in 0.0226548 seconds
Number of updated asset objects reloaded before import = 0Number of asset objects unloaded after import = 3

========================================================================
Received Import Request.
  Time since last request: 0.000068 seconds.
  path: Assets/Arts/UI/UI Elements/Black/2x/leaderboard.png
  artifactKey: Guid(c165f489665a4da4cb145a1b792e8288) Importer(815301076,1909f56bfc062723c751e8b465ee728b)
Start importing Assets/Arts/UI/UI Elements/Black/2x/leaderboard.png using Guid(c165f489665a4da4cb145a1b792e8288) Importer(815301076,1909f56bfc062723c751e8b465ee728b) (PreviewImporter) -> (artifact id: 'aa9ee6e9de661f8821a6643670e94d52') in 0.0229187 seconds
Number of updated asset objects reloaded before import = 0Number of asset objects unloaded after import = 3

========================================================================
Received Import Request.
  Time since last request: 0.000034 seconds.
  path: Assets/Arts/UI/UI Elements/Black/2x/left arrow.png
  artifactKey: Guid(dc2343e3fa1ea0e458f4de9fd96d4372) Importer(815301076,1909f56bfc062723c751e8b465ee728b)
Start importing Assets/Arts/UI/UI Elements/Black/2x/left arrow.png using Guid(dc2343e3fa1ea0e458f4de9fd96d4372) Importer(815301076,1909f56bfc062723c751e8b465ee728b) (PreviewImporter) -> (artifact id: '2649a4d7f64e632850d93ac234d24e6a') in 0.0262695 seconds
Number of updated asset objects reloaded before import = 0Number of asset objects unloaded after import = 3

========================================================================
Received Import Request.
  Time since last request: 0.000030 seconds.
  path: Assets/Arts/UI/UI Elements/Black/2x/left exit.png
  artifactKey: Guid(e2686cca322b54d42b4842ad4eef325c) Importer(815301076,1909f56bfc062723c751e8b465ee728b)
Start importing Assets/Arts/UI/UI Elements/Black/2x/left exit.png using Guid(e2686cca322b54d42b4842ad4eef325c) Importer(815301076,1909f56bfc062723c751e8b465ee728b) (PreviewImporter) -> (artifact id: 'c0ec1690474c4df5eac9632cc39616d2') in 0.0257969 seconds
Number of updated asset objects reloaded before import = 0Number of asset objects unloaded after import = 3

========================================================================
Received Import Request.
  Time since last request: 38.332276 seconds.
  path: Assets/Arts/番茄钟(新)/UI圆形重置按钮(未选中).png
  artifactKey: Guid(fc9725ee0bdb2934bb190e31368f4013) Importer(815301076,1909f56bfc062723c751e8b465ee728b)
Start importing Assets/Arts/番茄钟(新)/UI圆形重置按钮(未选中).png using Guid(fc9725ee0bdb2934bb190e31368f4013) Importer(815301076,1909f56bfc062723c751e8b465ee728b) (PreviewImporter) -> (artifact id: '9feb8fd4e5f164355ab996e7e2bfc20f') in 0.0232811 seconds
Number of updated asset objects reloaded before import = 0Number of asset objects unloaded after import = 3

========================================================================
Received Import Request.
  Time since last request: 45.541931 seconds.
  path: Assets/Arts/场景3切图/落日/10背景.png
  artifactKey: Guid(6838d39b67411a74fad4909d6e9d1809) Importer(815301076,1909f56bfc062723c751e8b465ee728b)
Start importing Assets/Arts/场景3切图/落日/10背景.png using Guid(6838d39b67411a74fad4909d6e9d1809) Importer(815301076,1909f56bfc062723c751e8b465ee728b) (PreviewImporter) -> (artifact id: '52088c98e5ec121ff64d119896e1a3eb') in 0.0524169 seconds
Number of updated asset objects reloaded before import = 0Number of asset objects unloaded after import = 3

========================================================================
Received Import Request.
  Time since last request: 48.172037 seconds.
  path: Assets/Arts/番茄钟(新)/UI番茄钟(选中).png
  artifactKey: Guid(7b0c70163c215c4458f27b36a4a29bdd) Importer(815301076,1909f56bfc062723c751e8b465ee728b)
Start importing Assets/Arts/番茄钟(新)/UI番茄钟(选中).png using Guid(7b0c70163c215c4458f27b36a4a29bdd) Importer(815301076,1909f56bfc062723c751e8b465ee728b) (PreviewImporter) -> (artifact id: '1063a7582427bcd71ae068c4ef40a8e0') in 0.0259822 seconds
Number of updated asset objects reloaded before import = 0Number of asset objects unloaded after import = 3

========================================================================
Received Import Request.
  Time since last request: 0.000060 seconds.
  path: Assets/Arts/番茄钟(新)/UI选择键(选中).png
  artifactKey: Guid(1c83f24dabbe4c44a97737bf60fee894) Importer(815301076,1909f56bfc062723c751e8b465ee728b)
Start importing Assets/Arts/番茄钟(新)/UI选择键(选中).png using Guid(1c83f24dabbe4c44a97737bf60fee894) Importer(815301076,1909f56bfc062723c751e8b465ee728b) (PreviewImporter) -> (artifact id: '3003f74af058ea8a345cd3157ab5ba21') in 0.0226696 seconds
Number of updated asset objects reloaded before import = 0Number of asset objects unloaded after import = 3

========================================================================
Received Import Request.
  Time since last request: 0.000029 seconds.
  path: Assets/Arts/番茄钟(新)/UI计时器(选中).png
  artifactKey: Guid(c565c103404287e4d9e154a0edadcedd) Importer(815301076,1909f56bfc062723c751e8b465ee728b)
Start importing Assets/Arts/番茄钟(新)/UI计时器(选中).png using Guid(c565c103404287e4d9e154a0edadcedd) Importer(815301076,1909f56bfc062723c751e8b465ee728b) (PreviewImporter) -> (artifact id: 'fac3a8c3df1ddbf6c1cf92f73867c1a2') in 0.0272268 seconds
Number of updated asset objects reloaded before import = 0Number of asset objects unloaded after import = 3

========================================================================
Received Prepare
Begin MonoManager ReloadAssembly
- Loaded All Assemblies, in  1.137 seconds
Refreshing native plugins compatible for Editor in 1.70 ms, found 4 plugins.
Native extension for WindowsStandalone target not found
Mono: successfully reloaded assembly
- Finished resetting the current domain, in  2.099 seconds
Domain Reload Profiling: 3240ms
	BeginReloadAssembly (321ms)
		ExecutionOrderSort (0ms)
		DisableScriptedObjects (34ms)
		BackupInstance (0ms)
		ReleaseScriptingObjects (0ms)
		CreateAndSetChildDomain (89ms)
	RebuildCommonClasses (47ms)
	RebuildNativeTypeToScriptingClass (19ms)
	initialDomainReloadingComplete (34ms)
	LoadAllAssembliesAndSetupDomain (719ms)
		LoadAssemblies (543ms)
		RebuildTransferFunctionScriptingTraits (0ms)
		AnalyzeDomain (321ms)
			TypeCache.Refresh (10ms)
				TypeCache.ScanAssembly (0ms)
			BuildScriptInfoCaches (285ms)
			ResolveRequiredComponents (19ms)
	FinalizeReload (2099ms)
		ReleaseScriptCaches (0ms)
		RebuildScriptCaches (0ms)
		SetupLoadedEditorAssemblies (1794ms)
			LogAssemblyErrors (0ms)
			InitializePlatformSupportModulesInManaged (5ms)
			SetLoadedEditorAssemblies (9ms)
			BeforeProcessingInitializeOnLoad (196ms)
			ProcessInitializeOnLoadAttributes (1429ms)
			ProcessInitializeOnLoadMethodAttributes (150ms)
			AfterProcessingInitializeOnLoad (3ms)
			EditorAssembliesLoaded (1ms)
		ExecutionOrderSort2 (0ms)
		AwakeInstancesAfterBackupRestoration (31ms)
Refreshing native plugins compatible for Editor in 3.45 ms, found 4 plugins.
Preloading 0 native plugins for Editor in 0.00 ms.
Unloading 13 Unused Serialized files (Serialized files now loaded: 0)
Unloading 7391 unused Assets / (4.7 MB). Loaded Objects now: 8448.
Memory consumption went from 172.5 MB to 167.8 MB.
Total: 37.191700 ms (FindLiveObjects: 0.863600 ms CreateObjectMapping: 0.761900 ms MarkObjects: 31.791100 ms  DeleteObjects: 3.772700 ms)

Prepare: number of updated asset objects reloaded= 0
Editor requested this worker to shutdown with reason: Scaling down because of idle timeout
AssetImportWorker is now disconnected from the server
Process exiting
Exiting without the bug reporter. Application will terminate with return code 0