Using pre-set license
Built from '6000.0/release' branch; Version is '6000.0.35f1 (9a3bc604008a) revision 10107846'; Using compiler version '193933523'; Build Type 'Release'
OS: 'Windows 10  (10.0.19045) 64bit Professional' Language: 'zh' Physical Memory: 81729 MB
BatchMode: 1, IsHumanControllingUs: 0, StartBugReporterOnCrash: 0, Is64bit: 1, IsPro: 1

COMMAND LINE ARGUMENTS:
E:\WorkSoftwares\Unity\6000.0.35f1\Editor\Unity.exe
-adb2
-batchMode
-noUpm
-name
AssetImportWorker13
-projectPath
F:/WorkSpace/Unity_Projects/Outsourcing1/FeatherLandNew
-logFile
Logs/AssetImportWorker13.log
-srvPort
54915
-job-worker-count
9
-background-job-worker-count
8
-gc-helper-count
1
Successfully changed project path to: F:/WorkSpace/Unity_Projects/Outsourcing1/FeatherLandNew
F:/WorkSpace/Unity_Projects/Outsourcing1/FeatherLandNew
[UnityMemory] Configuration Parameters - Can be set up in boot.config
    "memorysetup-bucket-allocator-granularity=16"
    "memorysetup-bucket-allocator-bucket-count=8"
    "memorysetup-bucket-allocator-block-size=33554432"
    "memorysetup-bucket-allocator-block-count=8"
    "memorysetup-main-allocator-block-size=16777216"
    "memorysetup-thread-allocator-block-size=16777216"
    "memorysetup-gfx-main-allocator-block-size=16777216"
    "memorysetup-gfx-thread-allocator-block-size=16777216"
    "memorysetup-cache-allocator-block-size=4194304"
    "memorysetup-typetree-allocator-block-size=2097152"
    "memorysetup-profiler-bucket-allocator-granularity=16"
    "memorysetup-profiler-bucket-allocator-bucket-count=8"
    "memorysetup-profiler-bucket-allocator-block-size=33554432"
    "memorysetup-profiler-bucket-allocator-block-count=8"
    "memorysetup-profiler-allocator-block-size=16777216"
    "memorysetup-profiler-editor-allocator-block-size=1048576"
    "memorysetup-temp-allocator-size-main=16777216"
    "memorysetup-job-temp-allocator-block-size=2097152"
    "memorysetup-job-temp-allocator-block-size-background=1048576"
    "memorysetup-job-temp-allocator-reduction-small-platforms=262144"
    "memorysetup-allocator-temp-initial-block-size-main=262144"
    "memorysetup-allocator-temp-initial-block-size-worker=262144"
    "memorysetup-temp-allocator-size-background-worker=32768"
    "memorysetup-temp-allocator-size-job-worker=262144"
    "memorysetup-temp-allocator-size-preload-manager=33554432"
    "memorysetup-temp-allocator-size-nav-mesh-worker=65536"
    "memorysetup-temp-allocator-size-audio-worker=65536"
    "memorysetup-temp-allocator-size-cloud-worker=32768"
    "memorysetup-temp-allocator-size-gi-baking-worker=262144"
    "memorysetup-temp-allocator-size-gi-baking-worker=262144"
    "memorysetup-temp-allocator-size-gi-baking-worker=262144"
    "memorysetup-temp-allocator-size-gi-baking-worker=262144"
    "memorysetup-temp-allocator-size-gi-baking-worker=262144"
    "memorysetup-temp-allocator-size-gfx=262144"
Player connection [83292]  Target information:

Player connection [83292]  * "[IP] 192.168.2.76 [Port] 0 [Flags] 2 [Guid] 583856041 [EditorId] 583856041 [Version] 1048832 [Id] WindowsEditor(7,wkk) [Debug] 1 [PackageName] WindowsEditor [ProjectName] Editor" 

Player connection [83292]  * "[IP] 172.18.0.1 [Port] 0 [Flags] 2 [Guid] 583856041 [EditorId] 583856041 [Version] 1048832 [Id] WindowsEditor(7,wkk) [Debug] 1 [PackageName] WindowsEditor [ProjectName] Editor" 

Player connection [83292] Host joined multi-casting on [225.0.0.222:54997]...
Player connection [83292] Host joined alternative multi-casting on [225.0.0.222:34997]...
JobSystem: Creating JobQueue using job-worker-count value 9
Input System module state changed to: Initialized.
[Physics::Module] Initialized fallback backend.
[Physics::Module] Id: 0xdecafbad
Library Redirect Path: Library/
[Physics::Module] Selected backend.
[Physics::Module] Name: PhysX
[Physics::Module] Id: 0xf2b8ea05
[Physics::Module] SDK Version: 4.1.2
[Physics::Module] Integration Version: 1.0.0
[Physics::Module] Threading Mode: Multi-Threaded
Refreshing native plugins compatible for Editor in 3.64 ms, found 4 plugins.
Preloading 0 native plugins for Editor in 0.00 ms.
Initialize engine version: 6000.0.35f1 (9a3bc604008a)
[Subsystems] Discovering subsystems at path E:/WorkSoftwares/Unity/6000.0.35f1/Editor/Data/Resources/UnitySubsystems
[Subsystems] Discovering subsystems at path F:/WorkSpace/Unity_Projects/Outsourcing1/FeatherLandNew/Assets
GfxDevice: creating device client; kGfxThreadingModeNonThreaded
Direct3D:
    Version:  Direct3D 11.0 [level 11.1]
    Renderer: NVIDIA GeForce RTX 4070 (ID=0x2786)
    Vendor:   NVIDIA
    VRAM:     12011 MB
    Driver:   32.0.15.7652
Initialize mono
Mono path[0] = 'E:/WorkSoftwares/Unity/6000.0.35f1/Editor/Data/Managed'
Mono path[1] = 'E:/WorkSoftwares/Unity/6000.0.35f1/Editor/Data/MonoBleedingEdge/lib/mono/unityjit-win32'
Mono config path = 'E:/WorkSoftwares/Unity/6000.0.35f1/Editor/Data/MonoBleedingEdge/etc'
Using monoOptions --debugger-agent=transport=dt_socket,embedding=1,server=y,suspend=n,address=127.0.0.1:56916
Begin MonoManager ReloadAssembly
Registering precompiled unity dll's ...
Register platform support module: E:/WorkSoftwares/Unity/6000.0.35f1/Editor/Data/PlaybackEngines/WindowsStandaloneSupport/UnityEditor.WindowsStandalone.Extensions.dll
Register platform support module: E:/WorkSoftwares/Unity/6000.0.35f1/Editor/Data/PlaybackEngines/iOSSupport/UnityEditor.iOS.Extensions.dll
Registered in 0.005179 seconds.
- Loaded All Assemblies, in  0.414 seconds
[usbmuxd] Start listen thread
[usbmuxd] Listen thread started
Native extension for iOS target not found
Native extension for WindowsStandalone target not found
Mono: successfully reloaded assembly
- Finished resetting the current domain, in  0.360 seconds
Domain Reload Profiling: 772ms
	BeginReloadAssembly (149ms)
		ExecutionOrderSort (0ms)
		DisableScriptedObjects (0ms)
		BackupInstance (0ms)
		ReleaseScriptingObjects (0ms)
		CreateAndSetChildDomain (1ms)
	RebuildCommonClasses (37ms)
	RebuildNativeTypeToScriptingClass (13ms)
	initialDomainReloadingComplete (53ms)
	LoadAllAssembliesAndSetupDomain (159ms)
		LoadAssemblies (146ms)
		RebuildTransferFunctionScriptingTraits (0ms)
		AnalyzeDomain (156ms)
			TypeCache.Refresh (154ms)
				TypeCache.ScanAssembly (140ms)
			BuildScriptInfoCaches (0ms)
			ResolveRequiredComponents (0ms)
	FinalizeReload (361ms)
		ReleaseScriptCaches (0ms)
		RebuildScriptCaches (0ms)
		SetupLoadedEditorAssemblies (310ms)
			LogAssemblyErrors (0ms)
			InitializePlatformSupportModulesInManaged (66ms)
			SetLoadedEditorAssemblies (5ms)
			BeforeProcessingInitializeOnLoad (57ms)
			ProcessInitializeOnLoadAttributes (117ms)
			ProcessInitializeOnLoadMethodAttributes (66ms)
			AfterProcessingInitializeOnLoad (0ms)
			EditorAssembliesLoaded (0ms)
		ExecutionOrderSort2 (0ms)
		AwakeInstancesAfterBackupRestoration (0ms)
========================================================================
Worker process is ready to serve import requests
Import Worker Mode flag is 0x00
Begin MonoManager ReloadAssembly
- Loaded All Assemblies, in  1.088 seconds
Refreshing native plugins compatible for Editor in 1.48 ms, found 4 plugins.
Native extension for iOS target not found
Native extension for WindowsStandalone target not found
Mono: successfully reloaded assembly
- Finished resetting the current domain, in  1.538 seconds
Domain Reload Profiling: 2621ms
	BeginReloadAssembly (190ms)
		ExecutionOrderSort (0ms)
		DisableScriptedObjects (7ms)
		BackupInstance (0ms)
		ReleaseScriptingObjects (0ms)
		CreateAndSetChildDomain (33ms)
	RebuildCommonClasses (36ms)
	RebuildNativeTypeToScriptingClass (13ms)
	initialDomainReloadingComplete (44ms)
	LoadAllAssembliesAndSetupDomain (800ms)
		LoadAssemblies (548ms)
		RebuildTransferFunctionScriptingTraits (0ms)
		AnalyzeDomain (366ms)
			TypeCache.Refresh (254ms)
				TypeCache.ScanAssembly (230ms)
			BuildScriptInfoCaches (86ms)
			ResolveRequiredComponents (22ms)
	FinalizeReload (1539ms)
		ReleaseScriptCaches (0ms)
		RebuildScriptCaches (0ms)
		SetupLoadedEditorAssemblies (1377ms)
			LogAssemblyErrors (0ms)
			InitializePlatformSupportModulesInManaged (15ms)
			SetLoadedEditorAssemblies (6ms)
			BeforeProcessingInitializeOnLoad (224ms)
			ProcessInitializeOnLoadAttributes (961ms)
			ProcessInitializeOnLoadMethodAttributes (166ms)
			AfterProcessingInitializeOnLoad (4ms)
			EditorAssembliesLoaded (0ms)
		ExecutionOrderSort2 (0ms)
		AwakeInstancesAfterBackupRestoration (8ms)
Launched and connected shader compiler UnityShaderCompiler.exe after 0.01 seconds
Refreshing native plugins compatible for Editor in 2.02 ms, found 4 plugins.
Preloading 0 native plugins for Editor in 0.00 ms.
Unloading 239 Unused Serialized files (Serialized files now loaded: 0)
Unloading 7371 unused Assets / (4.8 MB). Loaded Objects now: 8160.
Memory consumption went from 193.5 MB to 188.7 MB.
Total: 33.735000 ms (FindLiveObjects: 0.881300 ms CreateObjectMapping: 0.493700 ms MarkObjects: 29.665500 ms  DeleteObjects: 2.693400 ms)

========================================================================
Received Import Request.
  Time since last request: 510363.611186 seconds.
  path: Assets/LoryAnimator.overrideController
  artifactKey: Guid(a58fa5dfd392c394faa98e7f200176c2) Importer(815301076,1909f56bfc062723c751e8b465ee728b)
Start importing Assets/LoryAnimator.overrideController using Guid(a58fa5dfd392c394faa98e7f200176c2) Importer(815301076,1909f56bfc062723c751e8b465ee728b) (PreviewImporter) -> (artifact id: '340a1b7719bbcc8bd2c99d8e66b7d2a5') in 0.0325615 seconds
Number of updated asset objects reloaded before import = 0Number of asset objects unloaded after import = 54

========================================================================
Received Import Request.
  Time since last request: 294.023384 seconds.
  path: Assets/DefaultVolumeProfile.asset
  artifactKey: Guid(3f9215ea0144899419cfbc0957140d3f) Importer(815301076,1909f56bfc062723c751e8b465ee728b)
Start importing Assets/DefaultVolumeProfile.asset using Guid(3f9215ea0144899419cfbc0957140d3f) Importer(815301076,1909f56bfc062723c751e8b465ee728b) (PreviewImporter) -> (artifact id: '8fc6e1485aeb8e3d09c2bfaa23a1f24b') in 0.0013067 seconds
Number of updated asset objects reloaded before import = 20Number of asset objects unloaded after import = 0

========================================================================
Received Import Request.
  Time since last request: 187.359692 seconds.
  path: Assets/Arts/新记事本-20250711T133001Z-1-001/新记事本/日记本-效果图2.jpg
  artifactKey: Guid(723a850e5704b5942ac23b3aedcf1cdf) Importer(815301076,1909f56bfc062723c751e8b465ee728b)
Start importing Assets/Arts/新记事本-20250711T133001Z-1-001/新记事本/日记本-效果图2.jpg using Guid(723a850e5704b5942ac23b3aedcf1cdf) Importer(815301076,1909f56bfc062723c751e8b465ee728b) (PreviewImporter) -> (artifact id: 'ce25670f8154157bae5e836410a1a067') in 0.09787 seconds
Number of updated asset objects reloaded before import = 0Number of asset objects unloaded after import = 3

========================================================================
Received Import Request.
  Time since last request: 0.000021 seconds.
  path: Assets/Arts/新记事本-20250711T133001Z-1-001/新记事本/日记本-标签(选择).png
  artifactKey: Guid(120d6b7475f35924eaec7c18aec2ec93) Importer(815301076,1909f56bfc062723c751e8b465ee728b)
Start importing Assets/Arts/新记事本-20250711T133001Z-1-001/新记事本/日记本-标签(选择).png using Guid(120d6b7475f35924eaec7c18aec2ec93) Importer(815301076,1909f56bfc062723c751e8b465ee728b) (PreviewImporter) -> (artifact id: '72f3096d6e09cd3abba191cb3b82638c') in 0.0348256 seconds
Number of updated asset objects reloaded before import = 0Number of asset objects unloaded after import = 3

========================================================================
Received Import Request.
  Time since last request: 52849.460444 seconds.
  path: Assets/FeatherLandAllBird/Bird_Yellow.prefab
  artifactKey: Guid(7abd69cfb9b3a454f9fc535dbc6ab6e0) Importer(815301076,1909f56bfc062723c751e8b465ee728b)
Start importing Assets/FeatherLandAllBird/Bird_Yellow.prefab using Guid(7abd69cfb9b3a454f9fc535dbc6ab6e0) Importer(815301076,1909f56bfc062723c751e8b465ee728b) (PreviewImporter)The file 'Assets/FeatherLandAllBird/YellowBird/Eat.anim' seems to have merge conflicts. Please open it in a text editor and fix the merge.
UnityEngine.Debug:ExtractStackTraceNoAlloc (byte*,int,string)
UnityEngine.StackTraceUtility:ExtractStackTrace ()
UnityEditor.EditorUtility:Internal_InstantiateRemoveAllNonAnimationComponentsSingle (UnityEngine.Object,UnityEngine.Vector3,UnityEngine.Quaternion)
UnityEditor.EditorUtility:InstantiateRemoveAllNonAnimationComponents (UnityEngine.Object,UnityEngine.Vector3,UnityEngine.Quaternion)
UnityEditor.EditorUtility:InstantiateForAnimatorPreview (UnityEngine.Object)
UnityEditor.GameObjectInspector/PreviewData:UpdateGameObject (UnityEngine.Object)
UnityEditor.GameObjectInspector/PreviewData:.ctor (UnityEngine.Object,bool)
UnityEditor.GameObjectInspector:GetPreviewData (bool)
UnityEditor.GameObjectInspector:RenderStaticPreview (string,UnityEngine.Object[],int,int)
UnityEditor.AssetPreviewUpdater:CreatePreview (UnityEngine.Object,UnityEngine.Object[],string,int,int)
UnityEditor.AssetPreviewUpdater:CreatePreviewForAsset (UnityEngine.Object,UnityEngine.Object[],string)

[ line 0]

 -> (artifact id: '4940ea9b5092f8eccf4a4282500907bb') in 0.5931054 seconds
Number of updated asset objects reloaded before import = 20Number of asset objects unloaded after import = 163

========================================================================
Received Import Request.
  Time since last request: 0.000041 seconds.
  path: Assets/FeatherLandAllBird/Parakeet.prefab
  artifactKey: Guid(fdddc65926a71014e8158e768618d607) Importer(815301076,1909f56bfc062723c751e8b465ee728b)
Start importing Assets/FeatherLandAllBird/Parakeet.prefab using Guid(fdddc65926a71014e8158e768618d607) Importer(815301076,1909f56bfc062723c751e8b465ee728b) (PreviewImporter) -> (artifact id: 'cfaa46b0888476e9fc362724a3f91f21') in 0.144576 seconds
Number of updated asset objects reloaded before import = 0Number of asset objects unloaded after import = 255

========================================================================
Received Import Request.
  Time since last request: 0.000033 seconds.
  path: Assets/FeatherLandAllBird/PinkcockatooPrefab.prefab
  artifactKey: Guid(82048ffcdabdb8e4cb022bb742db8570) Importer(815301076,1909f56bfc062723c751e8b465ee728b)
Start importing Assets/FeatherLandAllBird/PinkcockatooPrefab.prefab using Guid(82048ffcdabdb8e4cb022bb742db8570) Importer(815301076,1909f56bfc062723c751e8b465ee728b) (PreviewImporter) -> (artifact id: 'ebc2e1d094453eb70357afcf7e976b29') in 0.1262441 seconds
Number of updated asset objects reloaded before import = 0Number of asset objects unloaded after import = 267

========================================================================
Received Import Request.
  Time since last request: 7.015923 seconds.
  path: Assets/Scenes
  artifactKey: Guid(e80019fa5b7d159478b3a64e50df1ca2) Importer(815301076,1909f56bfc062723c751e8b465ee728b)
Start importing Assets/Scenes using Guid(e80019fa5b7d159478b3a64e50df1ca2) Importer(815301076,1909f56bfc062723c751e8b465ee728b) (PreviewImporter) -> (artifact id: '5c38dbcdee497c1e795b6662b30a9f3f') in 0.0006518 seconds
Number of updated asset objects reloaded before import = 0Number of asset objects unloaded after import = 0

========================================================================
Received Import Request.
  Time since last request: 25.733739 seconds.
  path: Assets/Scenes/AnimTest.unity
  artifactKey: Guid(43864b1ae3e08f44886dfe3ea395e0ee) Importer(815301076,1909f56bfc062723c751e8b465ee728b)
Start importing Assets/Scenes/AnimTest.unity using Guid(43864b1ae3e08f44886dfe3ea395e0ee) Importer(815301076,1909f56bfc062723c751e8b465ee728b) (PreviewImporter) -> (artifact id: '4cf76862c694210ca428aa93095b8ce4') in 0.0006862 seconds
Number of updated asset objects reloaded before import = 0Number of asset objects unloaded after import = 0

========================================================================
Received Prepare
Refreshing native plugins compatible for Editor in 2.53 ms, found 4 plugins.
Preloading 0 native plugins for Editor in 0.00 ms.
Unloading 13 Unused Serialized files (Serialized files now loaded: 0)
Unloading 7358 unused Assets / (4.6 MB). Loaded Objects now: 8301.
Memory consumption went from 162.5 MB to 157.9 MB.
Total: 51.518000 ms (FindLiveObjects: 1.228300 ms CreateObjectMapping: 1.022700 ms MarkObjects: 45.410800 ms  DeleteObjects: 3.854800 ms)

Prepare: number of updated asset objects reloaded= 0
========================================================================
Received Prepare
Begin MonoManager ReloadAssembly
- Loaded All Assemblies, in  1.106 seconds
Refreshing native plugins compatible for Editor in 2.07 ms, found 4 plugins.
Native extension for iOS target not found
Native extension for WindowsStandalone target not found
Mono: successfully reloaded assembly
- Finished resetting the current domain, in  1.574 seconds
Domain Reload Profiling: 2678ms
	BeginReloadAssembly (293ms)
		ExecutionOrderSort (0ms)
		DisableScriptedObjects (32ms)
		BackupInstance (0ms)
		ReleaseScriptingObjects (0ms)
		CreateAndSetChildDomain (93ms)
	RebuildCommonClasses (37ms)
	RebuildNativeTypeToScriptingClass (15ms)
	initialDomainReloadingComplete (33ms)
	LoadAllAssembliesAndSetupDomain (726ms)
		LoadAssemblies (557ms)
		RebuildTransferFunctionScriptingTraits (0ms)
		AnalyzeDomain (284ms)
			TypeCache.Refresh (25ms)
				TypeCache.ScanAssembly (3ms)
			BuildScriptInfoCaches (240ms)
			ResolveRequiredComponents (14ms)
	FinalizeReload (1575ms)
		ReleaseScriptCaches (0ms)
		RebuildScriptCaches (0ms)
		SetupLoadedEditorAssemblies (1331ms)
			LogAssemblyErrors (0ms)
			InitializePlatformSupportModulesInManaged (13ms)
			SetLoadedEditorAssemblies (7ms)
			BeforeProcessingInitializeOnLoad (218ms)
			ProcessInitializeOnLoadAttributes (986ms)
			ProcessInitializeOnLoadMethodAttributes (100ms)
			AfterProcessingInitializeOnLoad (5ms)
			EditorAssembliesLoaded (0ms)
		ExecutionOrderSort2 (0ms)
		AwakeInstancesAfterBackupRestoration (22ms)
Refreshing native plugins compatible for Editor in 4.80 ms, found 4 plugins.
Preloading 0 native plugins for Editor in 0.00 ms.
Unloading 13 Unused Serialized files (Serialized files now loaded: 0)
Unloading 7370 unused Assets / (6.0 MB). Loaded Objects now: 8205.
Memory consumption went from 162.2 MB to 156.2 MB.
Total: 48.127500 ms (FindLiveObjects: 1.063300 ms CreateObjectMapping: 0.761600 ms MarkObjects: 41.838500 ms  DeleteObjects: 4.462400 ms)

Prepare: number of updated asset objects reloaded= 0
========================================================================
Received Prepare
Begin MonoManager ReloadAssembly
- Loaded All Assemblies, in  1.010 seconds
Refreshing native plugins compatible for Editor in 1.75 ms, found 4 plugins.
Native extension for iOS target not found
Native extension for WindowsStandalone target not found
Mono: successfully reloaded assembly
- Finished resetting the current domain, in  1.463 seconds
Domain Reload Profiling: 2471ms
	BeginReloadAssembly (241ms)
		ExecutionOrderSort (0ms)
		DisableScriptedObjects (16ms)
		BackupInstance (0ms)
		ReleaseScriptingObjects (0ms)
		CreateAndSetChildDomain (73ms)
	RebuildCommonClasses (38ms)
	RebuildNativeTypeToScriptingClass (15ms)
	initialDomainReloadingComplete (36ms)
	LoadAllAssembliesAndSetupDomain (677ms)
		LoadAssemblies (518ms)
		RebuildTransferFunctionScriptingTraits (0ms)
		AnalyzeDomain (270ms)
			TypeCache.Refresh (19ms)
				TypeCache.ScanAssembly (2ms)
			BuildScriptInfoCaches (232ms)
			ResolveRequiredComponents (15ms)
	FinalizeReload (1463ms)
		ReleaseScriptCaches (0ms)
		RebuildScriptCaches (0ms)
		SetupLoadedEditorAssemblies (1224ms)
			LogAssemblyErrors (0ms)
			InitializePlatformSupportModulesInManaged (13ms)
			SetLoadedEditorAssemblies (7ms)
			BeforeProcessingInitializeOnLoad (225ms)
			ProcessInitializeOnLoadAttributes (886ms)
			ProcessInitializeOnLoadMethodAttributes (89ms)
			AfterProcessingInitializeOnLoad (4ms)
			EditorAssembliesLoaded (0ms)
		ExecutionOrderSort2 (0ms)
		AwakeInstancesAfterBackupRestoration (19ms)
Refreshing native plugins compatible for Editor in 2.05 ms, found 4 plugins.
Preloading 0 native plugins for Editor in 0.00 ms.
Unloading 13 Unused Serialized files (Serialized files now loaded: 0)
Unloading 7370 unused Assets / (4.5 MB). Loaded Objects now: 8210.
Memory consumption went from 162.1 MB to 157.6 MB.
Total: 32.413200 ms (FindLiveObjects: 0.965100 ms CreateObjectMapping: 0.443300 ms MarkObjects: 28.005600 ms  DeleteObjects: 2.997600 ms)

Prepare: number of updated asset objects reloaded= 0
========================================================================
Received Import Request.
  Time since last request: 151.910322 seconds.
  path: Assets/Scripts/AnimationTest/AnimationTest.cs
  artifactKey: Guid(7fbb88ab992544dca1f0e13bfd5e8f7d) Importer(815301076,1909f56bfc062723c751e8b465ee728b)
Start importing Assets/Scripts/AnimationTest/AnimationTest.cs using Guid(7fbb88ab992544dca1f0e13bfd5e8f7d) Importer(815301076,1909f56bfc062723c751e8b465ee728b) (PreviewImporter) -> (artifact id: 'd9cdebdfcbc9cc37b2fb4ef7d1539dba') in 0.015133 seconds
Number of updated asset objects reloaded before import = 0Number of asset objects unloaded after import = 0

========================================================================
Received Prepare
Refreshing native plugins compatible for Editor in 2.46 ms, found 4 plugins.
Preloading 0 native plugins for Editor in 0.00 ms.
Unloading 13 Unused Serialized files (Serialized files now loaded: 0)
Unloading 7358 unused Assets / (6.0 MB). Loaded Objects now: 8210.
Memory consumption went from 162.2 MB to 156.3 MB.
Total: 32.393400 ms (FindLiveObjects: 1.049200 ms CreateObjectMapping: 0.478100 ms MarkObjects: 25.389300 ms  DeleteObjects: 5.475500 ms)

Prepare: number of updated asset objects reloaded= 0
========================================================================
Received Import Request.
  Time since last request: 8.169120 seconds.
  path: Assets/Scripts/AnimationTest/AnimationTest.cs
  artifactKey: Guid(7fbb88ab992544dca1f0e13bfd5e8f7d) Importer(815301076,1909f56bfc062723c751e8b465ee728b)
Start importing Assets/Scripts/AnimationTest/AnimationTest.cs using Guid(7fbb88ab992544dca1f0e13bfd5e8f7d) Importer(815301076,1909f56bfc062723c751e8b465ee728b) (PreviewImporter) -> (artifact id: 'b5bbfc87c332e5219b55cc331821df2d') in 0.0041646 seconds
Number of updated asset objects reloaded before import = 0Number of asset objects unloaded after import = 0

========================================================================
Received Prepare
Begin MonoManager ReloadAssembly
- Loaded All Assemblies, in  0.992 seconds
Refreshing native plugins compatible for Editor in 1.96 ms, found 4 plugins.
Native extension for iOS target not found
Native extension for WindowsStandalone target not found
Mono: successfully reloaded assembly
- Finished resetting the current domain, in  1.503 seconds
Domain Reload Profiling: 2495ms
	BeginReloadAssembly (248ms)
		ExecutionOrderSort (0ms)
		DisableScriptedObjects (16ms)
		BackupInstance (0ms)
		ReleaseScriptingObjects (0ms)
		CreateAndSetChildDomain (79ms)
	RebuildCommonClasses (43ms)
	RebuildNativeTypeToScriptingClass (15ms)
	initialDomainReloadingComplete (33ms)
	LoadAllAssembliesAndSetupDomain (653ms)
		LoadAssemblies (494ms)
		RebuildTransferFunctionScriptingTraits (0ms)
		AnalyzeDomain (270ms)
			TypeCache.Refresh (15ms)
				TypeCache.ScanAssembly (2ms)
			BuildScriptInfoCaches (235ms)
			ResolveRequiredComponents (16ms)
	FinalizeReload (1503ms)
		ReleaseScriptCaches (0ms)
		RebuildScriptCaches (0ms)
		SetupLoadedEditorAssemblies (1266ms)
			LogAssemblyErrors (0ms)
			InitializePlatformSupportModulesInManaged (13ms)
			SetLoadedEditorAssemblies (6ms)
			BeforeProcessingInitializeOnLoad (219ms)
			ProcessInitializeOnLoadAttributes (931ms)
			ProcessInitializeOnLoadMethodAttributes (93ms)
			AfterProcessingInitializeOnLoad (4ms)
			EditorAssembliesLoaded (0ms)
		ExecutionOrderSort2 (0ms)
		AwakeInstancesAfterBackupRestoration (17ms)
Refreshing native plugins compatible for Editor in 2.42 ms, found 4 plugins.
Preloading 0 native plugins for Editor in 0.00 ms.
Unloading 13 Unused Serialized files (Serialized files now loaded: 0)
Unloading 7370 unused Assets / (4.3 MB). Loaded Objects now: 8215.
Memory consumption went from 162.1 MB to 157.8 MB.
Total: 29.447900 ms (FindLiveObjects: 1.189100 ms CreateObjectMapping: 0.518200 ms MarkObjects: 25.204700 ms  DeleteObjects: 2.534200 ms)

Prepare: number of updated asset objects reloaded= 0
========================================================================
Received Prepare
Refreshing native plugins compatible for Editor in 2.03 ms, found 4 plugins.
Preloading 0 native plugins for Editor in 0.00 ms.
Unloading 13 Unused Serialized files (Serialized files now loaded: 0)
Unloading 7358 unused Assets / (8.7 MB). Loaded Objects now: 8215.
Memory consumption went from 162.2 MB to 153.6 MB.
Total: 43.358600 ms (FindLiveObjects: 0.942100 ms CreateObjectMapping: 0.423200 ms MarkObjects: 33.814500 ms  DeleteObjects: 8.177200 ms)

Prepare: number of updated asset objects reloaded= 0
========================================================================
Received Prepare
Begin MonoManager ReloadAssembly
- Loaded All Assemblies, in  1.071 seconds
Refreshing native plugins compatible for Editor in 1.67 ms, found 4 plugins.
Native extension for iOS target not found
Native extension for WindowsStandalone target not found
Mono: successfully reloaded assembly
- Finished resetting the current domain, in  1.505 seconds
Domain Reload Profiling: 2575ms
	BeginReloadAssembly (253ms)
		ExecutionOrderSort (0ms)
		DisableScriptedObjects (18ms)
		BackupInstance (0ms)
		ReleaseScriptingObjects (0ms)
		CreateAndSetChildDomain (72ms)
	RebuildCommonClasses (38ms)
	RebuildNativeTypeToScriptingClass (15ms)
	initialDomainReloadingComplete (31ms)
	LoadAllAssembliesAndSetupDomain (733ms)
		LoadAssemblies (567ms)
		RebuildTransferFunctionScriptingTraits (0ms)
		AnalyzeDomain (275ms)
			TypeCache.Refresh (21ms)
				TypeCache.ScanAssembly (2ms)
			BuildScriptInfoCaches (235ms)
			ResolveRequiredComponents (14ms)
	FinalizeReload (1505ms)
		ReleaseScriptCaches (0ms)
		RebuildScriptCaches (0ms)
		SetupLoadedEditorAssemblies (1265ms)
			LogAssemblyErrors (0ms)
			InitializePlatformSupportModulesInManaged (15ms)
			SetLoadedEditorAssemblies (6ms)
			BeforeProcessingInitializeOnLoad (226ms)
			ProcessInitializeOnLoadAttributes (905ms)
			ProcessInitializeOnLoadMethodAttributes (107ms)
			AfterProcessingInitializeOnLoad (5ms)
			EditorAssembliesLoaded (0ms)
		ExecutionOrderSort2 (0ms)
		AwakeInstancesAfterBackupRestoration (22ms)
Refreshing native plugins compatible for Editor in 3.56 ms, found 4 plugins.
Preloading 0 native plugins for Editor in 0.00 ms.
Unloading 13 Unused Serialized files (Serialized files now loaded: 0)
Unloading 7370 unused Assets / (5.5 MB). Loaded Objects now: 8220.
Memory consumption went from 162.1 MB to 156.6 MB.
Total: 30.502700 ms (FindLiveObjects: 0.868300 ms CreateObjectMapping: 0.404900 ms MarkObjects: 25.478800 ms  DeleteObjects: 3.749000 ms)

Prepare: number of updated asset objects reloaded= 0
========================================================================
Received Import Request.
  Time since last request: 397.981461 seconds.
  path: Assets/Prefabs/cockatile_pureYellow.prefab
  artifactKey: Guid(d66cf0c37fe633f4db099bff4bbf10d8) Importer(815301076,1909f56bfc062723c751e8b465ee728b)
Start importing Assets/Prefabs/cockatile_pureYellow.prefab using Guid(d66cf0c37fe633f4db099bff4bbf10d8) Importer(815301076,1909f56bfc062723c751e8b465ee728b) (PreviewImporter) -> (artifact id: '7169dcb3d7b77a168121175056e8b09c') in 0.5976206 seconds
Number of updated asset objects reloaded before import = 0Number of asset objects unloaded after import = 165

========================================================================
Received Prepare
Refreshing native plugins compatible for Editor in 2.79 ms, found 4 plugins.
Preloading 0 native plugins for Editor in 0.00 ms.
Unloading 13 Unused Serialized files (Serialized files now loaded: 0)
Unloading 7358 unused Assets / (5.9 MB). Loaded Objects now: 8344.
Memory consumption went from 167.2 MB to 161.3 MB.
Total: 36.594000 ms (FindLiveObjects: 1.148700 ms CreateObjectMapping: 0.578300 ms MarkObjects: 30.020600 ms  DeleteObjects: 4.844800 ms)

Prepare: number of updated asset objects reloaded= 0
========================================================================
Received Prepare
Begin MonoManager ReloadAssembly
- Loaded All Assemblies, in  1.039 seconds
Refreshing native plugins compatible for Editor in 1.60 ms, found 4 plugins.
Native extension for iOS target not found
Native extension for WindowsStandalone target not found
Mono: successfully reloaded assembly
- Finished resetting the current domain, in  1.442 seconds
Domain Reload Profiling: 2480ms
	BeginReloadAssembly (275ms)
		ExecutionOrderSort (0ms)
		DisableScriptedObjects (30ms)
		BackupInstance (0ms)
		ReleaseScriptingObjects (0ms)
		CreateAndSetChildDomain (83ms)
	RebuildCommonClasses (37ms)
	RebuildNativeTypeToScriptingClass (15ms)
	initialDomainReloadingComplete (31ms)
	LoadAllAssembliesAndSetupDomain (679ms)
		LoadAssemblies (514ms)
		RebuildTransferFunctionScriptingTraits (0ms)
		AnalyzeDomain (274ms)
			TypeCache.Refresh (17ms)
				TypeCache.ScanAssembly (2ms)
			BuildScriptInfoCaches (239ms)
			ResolveRequiredComponents (14ms)
	FinalizeReload (1443ms)
		ReleaseScriptCaches (0ms)
		RebuildScriptCaches (0ms)
		SetupLoadedEditorAssemblies (1212ms)
			LogAssemblyErrors (0ms)
			InitializePlatformSupportModulesInManaged (13ms)
			SetLoadedEditorAssemblies (6ms)
			BeforeProcessingInitializeOnLoad (216ms)
			ProcessInitializeOnLoadAttributes (883ms)
			ProcessInitializeOnLoadMethodAttributes (87ms)
			AfterProcessingInitializeOnLoad (8ms)
			EditorAssembliesLoaded (0ms)
		ExecutionOrderSort2 (0ms)
		AwakeInstancesAfterBackupRestoration (20ms)
Refreshing native plugins compatible for Editor in 4.26 ms, found 4 plugins.
Preloading 0 native plugins for Editor in 0.00 ms.
Unloading 13 Unused Serialized files (Serialized files now loaded: 0)
Unloading 7370 unused Assets / (4.7 MB). Loaded Objects now: 8247.
Memory consumption went from 165.8 MB to 161.0 MB.
Total: 37.019100 ms (FindLiveObjects: 0.991800 ms CreateObjectMapping: 0.393200 ms MarkObjects: 31.805500 ms  DeleteObjects: 3.827200 ms)

Prepare: number of updated asset objects reloaded= 0
========================================================================
Received Prepare
Refreshing native plugins compatible for Editor in 2.27 ms, found 4 plugins.
Preloading 0 native plugins for Editor in 0.00 ms.
Unloading 13 Unused Serialized files (Serialized files now loaded: 0)
Unloading 7358 unused Assets / (4.4 MB). Loaded Objects now: 8247.
Memory consumption went from 165.8 MB to 161.3 MB.
Total: 28.782500 ms (FindLiveObjects: 1.037400 ms CreateObjectMapping: 0.497100 ms MarkObjects: 24.523900 ms  DeleteObjects: 2.722400 ms)

Prepare: number of updated asset objects reloaded= 0
========================================================================
Received Prepare
Begin MonoManager ReloadAssembly
- Loaded All Assemblies, in  1.048 seconds
Refreshing native plugins compatible for Editor in 1.55 ms, found 4 plugins.
Native extension for iOS target not found
Native extension for WindowsStandalone target not found
Mono: successfully reloaded assembly
- Finished resetting the current domain, in  1.426 seconds
Domain Reload Profiling: 2472ms
	BeginReloadAssembly (257ms)
		ExecutionOrderSort (0ms)
		DisableScriptedObjects (16ms)
		BackupInstance (0ms)
		ReleaseScriptingObjects (0ms)
		CreateAndSetChildDomain (73ms)
	RebuildCommonClasses (35ms)
	RebuildNativeTypeToScriptingClass (15ms)
	initialDomainReloadingComplete (31ms)
	LoadAllAssembliesAndSetupDomain (708ms)
		LoadAssemblies (546ms)
		RebuildTransferFunctionScriptingTraits (0ms)
		AnalyzeDomain (277ms)
			TypeCache.Refresh (25ms)
				TypeCache.ScanAssembly (2ms)
			BuildScriptInfoCaches (234ms)
			ResolveRequiredComponents (13ms)
	FinalizeReload (1426ms)
		ReleaseScriptCaches (0ms)
		RebuildScriptCaches (0ms)
		SetupLoadedEditorAssemblies (1196ms)
			LogAssemblyErrors (0ms)
			InitializePlatformSupportModulesInManaged (14ms)
			SetLoadedEditorAssemblies (6ms)
			BeforeProcessingInitializeOnLoad (219ms)
			ProcessInitializeOnLoadAttributes (865ms)
			ProcessInitializeOnLoadMethodAttributes (88ms)
			AfterProcessingInitializeOnLoad (4ms)
			EditorAssembliesLoaded (0ms)
		ExecutionOrderSort2 (0ms)
		AwakeInstancesAfterBackupRestoration (17ms)
Refreshing native plugins compatible for Editor in 3.62 ms, found 4 plugins.
Preloading 0 native plugins for Editor in 0.00 ms.
Unloading 13 Unused Serialized files (Serialized files now loaded: 0)
Unloading 7370 unused Assets / (4.4 MB). Loaded Objects now: 8252.
Memory consumption went from 165.6 MB to 161.2 MB.
Total: 34.548400 ms (FindLiveObjects: 1.270600 ms CreateObjectMapping: 0.431600 ms MarkObjects: 29.186200 ms  DeleteObjects: 3.657600 ms)

Prepare: number of updated asset objects reloaded= 0
========================================================================
Received Prepare
Begin MonoManager ReloadAssembly
- Loaded All Assemblies, in  0.999 seconds
Refreshing native plugins compatible for Editor in 1.48 ms, found 4 plugins.
Native extension for iOS target not found
Native extension for WindowsStandalone target not found
Mono: successfully reloaded assembly
- Finished resetting the current domain, in  1.485 seconds
Domain Reload Profiling: 2483ms
	BeginReloadAssembly (253ms)
		ExecutionOrderSort (0ms)
		DisableScriptedObjects (18ms)
		BackupInstance (0ms)
		ReleaseScriptingObjects (0ms)
		CreateAndSetChildDomain (66ms)
	RebuildCommonClasses (35ms)
	RebuildNativeTypeToScriptingClass (15ms)
	initialDomainReloadingComplete (33ms)
	LoadAllAssembliesAndSetupDomain (662ms)
		LoadAssemblies (520ms)
		RebuildTransferFunctionScriptingTraits (0ms)
		AnalyzeDomain (259ms)
			TypeCache.Refresh (11ms)
				TypeCache.ScanAssembly (0ms)
			BuildScriptInfoCaches (229ms)
			ResolveRequiredComponents (14ms)
	FinalizeReload (1486ms)
		ReleaseScriptCaches (0ms)
		RebuildScriptCaches (0ms)
		SetupLoadedEditorAssemblies (1258ms)
			LogAssemblyErrors (0ms)
			InitializePlatformSupportModulesInManaged (14ms)
			SetLoadedEditorAssemblies (6ms)
			BeforeProcessingInitializeOnLoad (217ms)
			ProcessInitializeOnLoadAttributes (928ms)
			ProcessInitializeOnLoadMethodAttributes (88ms)
			AfterProcessingInitializeOnLoad (4ms)
			EditorAssembliesLoaded (0ms)
		ExecutionOrderSort2 (0ms)
		AwakeInstancesAfterBackupRestoration (17ms)
Refreshing native plugins compatible for Editor in 1.80 ms, found 4 plugins.
Preloading 0 native plugins for Editor in 0.00 ms.
Unloading 13 Unused Serialized files (Serialized files now loaded: 0)
Unloading 7370 unused Assets / (4.4 MB). Loaded Objects now: 8257.
Memory consumption went from 165.6 MB to 161.2 MB.
Total: 29.299500 ms (FindLiveObjects: 0.848400 ms CreateObjectMapping: 0.387400 ms MarkObjects: 25.534600 ms  DeleteObjects: 2.527500 ms)

Prepare: number of updated asset objects reloaded= 0
========================================================================
Received Prepare
Begin MonoManager ReloadAssembly
- Loaded All Assemblies, in  1.013 seconds
Refreshing native plugins compatible for Editor in 1.77 ms, found 4 plugins.
Native extension for iOS target not found
Native extension for WindowsStandalone target not found
Mono: successfully reloaded assembly
- Finished resetting the current domain, in  1.589 seconds
Domain Reload Profiling: 2601ms
	BeginReloadAssembly (265ms)
		ExecutionOrderSort (0ms)
		DisableScriptedObjects (19ms)
		BackupInstance (0ms)
		ReleaseScriptingObjects (0ms)
		CreateAndSetChildDomain (77ms)
	RebuildCommonClasses (36ms)
	RebuildNativeTypeToScriptingClass (15ms)
	initialDomainReloadingComplete (33ms)
	LoadAllAssembliesAndSetupDomain (663ms)
		LoadAssemblies (517ms)
		RebuildTransferFunctionScriptingTraits (0ms)
		AnalyzeDomain (262ms)
			TypeCache.Refresh (11ms)
				TypeCache.ScanAssembly (0ms)
			BuildScriptInfoCaches (232ms)
			ResolveRequiredComponents (14ms)
	FinalizeReload (1590ms)
		ReleaseScriptCaches (0ms)
		RebuildScriptCaches (0ms)
		SetupLoadedEditorAssemblies (1340ms)
			LogAssemblyErrors (0ms)
			InitializePlatformSupportModulesInManaged (15ms)
			SetLoadedEditorAssemblies (6ms)
			BeforeProcessingInitializeOnLoad (232ms)
			ProcessInitializeOnLoadAttributes (983ms)
			ProcessInitializeOnLoadMethodAttributes (98ms)
			AfterProcessingInitializeOnLoad (4ms)
			EditorAssembliesLoaded (0ms)
		ExecutionOrderSort2 (0ms)
		AwakeInstancesAfterBackupRestoration (19ms)
Refreshing native plugins compatible for Editor in 2.29 ms, found 4 plugins.
Preloading 0 native plugins for Editor in 0.00 ms.
Unloading 13 Unused Serialized files (Serialized files now loaded: 0)
Unloading 7370 unused Assets / (6.3 MB). Loaded Objects now: 8262.
Memory consumption went from 165.6 MB to 159.3 MB.
Total: 36.922200 ms (FindLiveObjects: 0.996500 ms CreateObjectMapping: 0.479700 ms MarkObjects: 30.434800 ms  DeleteObjects: 5.009900 ms)

Prepare: number of updated asset objects reloaded= 0
========================================================================
Received Import Request.
  Time since last request: 944.239838 seconds.
  path: Assets/TextMesh Pro/Resources/Fonts & Materials/LiberationSans SDF - Drop Shadow.mat
  artifactKey: Guid(e73a58f6e2794ae7b1b7e50b7fb811b0) Importer(815301076,1909f56bfc062723c751e8b465ee728b)
Start importing Assets/TextMesh Pro/Resources/Fonts & Materials/LiberationSans SDF - Drop Shadow.mat using Guid(e73a58f6e2794ae7b1b7e50b7fb811b0) Importer(815301076,1909f56bfc062723c751e8b465ee728b) (PreviewImporter) -> (artifact id: '899fdb30ffcbd28705b0756e8275acf2') in 0.6297155 seconds
Number of updated asset objects reloaded before import = 0Number of asset objects unloaded after import = 2

========================================================================
Received Prepare
Begin MonoManager ReloadAssembly
- Loaded All Assemblies, in  1.111 seconds
Refreshing native plugins compatible for Editor in 2.38 ms, found 4 plugins.
Native extension for iOS target not found
Native extension for WindowsStandalone target not found
Mono: successfully reloaded assembly
- Finished resetting the current domain, in  1.573 seconds
Domain Reload Profiling: 2682ms
	BeginReloadAssembly (287ms)
		ExecutionOrderSort (0ms)
		DisableScriptedObjects (31ms)
		BackupInstance (0ms)
		ReleaseScriptingObjects (0ms)
		CreateAndSetChildDomain (91ms)
	RebuildCommonClasses (36ms)
	RebuildNativeTypeToScriptingClass (14ms)
	initialDomainReloadingComplete (35ms)
	LoadAllAssembliesAndSetupDomain (737ms)
		LoadAssemblies (589ms)
		RebuildTransferFunctionScriptingTraits (0ms)
		AnalyzeDomain (261ms)
			TypeCache.Refresh (9ms)
				TypeCache.ScanAssembly (0ms)
			BuildScriptInfoCaches (233ms)
			ResolveRequiredComponents (14ms)
	FinalizeReload (1574ms)
		ReleaseScriptCaches (0ms)
		RebuildScriptCaches (0ms)
		SetupLoadedEditorAssemblies (1326ms)
			LogAssemblyErrors (0ms)
			InitializePlatformSupportModulesInManaged (15ms)
			SetLoadedEditorAssemblies (7ms)
			BeforeProcessingInitializeOnLoad (224ms)
			ProcessInitializeOnLoadAttributes (975ms)
			ProcessInitializeOnLoadMethodAttributes (100ms)
			AfterProcessingInitializeOnLoad (5ms)
			EditorAssembliesLoaded (0ms)
		ExecutionOrderSort2 (0ms)
		AwakeInstancesAfterBackupRestoration (20ms)
Refreshing native plugins compatible for Editor in 2.62 ms, found 4 plugins.
Preloading 0 native plugins for Editor in 0.00 ms.
Unloading 13 Unused Serialized files (Serialized files now loaded: 0)
Unloading 7370 unused Assets / (6.1 MB). Loaded Objects now: 8322.
Memory consumption went from 167.6 MB to 161.5 MB.
Total: 44.705200 ms (FindLiveObjects: 1.342200 ms CreateObjectMapping: 0.771100 ms MarkObjects: 34.801800 ms  DeleteObjects: 7.788400 ms)

Prepare: number of updated asset objects reloaded= 0
========================================================================
Received Prepare
Begin MonoManager ReloadAssembly
- Loaded All Assemblies, in  1.037 seconds
Refreshing native plugins compatible for Editor in 1.91 ms, found 4 plugins.
Native extension for iOS target not found
Native extension for WindowsStandalone target not found
Mono: successfully reloaded assembly
- Finished resetting the current domain, in  1.591 seconds
Domain Reload Profiling: 2626ms
	BeginReloadAssembly (259ms)
		ExecutionOrderSort (0ms)
		DisableScriptedObjects (17ms)
		BackupInstance (0ms)
		ReleaseScriptingObjects (0ms)
		CreateAndSetChildDomain (76ms)
	RebuildCommonClasses (36ms)
	RebuildNativeTypeToScriptingClass (15ms)
	initialDomainReloadingComplete (33ms)
	LoadAllAssembliesAndSetupDomain (692ms)
		LoadAssemblies (535ms)
		RebuildTransferFunctionScriptingTraits (0ms)
		AnalyzeDomain (271ms)
			TypeCache.Refresh (10ms)
				TypeCache.ScanAssembly (0ms)
			BuildScriptInfoCaches (241ms)
			ResolveRequiredComponents (14ms)
	FinalizeReload (1591ms)
		ReleaseScriptCaches (0ms)
		RebuildScriptCaches (0ms)
		SetupLoadedEditorAssemblies (1358ms)
			LogAssemblyErrors (0ms)
			InitializePlatformSupportModulesInManaged (16ms)
			SetLoadedEditorAssemblies (6ms)
			BeforeProcessingInitializeOnLoad (227ms)
			ProcessInitializeOnLoadAttributes (998ms)
			ProcessInitializeOnLoadMethodAttributes (105ms)
			AfterProcessingInitializeOnLoad (4ms)
			EditorAssembliesLoaded (0ms)
		ExecutionOrderSort2 (0ms)
		AwakeInstancesAfterBackupRestoration (20ms)
Refreshing native plugins compatible for Editor in 2.58 ms, found 4 plugins.
Preloading 0 native plugins for Editor in 0.00 ms.
Unloading 13 Unused Serialized files (Serialized files now loaded: 0)
Unloading 7370 unused Assets / (5.9 MB). Loaded Objects now: 8327.
Memory consumption went from 167.4 MB to 161.6 MB.
Total: 41.178000 ms (FindLiveObjects: 1.141200 ms CreateObjectMapping: 0.665100 ms MarkObjects: 34.007400 ms  DeleteObjects: 5.362200 ms)

Prepare: number of updated asset objects reloaded= 0
========================================================================
Received Prepare
Refreshing native plugins compatible for Editor in 2.17 ms, found 4 plugins.
Preloading 0 native plugins for Editor in 0.00 ms.
Unloading 13 Unused Serialized files (Serialized files now loaded: 0)
Unloading 7358 unused Assets / (4.2 MB). Loaded Objects now: 8327.
Memory consumption went from 167.6 MB to 163.3 MB.
Total: 53.187200 ms (FindLiveObjects: 0.976800 ms CreateObjectMapping: 0.473800 ms MarkObjects: 49.389700 ms  DeleteObjects: 2.345200 ms)

Prepare: number of updated asset objects reloaded= 0
========================================================================
Received Prepare
Begin MonoManager ReloadAssembly
- Loaded All Assemblies, in  1.013 seconds
Refreshing native plugins compatible for Editor in 1.87 ms, found 4 plugins.
Native extension for iOS target not found
Native extension for WindowsStandalone target not found
Mono: successfully reloaded assembly
- Finished resetting the current domain, in  1.461 seconds
Domain Reload Profiling: 2473ms
	BeginReloadAssembly (256ms)
		ExecutionOrderSort (0ms)
		DisableScriptedObjects (16ms)
		BackupInstance (0ms)
		ReleaseScriptingObjects (0ms)
		CreateAndSetChildDomain (72ms)
	RebuildCommonClasses (41ms)
	RebuildNativeTypeToScriptingClass (15ms)
	initialDomainReloadingComplete (34ms)
	LoadAllAssembliesAndSetupDomain (666ms)
		LoadAssemblies (517ms)
		RebuildTransferFunctionScriptingTraits (0ms)
		AnalyzeDomain (266ms)
			TypeCache.Refresh (14ms)
				TypeCache.ScanAssembly (2ms)
			BuildScriptInfoCaches (234ms)
			ResolveRequiredComponents (13ms)
	FinalizeReload (1462ms)
		ReleaseScriptCaches (0ms)
		RebuildScriptCaches (0ms)
		SetupLoadedEditorAssemblies (1218ms)
			LogAssemblyErrors (0ms)
			InitializePlatformSupportModulesInManaged (15ms)
			SetLoadedEditorAssemblies (6ms)
			BeforeProcessingInitializeOnLoad (213ms)
			ProcessInitializeOnLoadAttributes (886ms)
			ProcessInitializeOnLoadMethodAttributes (93ms)
			AfterProcessingInitializeOnLoad (5ms)
			EditorAssembliesLoaded (1ms)
		ExecutionOrderSort2 (0ms)
		AwakeInstancesAfterBackupRestoration (23ms)
Refreshing native plugins compatible for Editor in 2.70 ms, found 4 plugins.
Preloading 0 native plugins for Editor in 0.00 ms.
Unloading 13 Unused Serialized files (Serialized files now loaded: 0)
Unloading 7370 unused Assets / (4.3 MB). Loaded Objects now: 8332.
Memory consumption went from 167.4 MB to 163.1 MB.
Total: 34.029600 ms (FindLiveObjects: 0.905500 ms CreateObjectMapping: 0.380300 ms MarkObjects: 30.337300 ms  DeleteObjects: 2.405100 ms)

Prepare: number of updated asset objects reloaded= 0
========================================================================
Received Prepare
Begin MonoManager ReloadAssembly
- Loaded All Assemblies, in  1.032 seconds
Refreshing native plugins compatible for Editor in 2.13 ms, found 4 plugins.
Native extension for iOS target not found
Native extension for WindowsStandalone target not found
Mono: successfully reloaded assembly
- Finished resetting the current domain, in  1.580 seconds
Domain Reload Profiling: 2610ms
	BeginReloadAssembly (257ms)
		ExecutionOrderSort (0ms)
		DisableScriptedObjects (16ms)
		BackupInstance (0ms)
		ReleaseScriptingObjects (0ms)
		CreateAndSetChildDomain (73ms)
	RebuildCommonClasses (37ms)
	RebuildNativeTypeToScriptingClass (15ms)
	initialDomainReloadingComplete (36ms)
	LoadAllAssembliesAndSetupDomain (685ms)
		LoadAssemblies (523ms)
		RebuildTransferFunctionScriptingTraits (0ms)
		AnalyzeDomain (277ms)
			TypeCache.Refresh (12ms)
				TypeCache.ScanAssembly (0ms)
			BuildScriptInfoCaches (246ms)
			ResolveRequiredComponents (14ms)
	FinalizeReload (1580ms)
		ReleaseScriptCaches (0ms)
		RebuildScriptCaches (0ms)
		SetupLoadedEditorAssemblies (1331ms)
			LogAssemblyErrors (0ms)
			InitializePlatformSupportModulesInManaged (14ms)
			SetLoadedEditorAssemblies (8ms)
			BeforeProcessingInitializeOnLoad (236ms)
			ProcessInitializeOnLoadAttributes (972ms)
			ProcessInitializeOnLoadMethodAttributes (96ms)
			AfterProcessingInitializeOnLoad (4ms)
			EditorAssembliesLoaded (0ms)
		ExecutionOrderSort2 (0ms)
		AwakeInstancesAfterBackupRestoration (19ms)
Refreshing native plugins compatible for Editor in 2.47 ms, found 4 plugins.
Preloading 0 native plugins for Editor in 0.00 ms.
Unloading 13 Unused Serialized files (Serialized files now loaded: 0)
Unloading 7370 unused Assets / (5.9 MB). Loaded Objects now: 8337.
Memory consumption went from 167.4 MB to 161.5 MB.
Total: 38.799700 ms (FindLiveObjects: 2.714300 ms CreateObjectMapping: 1.420400 ms MarkObjects: 30.160700 ms  DeleteObjects: 4.502900 ms)

Prepare: number of updated asset objects reloaded= 0
========================================================================
Received Prepare
Refreshing native plugins compatible for Editor in 2.46 ms, found 4 plugins.
Preloading 0 native plugins for Editor in 0.00 ms.
Unloading 13 Unused Serialized files (Serialized files now loaded: 0)
Unloading 7358 unused Assets / (4.7 MB). Loaded Objects now: 8337.
Memory consumption went from 167.6 MB to 162.9 MB.
Total: 39.403900 ms (FindLiveObjects: 1.044100 ms CreateObjectMapping: 0.471200 ms MarkObjects: 29.872300 ms  DeleteObjects: 8.014200 ms)

Prepare: number of updated asset objects reloaded= 0
========================================================================
Received Prepare
Begin MonoManager ReloadAssembly
- Loaded All Assemblies, in  1.016 seconds
Refreshing native plugins compatible for Editor in 1.92 ms, found 4 plugins.
Native extension for iOS target not found
Native extension for WindowsStandalone target not found
Mono: successfully reloaded assembly
- Finished resetting the current domain, in  1.453 seconds
Domain Reload Profiling: 2468ms
	BeginReloadAssembly (253ms)
		ExecutionOrderSort (0ms)
		DisableScriptedObjects (16ms)
		BackupInstance (0ms)
		ReleaseScriptingObjects (0ms)
		CreateAndSetChildDomain (63ms)
	RebuildCommonClasses (36ms)
	RebuildNativeTypeToScriptingClass (15ms)
	initialDomainReloadingComplete (32ms)
	LoadAllAssembliesAndSetupDomain (678ms)
		LoadAssemblies (537ms)
		RebuildTransferFunctionScriptingTraits (0ms)
		AnalyzeDomain (262ms)
			TypeCache.Refresh (15ms)
				TypeCache.ScanAssembly (2ms)
			BuildScriptInfoCaches (228ms)
			ResolveRequiredComponents (14ms)
	FinalizeReload (1453ms)
		ReleaseScriptCaches (0ms)
		RebuildScriptCaches (0ms)
		SetupLoadedEditorAssemblies (1217ms)
			LogAssemblyErrors (0ms)
			InitializePlatformSupportModulesInManaged (16ms)
			SetLoadedEditorAssemblies (7ms)
			BeforeProcessingInitializeOnLoad (222ms)
			ProcessInitializeOnLoadAttributes (867ms)
			ProcessInitializeOnLoadMethodAttributes (99ms)
			AfterProcessingInitializeOnLoad (5ms)
			EditorAssembliesLoaded (1ms)
		ExecutionOrderSort2 (0ms)
		AwakeInstancesAfterBackupRestoration (21ms)
Refreshing native plugins compatible for Editor in 2.04 ms, found 4 plugins.
Preloading 0 native plugins for Editor in 0.00 ms.
Unloading 13 Unused Serialized files (Serialized files now loaded: 0)
Unloading 7370 unused Assets / (5.1 MB). Loaded Objects now: 8342.
Memory consumption went from 167.5 MB to 162.4 MB.
Total: 32.792100 ms (FindLiveObjects: 1.147300 ms CreateObjectMapping: 0.499600 ms MarkObjects: 26.872000 ms  DeleteObjects: 4.270700 ms)

Prepare: number of updated asset objects reloaded= 0
========================================================================
Received Prepare
Begin MonoManager ReloadAssembly
- Loaded All Assemblies, in  1.033 seconds
Refreshing native plugins compatible for Editor in 1.72 ms, found 4 plugins.
Native extension for iOS target not found
Native extension for WindowsStandalone target not found
Mono: successfully reloaded assembly
- Finished resetting the current domain, in  1.537 seconds
Domain Reload Profiling: 2570ms
	BeginReloadAssembly (253ms)
		ExecutionOrderSort (0ms)
		DisableScriptedObjects (16ms)
		BackupInstance (0ms)
		ReleaseScriptingObjects (0ms)
		CreateAndSetChildDomain (72ms)
	RebuildCommonClasses (36ms)
	RebuildNativeTypeToScriptingClass (15ms)
	initialDomainReloadingComplete (35ms)
	LoadAllAssembliesAndSetupDomain (692ms)
		LoadAssemblies (537ms)
		RebuildTransferFunctionScriptingTraits (0ms)
		AnalyzeDomain (267ms)
			TypeCache.Refresh (10ms)
				TypeCache.ScanAssembly (0ms)
			BuildScriptInfoCaches (239ms)
			ResolveRequiredComponents (14ms)
	FinalizeReload (1538ms)
		ReleaseScriptCaches (0ms)
		RebuildScriptCaches (0ms)
		SetupLoadedEditorAssemblies (1297ms)
			LogAssemblyErrors (0ms)
			InitializePlatformSupportModulesInManaged (14ms)
			SetLoadedEditorAssemblies (6ms)
			BeforeProcessingInitializeOnLoad (226ms)
			ProcessInitializeOnLoadAttributes (946ms)
			ProcessInitializeOnLoadMethodAttributes (99ms)
			AfterProcessingInitializeOnLoad (4ms)
			EditorAssembliesLoaded (0ms)
		ExecutionOrderSort2 (0ms)
		AwakeInstancesAfterBackupRestoration (19ms)
Refreshing native plugins compatible for Editor in 2.57 ms, found 4 plugins.
Preloading 0 native plugins for Editor in 0.00 ms.
Unloading 13 Unused Serialized files (Serialized files now loaded: 0)
Unloading 7370 unused Assets / (5.1 MB). Loaded Objects now: 8347.
Memory consumption went from 167.5 MB to 162.3 MB.
Total: 39.294800 ms (FindLiveObjects: 1.106200 ms CreateObjectMapping: 0.554600 ms MarkObjects: 30.594000 ms  DeleteObjects: 7.038500 ms)

Prepare: number of updated asset objects reloaded= 0
========================================================================
Received Prepare
Begin MonoManager ReloadAssembly
- Loaded All Assemblies, in  1.048 seconds
Refreshing native plugins compatible for Editor in 2.07 ms, found 4 plugins.
Native extension for iOS target not found
Native extension for WindowsStandalone target not found
Mono: successfully reloaded assembly
- Finished resetting the current domain, in  1.493 seconds
Domain Reload Profiling: 2539ms
	BeginReloadAssembly (275ms)
		ExecutionOrderSort (0ms)
		DisableScriptedObjects (17ms)
		BackupInstance (0ms)
		ReleaseScriptingObjects (0ms)
		CreateAndSetChildDomain (80ms)
	RebuildCommonClasses (39ms)
	RebuildNativeTypeToScriptingClass (15ms)
	initialDomainReloadingComplete (35ms)
	LoadAllAssembliesAndSetupDomain (681ms)
		LoadAssemblies (540ms)
		RebuildTransferFunctionScriptingTraits (0ms)
		AnalyzeDomain (264ms)
			TypeCache.Refresh (11ms)
				TypeCache.ScanAssembly (0ms)
			BuildScriptInfoCaches (235ms)
			ResolveRequiredComponents (14ms)
	FinalizeReload (1494ms)
		ReleaseScriptCaches (0ms)
		RebuildScriptCaches (0ms)
		SetupLoadedEditorAssemblies (1264ms)
			LogAssemblyErrors (0ms)
			InitializePlatformSupportModulesInManaged (13ms)
			SetLoadedEditorAssemblies (6ms)
			BeforeProcessingInitializeOnLoad (214ms)
			ProcessInitializeOnLoadAttributes (935ms)
			ProcessInitializeOnLoadMethodAttributes (91ms)
			AfterProcessingInitializeOnLoad (4ms)
			EditorAssembliesLoaded (1ms)
		ExecutionOrderSort2 (0ms)
		AwakeInstancesAfterBackupRestoration (19ms)
Refreshing native plugins compatible for Editor in 1.86 ms, found 4 plugins.
Preloading 0 native plugins for Editor in 0.00 ms.
Unloading 13 Unused Serialized files (Serialized files now loaded: 0)
Unloading 7370 unused Assets / (4.4 MB). Loaded Objects now: 8352.
Memory consumption went from 167.5 MB to 163.1 MB.
Total: 30.800300 ms (FindLiveObjects: 0.917300 ms CreateObjectMapping: 0.400400 ms MarkObjects: 26.664200 ms  DeleteObjects: 2.816900 ms)

Prepare: number of updated asset objects reloaded= 0
========================================================================
Received Prepare
Refreshing native plugins compatible for Editor in 2.17 ms, found 4 plugins.
Preloading 0 native plugins for Editor in 0.00 ms.
Unloading 13 Unused Serialized files (Serialized files now loaded: 0)
Unloading 7358 unused Assets / (4.7 MB). Loaded Objects now: 8352.
Memory consumption went from 167.6 MB to 162.9 MB.
Total: 31.981700 ms (FindLiveObjects: 1.528100 ms CreateObjectMapping: 0.606000 ms MarkObjects: 26.854700 ms  DeleteObjects: 2.991200 ms)

Prepare: number of updated asset objects reloaded= 0
========================================================================
Received Prepare
Begin MonoManager ReloadAssembly
- Loaded All Assemblies, in  0.989 seconds
Refreshing native plugins compatible for Editor in 1.91 ms, found 4 plugins.
Native extension for iOS target not found
Native extension for WindowsStandalone target not found
Mono: successfully reloaded assembly
- Finished resetting the current domain, in  1.452 seconds
Domain Reload Profiling: 2440ms
	BeginReloadAssembly (232ms)
		ExecutionOrderSort (0ms)
		DisableScriptedObjects (18ms)
		BackupInstance (0ms)
		ReleaseScriptingObjects (0ms)
		CreateAndSetChildDomain (67ms)
	RebuildCommonClasses (36ms)
	RebuildNativeTypeToScriptingClass (15ms)
	initialDomainReloadingComplete (35ms)
	LoadAllAssembliesAndSetupDomain (670ms)
		LoadAssemblies (507ms)
		RebuildTransferFunctionScriptingTraits (0ms)
		AnalyzeDomain (270ms)
			TypeCache.Refresh (16ms)
				TypeCache.ScanAssembly (2ms)
			BuildScriptInfoCaches (235ms)
			ResolveRequiredComponents (14ms)
	FinalizeReload (1452ms)
		ReleaseScriptCaches (0ms)
		RebuildScriptCaches (0ms)
		SetupLoadedEditorAssemblies (1227ms)
			LogAssemblyErrors (0ms)
			InitializePlatformSupportModulesInManaged (14ms)
			SetLoadedEditorAssemblies (6ms)
			BeforeProcessingInitializeOnLoad (212ms)
			ProcessInitializeOnLoadAttributes (899ms)
			ProcessInitializeOnLoadMethodAttributes (91ms)
			AfterProcessingInitializeOnLoad (4ms)
			EditorAssembliesLoaded (0ms)
		ExecutionOrderSort2 (0ms)
		AwakeInstancesAfterBackupRestoration (21ms)
Refreshing native plugins compatible for Editor in 2.02 ms, found 4 plugins.
Preloading 0 native plugins for Editor in 0.00 ms.
Unloading 13 Unused Serialized files (Serialized files now loaded: 0)
Unloading 7370 unused Assets / (4.3 MB). Loaded Objects now: 8357.
Memory consumption went from 167.5 MB to 163.2 MB.
Total: 34.624200 ms (FindLiveObjects: 1.175800 ms CreateObjectMapping: 0.549800 ms MarkObjects: 29.874000 ms  DeleteObjects: 3.022900 ms)

Prepare: number of updated asset objects reloaded= 0
========================================================================
Received Prepare
Begin MonoManager ReloadAssembly
- Loaded All Assemblies, in  1.005 seconds
Refreshing native plugins compatible for Editor in 2.20 ms, found 4 plugins.
Native extension for iOS target not found
Native extension for WindowsStandalone target not found
Mono: successfully reloaded assembly
- Finished resetting the current domain, in  1.554 seconds
Domain Reload Profiling: 2558ms
	BeginReloadAssembly (261ms)
		ExecutionOrderSort (0ms)
		DisableScriptedObjects (16ms)
		BackupInstance (0ms)
		ReleaseScriptingObjects (0ms)
		CreateAndSetChildDomain (76ms)
	RebuildCommonClasses (37ms)
	RebuildNativeTypeToScriptingClass (15ms)
	initialDomainReloadingComplete (33ms)
	LoadAllAssembliesAndSetupDomain (656ms)
		LoadAssemblies (520ms)
		RebuildTransferFunctionScriptingTraits (0ms)
		AnalyzeDomain (254ms)
			TypeCache.Refresh (9ms)
				TypeCache.ScanAssembly (0ms)
			BuildScriptInfoCaches (225ms)
			ResolveRequiredComponents (13ms)
	FinalizeReload (1555ms)
		ReleaseScriptCaches (0ms)
		RebuildScriptCaches (0ms)
		SetupLoadedEditorAssemblies (1319ms)
			LogAssemblyErrors (0ms)
			InitializePlatformSupportModulesInManaged (14ms)
			SetLoadedEditorAssemblies (6ms)
			BeforeProcessingInitializeOnLoad (220ms)
			ProcessInitializeOnLoadAttributes (981ms)
			ProcessInitializeOnLoadMethodAttributes (92ms)
			AfterProcessingInitializeOnLoad (4ms)
			EditorAssembliesLoaded (0ms)
		ExecutionOrderSort2 (0ms)
		AwakeInstancesAfterBackupRestoration (19ms)
Refreshing native plugins compatible for Editor in 2.19 ms, found 4 plugins.
Preloading 0 native plugins for Editor in 0.00 ms.
Unloading 13 Unused Serialized files (Serialized files now loaded: 0)
Unloading 7370 unused Assets / (4.4 MB). Loaded Objects now: 8362.
Memory consumption went from 167.5 MB to 163.0 MB.
Total: 30.351300 ms (FindLiveObjects: 1.680300 ms CreateObjectMapping: 0.834600 ms MarkObjects: 24.973800 ms  DeleteObjects: 2.861100 ms)

Prepare: number of updated asset objects reloaded= 0
========================================================================
Received Prepare
Begin MonoManager ReloadAssembly
- Loaded All Assemblies, in  1.104 seconds
Refreshing native plugins compatible for Editor in 1.63 ms, found 4 plugins.
Native extension for iOS target not found
Native extension for WindowsStandalone target not found
Mono: successfully reloaded assembly
- Finished resetting the current domain, in  1.460 seconds
Domain Reload Profiling: 2561ms
	BeginReloadAssembly (284ms)
		ExecutionOrderSort (0ms)
		DisableScriptedObjects (16ms)
		BackupInstance (0ms)
		ReleaseScriptingObjects (0ms)
		CreateAndSetChildDomain (71ms)
	RebuildCommonClasses (42ms)
	RebuildNativeTypeToScriptingClass (64ms)
	initialDomainReloadingComplete (45ms)
	LoadAllAssembliesAndSetupDomain (665ms)
		LoadAssemblies (528ms)
		RebuildTransferFunctionScriptingTraits (0ms)
		AnalyzeDomain (279ms)
			TypeCache.Refresh (13ms)
				TypeCache.ScanAssembly (0ms)
			BuildScriptInfoCaches (247ms)
			ResolveRequiredComponents (13ms)
	FinalizeReload (1461ms)
		ReleaseScriptCaches (0ms)
		RebuildScriptCaches (0ms)
		SetupLoadedEditorAssemblies (1223ms)
			LogAssemblyErrors (0ms)
			InitializePlatformSupportModulesInManaged (13ms)
			SetLoadedEditorAssemblies (6ms)
			BeforeProcessingInitializeOnLoad (221ms)
			ProcessInitializeOnLoadAttributes (889ms)
			ProcessInitializeOnLoadMethodAttributes (89ms)
			AfterProcessingInitializeOnLoad (4ms)
			EditorAssembliesLoaded (0ms)
		ExecutionOrderSort2 (0ms)
		AwakeInstancesAfterBackupRestoration (19ms)
Refreshing native plugins compatible for Editor in 2.47 ms, found 4 plugins.
Preloading 0 native plugins for Editor in 0.00 ms.
Unloading 13 Unused Serialized files (Serialized files now loaded: 0)
Unloading 7370 unused Assets / (4.7 MB). Loaded Objects now: 8367.
Memory consumption went from 167.5 MB to 162.8 MB.
Total: 55.620100 ms (FindLiveObjects: 1.364100 ms CreateObjectMapping: 0.735100 ms MarkObjects: 49.160600 ms  DeleteObjects: 4.358300 ms)

Prepare: number of updated asset objects reloaded= 0
========================================================================
Received Import Request.
  Time since last request: 651.855808 seconds.
  path: Assets/Prefabs/Config/BirdConfig.asset
  artifactKey: Guid(02931304290770042954846a9a99f784) Importer(815301076,1909f56bfc062723c751e8b465ee728b)
Start importing Assets/Prefabs/Config/BirdConfig.asset using Guid(02931304290770042954846a9a99f784) Importer(815301076,1909f56bfc062723c751e8b465ee728b) (PreviewImporter) -> (artifact id: '86b15ee3f9c352adea80aefdb3b0c82b') in 0.1095807 seconds
Number of updated asset objects reloaded before import = 0Number of asset objects unloaded after import = 1

========================================================================
Received Import Request.
  Time since last request: 0.000016 seconds.
  path: Assets/Prefabs/Config/ShopConfig.asset
  artifactKey: Guid(2e7415c7460d35645ba6b6bcab376a7b) Importer(815301076,1909f56bfc062723c751e8b465ee728b)
Start importing Assets/Prefabs/Config/ShopConfig.asset using Guid(2e7415c7460d35645ba6b6bcab376a7b) Importer(815301076,1909f56bfc062723c751e8b465ee728b) (PreviewImporter) -> (artifact id: '27419b881a38ccedbd75715b532318f0') in 0.0015272 seconds
Number of updated asset objects reloaded before import = 0Number of asset objects unloaded after import = 1

========================================================================
Received Import Request.
  Time since last request: 44.494318 seconds.
  path: Assets/Prefabs/Config/BirdConfig.asset
  artifactKey: Guid(02931304290770042954846a9a99f784) Importer(815301076,1909f56bfc062723c751e8b465ee728b)
Start importing Assets/Prefabs/Config/BirdConfig.asset using Guid(02931304290770042954846a9a99f784) Importer(815301076,1909f56bfc062723c751e8b465ee728b) (PreviewImporter) -> (artifact id: 'a7699e2489394e774070a6e66ec51063') in 0.0124746 seconds
Number of updated asset objects reloaded before import = 0Number of asset objects unloaded after import = 72

========================================================================
Received Import Request.
  Time since last request: 26.005091 seconds.
  path: Assets/Prefabs/Config/RadioConfig.asset
  artifactKey: Guid(c7d18c7d178ab9e4c9d8b22d18884bdc) Importer(815301076,1909f56bfc062723c751e8b465ee728b)
Start importing Assets/Prefabs/Config/RadioConfig.asset using Guid(c7d18c7d178ab9e4c9d8b22d18884bdc) Importer(815301076,1909f56bfc062723c751e8b465ee728b) (PreviewImporter) -> (artifact id: 'aaa98a9762fb3cde7b9ae88bdee7b7a1') in 0.0018712 seconds
Number of updated asset objects reloaded before import = 0Number of asset objects unloaded after import = 3

========================================================================
Received Import Request.
  Time since last request: 3.381091 seconds.
  path: Assets/Arts/商店(新)/商店- 鸡蛋-小蛋1.png
  artifactKey: Guid(e4ff337a7f83e844e83fe5113d6b219b) Importer(815301076,1909f56bfc062723c751e8b465ee728b)
Start importing Assets/Arts/商店(新)/商店- 鸡蛋-小蛋1.png using Guid(e4ff337a7f83e844e83fe5113d6b219b) Importer(815301076,1909f56bfc062723c751e8b465ee728b) (PreviewImporter) -> (artifact id: '0cede4883b2f94a4290129bc653bd073') in 0.051326 seconds
Number of updated asset objects reloaded before import = 0Number of asset objects unloaded after import = 3

========================================================================
Received Import Request.
  Time since last request: 0.006883 seconds.
  path: Assets/Arts/商店(新)/商店- 鸡蛋-小蛋2.png
  artifactKey: Guid(1170092e8fa8e1142a7e347132e8ea45) Importer(815301076,1909f56bfc062723c751e8b465ee728b)
Start importing Assets/Arts/商店(新)/商店- 鸡蛋-小蛋2.png using Guid(1170092e8fa8e1142a7e347132e8ea45) Importer(815301076,1909f56bfc062723c751e8b465ee728b) (PreviewImporter) -> (artifact id: '104b95db9d4432fe1d0aa718b83ff505') in 0.0279072 seconds
Number of updated asset objects reloaded before import = 0Number of asset objects unloaded after import = 3

========================================================================
Received Import Request.
  Time since last request: 0.000015 seconds.
  path: Assets/Arts/商店(新)/商店- 鸡蛋-小蛋4.png
  artifactKey: Guid(3983a1dbff14cd040915f5a365b4942e) Importer(815301076,1909f56bfc062723c751e8b465ee728b)
Start importing Assets/Arts/商店(新)/商店- 鸡蛋-小蛋4.png using Guid(3983a1dbff14cd040915f5a365b4942e) Importer(815301076,1909f56bfc062723c751e8b465ee728b) (PreviewImporter) -> (artifact id: '823bf14a3c3e322895125af540e3d60a') in 0.020643 seconds
Number of updated asset objects reloaded before import = 0Number of asset objects unloaded after import = 3

========================================================================
Received Import Request.
  Time since last request: 15.117555 seconds.
  path: Assets/FeatherLandAllBird/鹦鹉003RE(1)/鹦鹉003RE/走路循环/002.png
  artifactKey: Guid(df1cb1fa5da603643a14cdba4c17c990) Importer(815301076,1909f56bfc062723c751e8b465ee728b)
Start importing Assets/FeatherLandAllBird/鹦鹉003RE(1)/鹦鹉003RE/走路循环/002.png using Guid(df1cb1fa5da603643a14cdba4c17c990) Importer(815301076,1909f56bfc062723c751e8b465ee728b) (PreviewImporter) -> (artifact id: 'f5a8bb5a22c29c3cf854fd31d42817ee') in 0.0170095 seconds
Number of updated asset objects reloaded before import = 0Number of asset objects unloaded after import = 3

========================================================================
Received Import Request.
  Time since last request: 0.031846 seconds.
  path: Assets/FeatherLandAllBird/鹦鹉003RE(1)/鹦鹉003RE/飞行（包含起飞和降落及姿势转换）序列帧/002.png
  artifactKey: Guid(89041a1d3a0f0f245b36fbe71ce4aa41) Importer(815301076,1909f56bfc062723c751e8b465ee728b)
Start importing Assets/FeatherLandAllBird/鹦鹉003RE(1)/鹦鹉003RE/飞行（包含起飞和降落及姿势转换）序列帧/002.png using Guid(89041a1d3a0f0f245b36fbe71ce4aa41) Importer(815301076,1909f56bfc062723c751e8b465ee728b) (PreviewImporter) -> (artifact id: 'c94174c9b5540c50dc156e6e4ba0b9fc') in 0.0118492 seconds
Number of updated asset objects reloaded before import = 0Number of asset objects unloaded after import = 3

========================================================================
Received Import Request.
  Time since last request: 7.576284 seconds.
  path: Assets/FeatherLandAllBird/鹦鹉003RE(1)/鹦鹉003RE/走路循环/004.png
  artifactKey: Guid(e9d3bddcfe790b54b8575f3be3fb3238) Importer(815301076,1909f56bfc062723c751e8b465ee728b)
Start importing Assets/FeatherLandAllBird/鹦鹉003RE(1)/鹦鹉003RE/走路循环/004.png using Guid(e9d3bddcfe790b54b8575f3be3fb3238) Importer(815301076,1909f56bfc062723c751e8b465ee728b) (PreviewImporter) -> (artifact id: '77d2d30701ee395ae79827bb1dd03b84') in 0.012485 seconds
Number of updated asset objects reloaded before import = 0Number of asset objects unloaded after import = 3

========================================================================
Received Import Request.
  Time since last request: 5.718734 seconds.
  path: Assets/FeatherLandAllBird/鹦鹉003RE(1)/鹦鹉003RE/走路循环/006.png
  artifactKey: Guid(dee621eeb4a3c6f43978e7558481439f) Importer(815301076,1909f56bfc062723c751e8b465ee728b)
Start importing Assets/FeatherLandAllBird/鹦鹉003RE(1)/鹦鹉003RE/走路循环/006.png using Guid(dee621eeb4a3c6f43978e7558481439f) Importer(815301076,1909f56bfc062723c751e8b465ee728b) (PreviewImporter) -> (artifact id: '19d4dbbe2e5407bc51f688863a918404') in 0.0203323 seconds
Number of updated asset objects reloaded before import = 0Number of asset objects unloaded after import = 3

========================================================================
Received Import Request.
  Time since last request: 0.000018 seconds.
  path: Assets/FeatherLandAllBird/鹦鹉003RE(1)/鹦鹉003RE/飞行（包含起飞和降落及姿势转换）序列帧/006.png
  artifactKey: Guid(a3e9d75a5a6b3ed4ab9f967131e96e8b) Importer(815301076,1909f56bfc062723c751e8b465ee728b)
Start importing Assets/FeatherLandAllBird/鹦鹉003RE(1)/鹦鹉003RE/飞行（包含起飞和降落及姿势转换）序列帧/006.png using Guid(a3e9d75a5a6b3ed4ab9f967131e96e8b) Importer(815301076,1909f56bfc062723c751e8b465ee728b) (PreviewImporter) -> (artifact id: '928b59e1d450a1a1074f7899ad06e4b8') in 0.0117197 seconds
Number of updated asset objects reloaded before import = 0Number of asset objects unloaded after import = 3

========================================================================
Received Import Request.
  Time since last request: 22.956348 seconds.
  path: Assets/FeatherLandAllBird/鹦鹉003RE(1)/鹦鹉003RE/走路循环/008.png
  artifactKey: Guid(339d5f8811f9cb148a99a22ef66ac909) Importer(815301076,1909f56bfc062723c751e8b465ee728b)
Start importing Assets/FeatherLandAllBird/鹦鹉003RE(1)/鹦鹉003RE/走路循环/008.png using Guid(339d5f8811f9cb148a99a22ef66ac909) Importer(815301076,1909f56bfc062723c751e8b465ee728b) (PreviewImporter) -> (artifact id: '9653e6db920759fb000afb522a18caed') in 0.0096423 seconds
Number of updated asset objects reloaded before import = 0Number of asset objects unloaded after import = 3

========================================================================
Received Import Request.
  Time since last request: 1.248353 seconds.
  path: Assets/FeatherLandAllBird/鹦鹉003RE(1)/鹦鹉003RE/走路循环/010.png
  artifactKey: Guid(b8520d69a5aa813488045a26541ead76) Importer(815301076,1909f56bfc062723c751e8b465ee728b)
Start importing Assets/FeatherLandAllBird/鹦鹉003RE(1)/鹦鹉003RE/走路循环/010.png using Guid(b8520d69a5aa813488045a26541ead76) Importer(815301076,1909f56bfc062723c751e8b465ee728b) (PreviewImporter) -> (artifact id: 'c2e547ee3ff415c3f50b83ceae0b48bf') in 0.0093728 seconds
Number of updated asset objects reloaded before import = 0Number of asset objects unloaded after import = 3

========================================================================
Received Import Request.
  Time since last request: 0.002618 seconds.
  path: Assets/FeatherLandAllBird/鹦鹉003RE(1)/鹦鹉003RE/飞行（包含起飞和降落及姿势转换）序列帧/011.png
  artifactKey: Guid(99dd9a8dd6f9c9548a3a9d2d8554916f) Importer(815301076,1909f56bfc062723c751e8b465ee728b)
Start importing Assets/FeatherLandAllBird/鹦鹉003RE(1)/鹦鹉003RE/飞行（包含起飞和降落及姿势转换）序列帧/011.png using Guid(99dd9a8dd6f9c9548a3a9d2d8554916f) Importer(815301076,1909f56bfc062723c751e8b465ee728b) (PreviewImporter) -> (artifact id: '9f4a2a1cb8589ad388a90a89a00a413a') in 0.0091372 seconds
Number of updated asset objects reloaded before import = 0Number of asset objects unloaded after import = 3

========================================================================
Received Import Request.
  Time since last request: 0.000019 seconds.
  path: Assets/FeatherLandAllBird/鹦鹉003RE(1)/鹦鹉003RE/飞行（包含起飞和降落及姿势转换）序列帧/012.png
  artifactKey: Guid(7cff78b5a7dcb9e4a8adfcb731aaa394) Importer(815301076,1909f56bfc062723c751e8b465ee728b)
Start importing Assets/FeatherLandAllBird/鹦鹉003RE(1)/鹦鹉003RE/飞行（包含起飞和降落及姿势转换）序列帧/012.png using Guid(7cff78b5a7dcb9e4a8adfcb731aaa394) Importer(815301076,1909f56bfc062723c751e8b465ee728b) (PreviewImporter) -> (artifact id: '7baa78baa1b09e7693fca2236cba2b5e') in 0.0082583 seconds
Number of updated asset objects reloaded before import = 0Number of asset objects unloaded after import = 3

========================================================================
Received Import Request.
  Time since last request: 0.002356 seconds.
  path: Assets/FeatherLandAllBird/鹦鹉003RE(1)/鹦鹉003RE/飞行（包含起飞和降落及姿势转换）序列帧/014.png
  artifactKey: Guid(ba379afbce211ab4e98c3beaa2207a8a) Importer(815301076,1909f56bfc062723c751e8b465ee728b)
Start importing Assets/FeatherLandAllBird/鹦鹉003RE(1)/鹦鹉003RE/飞行（包含起飞和降落及姿势转换）序列帧/014.png using Guid(ba379afbce211ab4e98c3beaa2207a8a) Importer(815301076,1909f56bfc062723c751e8b465ee728b) (PreviewImporter) -> (artifact id: '33e4c31de8cab4612600bc0942b2ae3d') in 0.0079535 seconds
Number of updated asset objects reloaded before import = 0Number of asset objects unloaded after import = 3

========================================================================
Received Import Request.
  Time since last request: 0.000015 seconds.
  path: Assets/FeatherLandAllBird/鹦鹉003RE(1)/鹦鹉003RE/走路循环/014.png
  artifactKey: Guid(a4e740a5dcf3ea249acab76cbefcbfda) Importer(815301076,1909f56bfc062723c751e8b465ee728b)
Start importing Assets/FeatherLandAllBird/鹦鹉003RE(1)/鹦鹉003RE/走路循环/014.png using Guid(a4e740a5dcf3ea249acab76cbefcbfda) Importer(815301076,1909f56bfc062723c751e8b465ee728b) (PreviewImporter) -> (artifact id: '370d17e1d447ed2d169c685edc071e07') in 0.0099415 seconds
Number of updated asset objects reloaded before import = 0Number of asset objects unloaded after import = 3

========================================================================
Received Import Request.
  Time since last request: 0.047644 seconds.
  path: Assets/FeatherLandAllBird/鹦鹉003RE(1)/鹦鹉003RE/飞行（包含起飞和降落及姿势转换）序列帧/016.png
  artifactKey: Guid(f3e15f63a3ac9104e903cf3a9ef73c0b) Importer(815301076,1909f56bfc062723c751e8b465ee728b)
Start importing Assets/FeatherLandAllBird/鹦鹉003RE(1)/鹦鹉003RE/飞行（包含起飞和降落及姿势转换）序列帧/016.png using Guid(f3e15f63a3ac9104e903cf3a9ef73c0b) Importer(815301076,1909f56bfc062723c751e8b465ee728b) (PreviewImporter) -> (artifact id: '2e47585ac2e829fd744eaf6481f27de8') in 0.0100534 seconds
Number of updated asset objects reloaded before import = 0Number of asset objects unloaded after import = 3

========================================================================
Received Import Request.
  Time since last request: 0.030468 seconds.
  path: Assets/FeatherLandAllBird/鹦鹉003RE(1)/鹦鹉003RE/飞行（包含起飞和降落及姿势转换）序列帧/018.png
  artifactKey: Guid(b0db53739a44af947b69fd523c4b2d2e) Importer(815301076,1909f56bfc062723c751e8b465ee728b)
Start importing Assets/FeatherLandAllBird/鹦鹉003RE(1)/鹦鹉003RE/飞行（包含起飞和降落及姿势转换）序列帧/018.png using Guid(b0db53739a44af947b69fd523c4b2d2e) Importer(815301076,1909f56bfc062723c751e8b465ee728b) (PreviewImporter) -> (artifact id: '623cb63dbe1602bd313f5349479d0e8d') in 0.0100562 seconds
Number of updated asset objects reloaded before import = 0Number of asset objects unloaded after import = 3

========================================================================
Received Import Request.
  Time since last request: 0.062036 seconds.
  path: Assets/FeatherLandAllBird/鹦鹉003RE(1)/鹦鹉003RE/飞行（包含起飞和降落及姿势转换）序列帧/019.png
  artifactKey: Guid(cf198c5611addd34c8b1189cffdc0c26) Importer(815301076,1909f56bfc062723c751e8b465ee728b)
Start importing Assets/FeatherLandAllBird/鹦鹉003RE(1)/鹦鹉003RE/飞行（包含起飞和降落及姿势转换）序列帧/019.png using Guid(cf198c5611addd34c8b1189cffdc0c26) Importer(815301076,1909f56bfc062723c751e8b465ee728b) (PreviewImporter) -> (artifact id: '952958070e712359810c8daed315d466') in 0.008481 seconds
Number of updated asset objects reloaded before import = 0Number of asset objects unloaded after import = 3

========================================================================
Received Import Request.
  Time since last request: 0.006234 seconds.
  path: Assets/FeatherLandAllBird/鹦鹉003RE(1)/鹦鹉003RE/飞行（包含起飞和降落及姿势转换）序列帧/020.png
  artifactKey: Guid(0587764cdb1263f48b73fa13de80ba16) Importer(815301076,1909f56bfc062723c751e8b465ee728b)
Start importing Assets/FeatherLandAllBird/鹦鹉003RE(1)/鹦鹉003RE/飞行（包含起飞和降落及姿势转换）序列帧/020.png using Guid(0587764cdb1263f48b73fa13de80ba16) Importer(815301076,1909f56bfc062723c751e8b465ee728b) (PreviewImporter) -> (artifact id: '0aca78d45b5578746793a237c8aca7da') in 0.0089567 seconds
Number of updated asset objects reloaded before import = 0Number of asset objects unloaded after import = 3

========================================================================
Received Import Request.
  Time since last request: 0.009210 seconds.
  path: Assets/FeatherLandAllBird/鹦鹉003RE(1)/鹦鹉003RE/飞行（包含起飞和降落及姿势转换）序列帧/021.png
  artifactKey: Guid(e8ed74e4873ed944187d8271b5886ace) Importer(815301076,1909f56bfc062723c751e8b465ee728b)
Start importing Assets/FeatherLandAllBird/鹦鹉003RE(1)/鹦鹉003RE/飞行（包含起飞和降落及姿势转换）序列帧/021.png using Guid(e8ed74e4873ed944187d8271b5886ace) Importer(815301076,1909f56bfc062723c751e8b465ee728b) (PreviewImporter) -> (artifact id: '137cd3e0cd5e2ab66f3e58c7f202571b') in 0.0097597 seconds
Number of updated asset objects reloaded before import = 0Number of asset objects unloaded after import = 3

========================================================================
Received Import Request.
  Time since last request: 0.027387 seconds.
  path: Assets/FeatherLandAllBird/鹦鹉003RE(1)/鹦鹉003RE/飞行（包含起飞和降落及姿势转换）序列帧/023.png
  artifactKey: Guid(32f7bdb4f1867384286bf56cf337cf18) Importer(815301076,1909f56bfc062723c751e8b465ee728b)
Start importing Assets/FeatherLandAllBird/鹦鹉003RE(1)/鹦鹉003RE/飞行（包含起飞和降落及姿势转换）序列帧/023.png using Guid(32f7bdb4f1867384286bf56cf337cf18) Importer(815301076,1909f56bfc062723c751e8b465ee728b) (PreviewImporter) -> (artifact id: '836a9f081a05efcb1d10a2ccb7de0f3b') in 0.0115089 seconds
Number of updated asset objects reloaded before import = 0Number of asset objects unloaded after import = 4

========================================================================
Received Import Request.
  Time since last request: 0.000016 seconds.
  path: Assets/FeatherLandAllBird/鹦鹉003RE(1)/鹦鹉003RE/飞行（包含起飞和降落及姿势转换）序列帧/025.png
  artifactKey: Guid(623d1c90fd42e674c809571ffdda8a92) Importer(815301076,1909f56bfc062723c751e8b465ee728b)
Start importing Assets/FeatherLandAllBird/鹦鹉003RE(1)/鹦鹉003RE/飞行（包含起飞和降落及姿势转换）序列帧/025.png using Guid(623d1c90fd42e674c809571ffdda8a92) Importer(815301076,1909f56bfc062723c751e8b465ee728b) (PreviewImporter) -> (artifact id: 'b0c9494fe194ce62ef78149b054635d9') in 0.0088003 seconds
Number of updated asset objects reloaded before import = 0Number of asset objects unloaded after import = 3

========================================================================
Received Import Request.
  Time since last request: 0.029955 seconds.
  path: Assets/FeatherLandAllBird/鹦鹉003RE(1)/鹦鹉003RE/飞行（包含起飞和降落及姿势转换）序列帧/026.png
  artifactKey: Guid(2e462baba42c2e04ea45704a6ac47f73) Importer(815301076,1909f56bfc062723c751e8b465ee728b)
Start importing Assets/FeatherLandAllBird/鹦鹉003RE(1)/鹦鹉003RE/飞行（包含起飞和降落及姿势转换）序列帧/026.png using Guid(2e462baba42c2e04ea45704a6ac47f73) Importer(815301076,1909f56bfc062723c751e8b465ee728b) (PreviewImporter) -> (artifact id: 'f7312de05989a2b46ff8991e8dfc95dd') in 0.0078414 seconds
Number of updated asset objects reloaded before import = 0Number of asset objects unloaded after import = 3

========================================================================
Received Import Request.
  Time since last request: 0.088228 seconds.
  path: Assets/FeatherLandAllBird/鹦鹉003RE(1)/鹦鹉003RE/飞行（包含起飞和降落及姿势转换）序列帧/028.png
  artifactKey: Guid(1fd64ec853a21fc4288179018f6612a2) Importer(815301076,1909f56bfc062723c751e8b465ee728b)
Start importing Assets/FeatherLandAllBird/鹦鹉003RE(1)/鹦鹉003RE/飞行（包含起飞和降落及姿势转换）序列帧/028.png using Guid(1fd64ec853a21fc4288179018f6612a2) Importer(815301076,1909f56bfc062723c751e8b465ee728b) (PreviewImporter) -> (artifact id: '68867cd263aff7d1a15103bc3bea3b27') in 0.0076241 seconds
Number of updated asset objects reloaded before import = 0Number of asset objects unloaded after import = 3

========================================================================
Received Import Request.
  Time since last request: 0.018878 seconds.
  path: Assets/FeatherLandAllBird/鹦鹉003RE(1)/鹦鹉003RE/飞行（包含起飞和降落及姿势转换）序列帧/029.png
  artifactKey: Guid(b1430a1dbd200d54e916b53ea18d74bd) Importer(815301076,1909f56bfc062723c751e8b465ee728b)
Start importing Assets/FeatherLandAllBird/鹦鹉003RE(1)/鹦鹉003RE/飞行（包含起飞和降落及姿势转换）序列帧/029.png using Guid(b1430a1dbd200d54e916b53ea18d74bd) Importer(815301076,1909f56bfc062723c751e8b465ee728b) (PreviewImporter) -> (artifact id: '481eed073171a247bec950e408ea6d97') in 0.008843 seconds
Number of updated asset objects reloaded before import = 0Number of asset objects unloaded after import = 3

========================================================================
Received Import Request.
  Time since last request: 0.008978 seconds.
  path: Assets/FeatherLandAllBird/鹦鹉003RE(1)/鹦鹉003RE/飞行（包含起飞和降落及姿势转换）序列帧/030.png
  artifactKey: Guid(b63c960562efbea4ba72afcb99979beb) Importer(815301076,1909f56bfc062723c751e8b465ee728b)
Start importing Assets/FeatherLandAllBird/鹦鹉003RE(1)/鹦鹉003RE/飞行（包含起飞和降落及姿势转换）序列帧/030.png using Guid(b63c960562efbea4ba72afcb99979beb) Importer(815301076,1909f56bfc062723c751e8b465ee728b) (PreviewImporter) -> (artifact id: '4c181605f741b6675146341c838eaaf8') in 0.0080389 seconds
Number of updated asset objects reloaded before import = 0Number of asset objects unloaded after import = 3

========================================================================
Received Import Request.
  Time since last request: 0.000016 seconds.
  path: Assets/FeatherLandAllBird/鹦鹉003RE(1)/鹦鹉003RE/飞行（包含起飞和降落及姿势转换）序列帧/032.png
  artifactKey: Guid(9d09c42faee54394d8d2819063a087b2) Importer(815301076,1909f56bfc062723c751e8b465ee728b)
Start importing Assets/FeatherLandAllBird/鹦鹉003RE(1)/鹦鹉003RE/飞行（包含起飞和降落及姿势转换）序列帧/032.png using Guid(9d09c42faee54394d8d2819063a087b2) Importer(815301076,1909f56bfc062723c751e8b465ee728b) (PreviewImporter) -> (artifact id: 'd9629943d16579db35e6b35a5a0dfac0') in 0.0081828 seconds
Number of updated asset objects reloaded before import = 0Number of asset objects unloaded after import = 3

========================================================================
Received Import Request.
  Time since last request: 0.008676 seconds.
  path: Assets/FeatherLandAllBird/鹦鹉003RE(1)/鹦鹉003RE/飞行（包含起飞和降落及姿势转换）序列帧/033.png
  artifactKey: Guid(7839006915c36964998ab59e21da80c3) Importer(815301076,1909f56bfc062723c751e8b465ee728b)
Start importing Assets/FeatherLandAllBird/鹦鹉003RE(1)/鹦鹉003RE/飞行（包含起飞和降落及姿势转换）序列帧/033.png using Guid(7839006915c36964998ab59e21da80c3) Importer(815301076,1909f56bfc062723c751e8b465ee728b) (PreviewImporter) -> (artifact id: '0bcfe83f37f0997a90a2df29a11b1131') in 0.0082932 seconds
Number of updated asset objects reloaded before import = 0Number of asset objects unloaded after import = 3

========================================================================
Received Import Request.
  Time since last request: 0.000018 seconds.
  path: Assets/FeatherLandAllBird/鹦鹉003RE(1)/鹦鹉003RE/飞行（包含起飞和降落及姿势转换）序列帧/035.png
  artifactKey: Guid(f307699d6f08f8a4f8ecbdd87fac120f) Importer(815301076,1909f56bfc062723c751e8b465ee728b)
Start importing Assets/FeatherLandAllBird/鹦鹉003RE(1)/鹦鹉003RE/飞行（包含起飞和降落及姿势转换）序列帧/035.png using Guid(f307699d6f08f8a4f8ecbdd87fac120f) Importer(815301076,1909f56bfc062723c751e8b465ee728b) (PreviewImporter) -> (artifact id: '3ff6915547838542956a0b493b787683') in 0.0101209 seconds
Number of updated asset objects reloaded before import = 0Number of asset objects unloaded after import = 3

========================================================================
Received Import Request.
  Time since last request: 0.000016 seconds.
  path: Assets/FeatherLandAllBird/鹦鹉003RE(1)/鹦鹉003RE/飞行（包含起飞和降落及姿势转换）序列帧/037.png
  artifactKey: Guid(f314559890c14634cb27e20bc77b933b) Importer(815301076,1909f56bfc062723c751e8b465ee728b)
Start importing Assets/FeatherLandAllBird/鹦鹉003RE(1)/鹦鹉003RE/飞行（包含起飞和降落及姿势转换）序列帧/037.png using Guid(f314559890c14634cb27e20bc77b933b) Importer(815301076,1909f56bfc062723c751e8b465ee728b) (PreviewImporter) -> (artifact id: 'cbd4af41be603869990123dc86649de7') in 0.0073086 seconds
Number of updated asset objects reloaded before import = 0Number of asset objects unloaded after import = 3

========================================================================
Received Import Request.
  Time since last request: 0.007862 seconds.
  path: Assets/FeatherLandAllBird/鹦鹉003RE(1)/鹦鹉003RE/飞行（包含起飞和降落及姿势转换）序列帧/038.png
  artifactKey: Guid(cda3c01921c932a47b11acbcf8e9ad5f) Importer(815301076,1909f56bfc062723c751e8b465ee728b)
Start importing Assets/FeatherLandAllBird/鹦鹉003RE(1)/鹦鹉003RE/飞行（包含起飞和降落及姿势转换）序列帧/038.png using Guid(cda3c01921c932a47b11acbcf8e9ad5f) Importer(815301076,1909f56bfc062723c751e8b465ee728b) (PreviewImporter) -> (artifact id: '765f8438596b81349b54e5aa63256c8d') in 0.0075984 seconds
Number of updated asset objects reloaded before import = 0Number of asset objects unloaded after import = 3

========================================================================
Received Import Request.
  Time since last request: 0.018597 seconds.
  path: Assets/FeatherLandAllBird/鹦鹉003RE(1)/鹦鹉003RE/飞行（包含起飞和降落及姿势转换）序列帧/039.png
  artifactKey: Guid(02d194a83b619ff41bed2e89755fdcaf) Importer(815301076,1909f56bfc062723c751e8b465ee728b)
Start importing Assets/FeatherLandAllBird/鹦鹉003RE(1)/鹦鹉003RE/飞行（包含起飞和降落及姿势转换）序列帧/039.png using Guid(02d194a83b619ff41bed2e89755fdcaf) Importer(815301076,1909f56bfc062723c751e8b465ee728b) (PreviewImporter) -> (artifact id: 'cf77ffde62cb31d2efe15fb82b8b5ed3') in 0.0084362 seconds
Number of updated asset objects reloaded before import = 0Number of asset objects unloaded after import = 3

========================================================================
Received Import Request.
  Time since last request: 0.020621 seconds.
  path: Assets/FeatherLandAllBird/鹦鹉003RE(1)/鹦鹉003RE/飞行（包含起飞和降落及姿势转换）序列帧/040.png
  artifactKey: Guid(c63c1b4abd7fd354eadf7316cd5ab099) Importer(815301076,1909f56bfc062723c751e8b465ee728b)
Start importing Assets/FeatherLandAllBird/鹦鹉003RE(1)/鹦鹉003RE/飞行（包含起飞和降落及姿势转换）序列帧/040.png using Guid(c63c1b4abd7fd354eadf7316cd5ab099) Importer(815301076,1909f56bfc062723c751e8b465ee728b) (PreviewImporter) -> (artifact id: '035f7d66a7d80de8a2aaafe3b1ec70b4') in 0.0085919 seconds
Number of updated asset objects reloaded before import = 0Number of asset objects unloaded after import = 3

========================================================================
Received Import Request.
  Time since last request: 0.000014 seconds.
  path: Assets/FeatherLandAllBird/鹦鹉003RE(1)/鹦鹉003RE/飞行（包含起飞和降落及姿势转换）序列帧/042.png
  artifactKey: Guid(dd021a7bb1ac27c479cbf5dce4603be8) Importer(815301076,1909f56bfc062723c751e8b465ee728b)
Start importing Assets/FeatherLandAllBird/鹦鹉003RE(1)/鹦鹉003RE/飞行（包含起飞和降落及姿势转换）序列帧/042.png using Guid(dd021a7bb1ac27c479cbf5dce4603be8) Importer(815301076,1909f56bfc062723c751e8b465ee728b) (PreviewImporter) -> (artifact id: '874effbae12caf1d2a12489ce0191283') in 0.0080476 seconds
Number of updated asset objects reloaded before import = 0Number of asset objects unloaded after import = 3

========================================================================
Received Import Request.
  Time since last request: 0.086716 seconds.
  path: Assets/FeatherLandAllBird/鹦鹉003RE(1)/鹦鹉003RE/飞行（包含起飞和降落及姿势转换）序列帧/044.png
  artifactKey: Guid(f39d3f897ece8fe43be8ed0dd3ca6a70) Importer(815301076,1909f56bfc062723c751e8b465ee728b)
Start importing Assets/FeatherLandAllBird/鹦鹉003RE(1)/鹦鹉003RE/飞行（包含起飞和降落及姿势转换）序列帧/044.png using Guid(f39d3f897ece8fe43be8ed0dd3ca6a70) Importer(815301076,1909f56bfc062723c751e8b465ee728b) (PreviewImporter) -> (artifact id: '926800522641c1570afe065edda195b0') in 0.0119427 seconds
Number of updated asset objects reloaded before import = 0Number of asset objects unloaded after import = 3

========================================================================
Received Import Request.
  Time since last request: 0.000046 seconds.
  path: Assets/FeatherLandAllBird/鹦鹉003RE(1)/鹦鹉003RE/飞行（包含起飞和降落及姿势转换）序列帧/049.png
  artifactKey: Guid(161ab8cf563c5e649b42cb894eb49ad8) Importer(815301076,1909f56bfc062723c751e8b465ee728b)
Start importing Assets/FeatherLandAllBird/鹦鹉003RE(1)/鹦鹉003RE/飞行（包含起飞和降落及姿势转换）序列帧/049.png using Guid(161ab8cf563c5e649b42cb894eb49ad8) Importer(815301076,1909f56bfc062723c751e8b465ee728b) (PreviewImporter) -> (artifact id: '85aa863266d964646936e3e097d1b65c') in 0.0109293 seconds
Number of updated asset objects reloaded before import = 0Number of asset objects unloaded after import = 3

========================================================================
Received Import Request.
  Time since last request: 0.088193 seconds.
  path: Assets/FeatherLandAllBird/鹦鹉003RE(1)/鹦鹉003RE/飞行（包含起飞和降落及姿势转换）序列帧/046.png
  artifactKey: Guid(4d768828cde531542886ce1e365f7fe7) Importer(815301076,1909f56bfc062723c751e8b465ee728b)
Start importing Assets/FeatherLandAllBird/鹦鹉003RE(1)/鹦鹉003RE/飞行（包含起飞和降落及姿势转换）序列帧/046.png using Guid(4d768828cde531542886ce1e365f7fe7) Importer(815301076,1909f56bfc062723c751e8b465ee728b) (PreviewImporter) -> (artifact id: '155fac2f58e84627941d800424fd677f') in 0.0097411 seconds
Number of updated asset objects reloaded before import = 0Number of asset objects unloaded after import = 3

========================================================================
Received Import Request.
  Time since last request: 0.000022 seconds.
  path: Assets/FeatherLandAllBird/鹦鹉003RE(1)/鹦鹉003RE/飞行（包含起飞和降落及姿势转换）序列帧/057.png
  artifactKey: Guid(e3b829a234afdfb4a9ff45473fcb5d96) Importer(815301076,1909f56bfc062723c751e8b465ee728b)
Start importing Assets/FeatherLandAllBird/鹦鹉003RE(1)/鹦鹉003RE/飞行（包含起飞和降落及姿势转换）序列帧/057.png using Guid(e3b829a234afdfb4a9ff45473fcb5d96) Importer(815301076,1909f56bfc062723c751e8b465ee728b) (PreviewImporter) -> (artifact id: '2b401ed85b9db398e0fb2d3297b57c74') in 0.0126006 seconds
Number of updated asset objects reloaded before import = 0Number of asset objects unloaded after import = 3

========================================================================
Received Import Request.
  Time since last request: 0.000020 seconds.
  path: Assets/FeatherLandAllBird/鹦鹉003RE(1)/鹦鹉003RE/飞行（包含起飞和降落及姿势转换）序列帧/061.png
  artifactKey: Guid(0681d4eeb7febb849abe2180f110e2b4) Importer(815301076,1909f56bfc062723c751e8b465ee728b)
Start importing Assets/FeatherLandAllBird/鹦鹉003RE(1)/鹦鹉003RE/飞行（包含起飞和降落及姿势转换）序列帧/061.png using Guid(0681d4eeb7febb849abe2180f110e2b4) Importer(815301076,1909f56bfc062723c751e8b465ee728b) (PreviewImporter) -> (artifact id: 'dc58b98af438d9a3d141f16f6b514eb5') in 0.0106538 seconds
Number of updated asset objects reloaded before import = 0Number of asset objects unloaded after import = 3

========================================================================
Received Import Request.
  Time since last request: 1.560091 seconds.
  path: Assets/FeatherLandAllBird/鹦鹉003RE(1)/鹦鹉003RE/飞行（包含起飞和降落及姿势转换）序列帧/073.png
  artifactKey: Guid(cb0e1a2184a31fe4b8ca8ba5e5b48820) Importer(815301076,1909f56bfc062723c751e8b465ee728b)
Start importing Assets/FeatherLandAllBird/鹦鹉003RE(1)/鹦鹉003RE/飞行（包含起飞和降落及姿势转换）序列帧/073.png using Guid(cb0e1a2184a31fe4b8ca8ba5e5b48820) Importer(815301076,1909f56bfc062723c751e8b465ee728b) (PreviewImporter) -> (artifact id: '1ce9c04ec691c38ad21b1dfd8af110d5') in 0.0081126 seconds
Number of updated asset objects reloaded before import = 0Number of asset objects unloaded after import = 3

========================================================================
Received Import Request.
  Time since last request: 0.649727 seconds.
  path: Assets/FeatherLandAllBird/鹦鹉003RE(1)/鹦鹉003RE/飞行（包含起飞和降落及姿势转换）序列帧/069.png
  artifactKey: Guid(2c713502fda6f6a46b49155f7fd814f2) Importer(815301076,1909f56bfc062723c751e8b465ee728b)
Start importing Assets/FeatherLandAllBird/鹦鹉003RE(1)/鹦鹉003RE/飞行（包含起飞和降落及姿势转换）序列帧/069.png using Guid(2c713502fda6f6a46b49155f7fd814f2) Importer(815301076,1909f56bfc062723c751e8b465ee728b) (PreviewImporter) -> (artifact id: 'fe3f45fea28c5da80bcd6d28b318b1ed') in 0.0085871 seconds
Number of updated asset objects reloaded before import = 0Number of asset objects unloaded after import = 3

Editor requested this worker to shutdown with reason: Scaling down because of idle timeout
AssetImportWorker is now disconnected from the server
Process exiting
Exiting without the bug reporter. Application will terminate with return code 0